ARM GAS  C:\Users\Lenovo\AppData\Local\Temp\cct5tFFd.s 			page 1


   1              		.cpu cortex-m3
   2              		.arch armv7-m
   3              		.fpu softvfp
   4              		.eabi_attribute 20, 1
   5              		.eabi_attribute 21, 1
   6              		.eabi_attribute 23, 3
   7              		.eabi_attribute 24, 1
   8              		.eabi_attribute 25, 1
   9              		.eabi_attribute 26, 1
  10              		.eabi_attribute 30, 1
  11              		.eabi_attribute 34, 1
  12              		.eabi_attribute 18, 4
  13              		.file	"BMI088driver.c"
  14              		.text
  15              	.Ltext0:
  16              		.cfi_sections	.debug_frame
  17              		.section	.text.BMI088_write_single_reg,"ax",%progbits
  18              		.align	1
  19              		.syntax unified
  20              		.thumb
  21              		.thumb_func
  23              	BMI088_write_single_reg:
  24              	.LVL0:
  25              	.LFB69:
  26              		.file 1 "BMI088/Src/BMI088driver.c"
   1:BMI088/Src/BMI088driver.c **** #include "BMI088driver.h"
   2:BMI088/Src/BMI088driver.c **** #include "BMI088reg.h"
   3:BMI088/Src/BMI088driver.c **** #include "BMI088Middleware.h"
   4:BMI088/Src/BMI088driver.c **** 
   5:BMI088/Src/BMI088driver.c **** 
   6:BMI088/Src/BMI088driver.c **** fp32 BMI088_ACCEL_SEN = BMI088_ACCEL_3G_SEN;
   7:BMI088/Src/BMI088driver.c **** fp32 BMI088_GYRO_SEN = BMI088_GYRO_2000_SEN;
   8:BMI088/Src/BMI088driver.c **** 
   9:BMI088/Src/BMI088driver.c **** IMU_Data_t BMI088;
  10:BMI088/Src/BMI088driver.c **** 
  11:BMI088/Src/BMI088driver.c **** #if defined(BMI088_USE_SPI)
  12:BMI088/Src/BMI088driver.c **** 
  13:BMI088/Src/BMI088driver.c **** #define BMI088_accel_write_single_reg(reg, data) \
  14:BMI088/Src/BMI088driver.c ****     {                                            \
  15:BMI088/Src/BMI088driver.c ****         BMI088_ACCEL_NS_L();                     \
  16:BMI088/Src/BMI088driver.c ****         BMI088_write_single_reg((reg), (data));  \
  17:BMI088/Src/BMI088driver.c ****         BMI088_ACCEL_NS_H();                     \
  18:BMI088/Src/BMI088driver.c ****     }
  19:BMI088/Src/BMI088driver.c **** #define BMI088_accel_read_single_reg(reg, data) \
  20:BMI088/Src/BMI088driver.c ****     {                                           \
  21:BMI088/Src/BMI088driver.c ****         BMI088_ACCEL_NS_L();                    \
  22:BMI088/Src/BMI088driver.c ****         BMI088_read_write_byte((reg) | 0x80);   \
  23:BMI088/Src/BMI088driver.c ****         BMI088_read_write_byte(0x55);           \
  24:BMI088/Src/BMI088driver.c ****         (data) = BMI088_read_write_byte(0x55);  \
  25:BMI088/Src/BMI088driver.c ****         BMI088_ACCEL_NS_H();                    \
  26:BMI088/Src/BMI088driver.c ****     }
  27:BMI088/Src/BMI088driver.c **** //#define BMI088_accel_write_muli_reg( reg,  data, len) { BMI088_ACCEL_NS_L(); BMI088_write_muli_re
  28:BMI088/Src/BMI088driver.c **** #define BMI088_accel_read_muli_reg(reg, data, len) \
  29:BMI088/Src/BMI088driver.c ****     {                                              \
  30:BMI088/Src/BMI088driver.c ****         BMI088_ACCEL_NS_L();                       \
  31:BMI088/Src/BMI088driver.c ****         BMI088_read_write_byte((reg) | 0x80);      \
  32:BMI088/Src/BMI088driver.c ****         BMI088_read_muli_reg(reg, data, len);      \
ARM GAS  C:\Users\Lenovo\AppData\Local\Temp\cct5tFFd.s 			page 2


  33:BMI088/Src/BMI088driver.c ****         BMI088_ACCEL_NS_H();                       \
  34:BMI088/Src/BMI088driver.c ****     }
  35:BMI088/Src/BMI088driver.c **** 
  36:BMI088/Src/BMI088driver.c **** #define BMI088_gyro_write_single_reg(reg, data) \
  37:BMI088/Src/BMI088driver.c ****     {                                           \
  38:BMI088/Src/BMI088driver.c ****         BMI088_GYRO_NS_L();                     \
  39:BMI088/Src/BMI088driver.c ****         BMI088_write_single_reg((reg), (data)); \
  40:BMI088/Src/BMI088driver.c ****         BMI088_GYRO_NS_H();                     \
  41:BMI088/Src/BMI088driver.c ****     }
  42:BMI088/Src/BMI088driver.c **** #define BMI088_gyro_read_single_reg(reg, data)  \
  43:BMI088/Src/BMI088driver.c ****     {                                           \
  44:BMI088/Src/BMI088driver.c ****         BMI088_GYRO_NS_L();                     \
  45:BMI088/Src/BMI088driver.c ****         BMI088_read_single_reg((reg), &(data)); \
  46:BMI088/Src/BMI088driver.c ****         BMI088_GYRO_NS_H();                     \
  47:BMI088/Src/BMI088driver.c ****     }
  48:BMI088/Src/BMI088driver.c **** //#define BMI088_gyro_write_muli_reg( reg,  data, len) { BMI088_GYRO_NS_L(); BMI088_write_muli_reg(
  49:BMI088/Src/BMI088driver.c **** #define BMI088_gyro_read_muli_reg(reg, data, len)   \
  50:BMI088/Src/BMI088driver.c ****     {                                               \
  51:BMI088/Src/BMI088driver.c ****         BMI088_GYRO_NS_L();                         \
  52:BMI088/Src/BMI088driver.c ****         BMI088_read_muli_reg((reg), (data), (len)); \
  53:BMI088/Src/BMI088driver.c ****         BMI088_GYRO_NS_H();                         \
  54:BMI088/Src/BMI088driver.c ****     }
  55:BMI088/Src/BMI088driver.c **** 
  56:BMI088/Src/BMI088driver.c **** static void BMI088_write_single_reg(uint8_t reg, uint8_t data);
  57:BMI088/Src/BMI088driver.c **** static void BMI088_read_single_reg(uint8_t reg, uint8_t *return_data);
  58:BMI088/Src/BMI088driver.c **** //static void BMI088_write_muli_reg(uint8_t reg, uint8_t* buf, uint8_t len );
  59:BMI088/Src/BMI088driver.c **** static void BMI088_read_muli_reg(uint8_t reg, uint8_t *buf, uint8_t len);
  60:BMI088/Src/BMI088driver.c **** 
  61:BMI088/Src/BMI088driver.c **** #elif defined(BMI088_USE_IIC)
  62:BMI088/Src/BMI088driver.c **** 
  63:BMI088/Src/BMI088driver.c **** 
  64:BMI088/Src/BMI088driver.c **** #endif
  65:BMI088/Src/BMI088driver.c **** 
  66:BMI088/Src/BMI088driver.c **** static uint8_t write_BMI088_accel_reg_data_error[BMI088_WRITE_ACCEL_REG_NUM][3] =
  67:BMI088/Src/BMI088driver.c ****     {
  68:BMI088/Src/BMI088driver.c ****         {BMI088_ACC_PWR_CTRL, BMI088_ACC_ENABLE_ACC_ON, BMI088_ACC_PWR_CTRL_ERROR},
  69:BMI088/Src/BMI088driver.c ****         {BMI088_ACC_PWR_CONF, BMI088_ACC_PWR_ACTIVE_MODE, BMI088_ACC_PWR_CONF_ERROR},
  70:BMI088/Src/BMI088driver.c ****         {BMI088_ACC_CONF,  BMI088_ACC_NORMAL| BMI088_ACC_800_HZ | BMI088_ACC_CONF_MUST_Set, BMI088_
  71:BMI088/Src/BMI088driver.c ****         {BMI088_ACC_RANGE, BMI088_ACC_RANGE_3G, BMI088_ACC_RANGE_ERROR},
  72:BMI088/Src/BMI088driver.c ****         {BMI088_INT1_IO_CTRL, BMI088_ACC_INT1_IO_ENABLE | BMI088_ACC_INT1_GPIO_PP | BMI088_ACC_INT1
  73:BMI088/Src/BMI088driver.c ****         {BMI088_INT_MAP_DATA, BMI088_ACC_INT1_DRDY_INTERRUPT, BMI088_INT_MAP_DATA_ERROR}
  74:BMI088/Src/BMI088driver.c **** 
  75:BMI088/Src/BMI088driver.c **** };
  76:BMI088/Src/BMI088driver.c **** 
  77:BMI088/Src/BMI088driver.c **** static uint8_t write_BMI088_gyro_reg_data_error[BMI088_WRITE_GYRO_REG_NUM][3] =
  78:BMI088/Src/BMI088driver.c ****     {
  79:BMI088/Src/BMI088driver.c ****         {BMI088_GYRO_RANGE, BMI088_GYRO_2000, BMI088_GYRO_RANGE_ERROR},
  80:BMI088/Src/BMI088driver.c ****         {BMI088_GYRO_BANDWIDTH, BMI088_GYRO_1000_116_HZ | BMI088_GYRO_BANDWIDTH_MUST_Set, BMI088_GY
  81:BMI088/Src/BMI088driver.c ****         {BMI088_GYRO_LPM1, BMI088_GYRO_NORMAL_MODE, BMI088_GYRO_LPM1_ERROR},
  82:BMI088/Src/BMI088driver.c ****         {BMI088_GYRO_CTRL, BMI088_DRDY_ON, BMI088_GYRO_CTRL_ERROR},
  83:BMI088/Src/BMI088driver.c ****         {BMI088_GYRO_INT3_INT4_IO_CONF, BMI088_GYRO_INT3_GPIO_PP | BMI088_GYRO_INT3_GPIO_LOW, BMI08
  84:BMI088/Src/BMI088driver.c ****         {BMI088_GYRO_INT3_INT4_IO_MAP, BMI088_GYRO_DRDY_IO_INT3, BMI088_GYRO_INT3_INT4_IO_MAP_ERROR
  85:BMI088/Src/BMI088driver.c **** 
  86:BMI088/Src/BMI088driver.c **** };
  87:BMI088/Src/BMI088driver.c **** 
  88:BMI088/Src/BMI088driver.c **** uint8_t BMI088_init(void)
  89:BMI088/Src/BMI088driver.c **** {
ARM GAS  C:\Users\Lenovo\AppData\Local\Temp\cct5tFFd.s 			page 3


  90:BMI088/Src/BMI088driver.c ****     uint8_t error = BMI088_NO_ERROR;
  91:BMI088/Src/BMI088driver.c ****     // GPIO and SPI  Init .
  92:BMI088/Src/BMI088driver.c ****     BMI088_GPIO_init();
  93:BMI088/Src/BMI088driver.c ****     BMI088_com_init();
  94:BMI088/Src/BMI088driver.c **** 
  95:BMI088/Src/BMI088driver.c ****     error |= bmi088_accel_init();
  96:BMI088/Src/BMI088driver.c ****     error |= bmi088_gyro_init();
  97:BMI088/Src/BMI088driver.c **** 
  98:BMI088/Src/BMI088driver.c ****     return error;
  99:BMI088/Src/BMI088driver.c **** }
 100:BMI088/Src/BMI088driver.c **** 
 101:BMI088/Src/BMI088driver.c **** bool_t bmi088_accel_init(void)
 102:BMI088/Src/BMI088driver.c **** {
 103:BMI088/Src/BMI088driver.c ****     uint8_t res = 0;
 104:BMI088/Src/BMI088driver.c ****     uint8_t write_reg_num = 0;
 105:BMI088/Src/BMI088driver.c **** 
 106:BMI088/Src/BMI088driver.c ****     //check commiunication
 107:BMI088/Src/BMI088driver.c ****     BMI088_accel_read_single_reg(BMI088_ACC_CHIP_ID, res);
 108:BMI088/Src/BMI088driver.c ****     BMI088_delay_us(BMI088_COM_WAIT_SENSOR_TIME);
 109:BMI088/Src/BMI088driver.c ****     BMI088_accel_read_single_reg(BMI088_ACC_CHIP_ID, res);
 110:BMI088/Src/BMI088driver.c ****     BMI088_delay_us(BMI088_COM_WAIT_SENSOR_TIME);
 111:BMI088/Src/BMI088driver.c **** 
 112:BMI088/Src/BMI088driver.c ****     //accel software reset
 113:BMI088/Src/BMI088driver.c ****     BMI088_accel_write_single_reg(BMI088_ACC_SOFTRESET, BMI088_ACC_SOFTRESET_VALUE);
 114:BMI088/Src/BMI088driver.c ****     BMI088_delay_ms(BMI088_LONG_DELAY_TIME);
 115:BMI088/Src/BMI088driver.c **** 
 116:BMI088/Src/BMI088driver.c ****     //check commiunication is normal after reset
 117:BMI088/Src/BMI088driver.c ****     BMI088_accel_read_single_reg(BMI088_ACC_CHIP_ID, res);
 118:BMI088/Src/BMI088driver.c ****     BMI088_delay_us(BMI088_COM_WAIT_SENSOR_TIME);
 119:BMI088/Src/BMI088driver.c ****     BMI088_accel_read_single_reg(BMI088_ACC_CHIP_ID, res);
 120:BMI088/Src/BMI088driver.c ****     BMI088_delay_us(BMI088_COM_WAIT_SENSOR_TIME);
 121:BMI088/Src/BMI088driver.c **** 
 122:BMI088/Src/BMI088driver.c ****     // check the "who am I"
 123:BMI088/Src/BMI088driver.c ****     if (res != BMI088_ACC_CHIP_ID_VALUE)
 124:BMI088/Src/BMI088driver.c ****     {
 125:BMI088/Src/BMI088driver.c ****         return BMI088_NO_SENSOR;
 126:BMI088/Src/BMI088driver.c ****     }
 127:BMI088/Src/BMI088driver.c **** 
 128:BMI088/Src/BMI088driver.c ****     //set accel sonsor config and check
 129:BMI088/Src/BMI088driver.c ****     for (write_reg_num = 0; write_reg_num < BMI088_WRITE_ACCEL_REG_NUM; write_reg_num++)
 130:BMI088/Src/BMI088driver.c ****     {
 131:BMI088/Src/BMI088driver.c **** 
 132:BMI088/Src/BMI088driver.c ****         BMI088_accel_write_single_reg(write_BMI088_accel_reg_data_error[write_reg_num][0], write_BM
 133:BMI088/Src/BMI088driver.c ****         BMI088_delay_us(BMI088_COM_WAIT_SENSOR_TIME);
 134:BMI088/Src/BMI088driver.c **** 
 135:BMI088/Src/BMI088driver.c ****         BMI088_accel_read_single_reg(write_BMI088_accel_reg_data_error[write_reg_num][0], res);
 136:BMI088/Src/BMI088driver.c ****         BMI088_delay_us(BMI088_COM_WAIT_SENSOR_TIME);
 137:BMI088/Src/BMI088driver.c **** 
 138:BMI088/Src/BMI088driver.c ****         if (res != write_BMI088_accel_reg_data_error[write_reg_num][1])
 139:BMI088/Src/BMI088driver.c ****         {
 140:BMI088/Src/BMI088driver.c ****             return write_BMI088_accel_reg_data_error[write_reg_num][2];
 141:BMI088/Src/BMI088driver.c ****         }
 142:BMI088/Src/BMI088driver.c ****     }
 143:BMI088/Src/BMI088driver.c ****     return BMI088_NO_ERROR;
 144:BMI088/Src/BMI088driver.c **** }
 145:BMI088/Src/BMI088driver.c **** 
 146:BMI088/Src/BMI088driver.c **** bool_t bmi088_gyro_init(void)
ARM GAS  C:\Users\Lenovo\AppData\Local\Temp\cct5tFFd.s 			page 4


 147:BMI088/Src/BMI088driver.c **** {
 148:BMI088/Src/BMI088driver.c ****     uint8_t write_reg_num = 0;
 149:BMI088/Src/BMI088driver.c ****     uint8_t res = 0;
 150:BMI088/Src/BMI088driver.c **** 
 151:BMI088/Src/BMI088driver.c ****     //check commiunication
 152:BMI088/Src/BMI088driver.c ****     BMI088_gyro_read_single_reg(BMI088_GYRO_CHIP_ID, res);
 153:BMI088/Src/BMI088driver.c ****     BMI088_delay_us(BMI088_COM_WAIT_SENSOR_TIME);
 154:BMI088/Src/BMI088driver.c ****     BMI088_gyro_read_single_reg(BMI088_GYRO_CHIP_ID, res);
 155:BMI088/Src/BMI088driver.c ****     BMI088_delay_us(BMI088_COM_WAIT_SENSOR_TIME);
 156:BMI088/Src/BMI088driver.c **** 
 157:BMI088/Src/BMI088driver.c ****     //reset the gyro sensor
 158:BMI088/Src/BMI088driver.c ****     BMI088_gyro_write_single_reg(BMI088_GYRO_SOFTRESET, BMI088_GYRO_SOFTRESET_VALUE);
 159:BMI088/Src/BMI088driver.c ****     BMI088_delay_ms(BMI088_LONG_DELAY_TIME);
 160:BMI088/Src/BMI088driver.c ****     //check commiunication is normal after reset
 161:BMI088/Src/BMI088driver.c ****     BMI088_gyro_read_single_reg(BMI088_GYRO_CHIP_ID, res);
 162:BMI088/Src/BMI088driver.c ****     BMI088_delay_us(BMI088_COM_WAIT_SENSOR_TIME);
 163:BMI088/Src/BMI088driver.c ****     BMI088_gyro_read_single_reg(BMI088_GYRO_CHIP_ID, res);
 164:BMI088/Src/BMI088driver.c ****     BMI088_delay_us(BMI088_COM_WAIT_SENSOR_TIME);
 165:BMI088/Src/BMI088driver.c **** 
 166:BMI088/Src/BMI088driver.c ****     // check the "who am I"
 167:BMI088/Src/BMI088driver.c ****     if (res != BMI088_GYRO_CHIP_ID_VALUE)
 168:BMI088/Src/BMI088driver.c ****     {
 169:BMI088/Src/BMI088driver.c ****         return BMI088_NO_SENSOR;
 170:BMI088/Src/BMI088driver.c ****     }
 171:BMI088/Src/BMI088driver.c **** 
 172:BMI088/Src/BMI088driver.c ****     //set gyro sonsor config and check
 173:BMI088/Src/BMI088driver.c ****     for (write_reg_num = 0; write_reg_num < BMI088_WRITE_GYRO_REG_NUM; write_reg_num++)
 174:BMI088/Src/BMI088driver.c ****     {
 175:BMI088/Src/BMI088driver.c **** 
 176:BMI088/Src/BMI088driver.c ****         BMI088_gyro_write_single_reg(write_BMI088_gyro_reg_data_error[write_reg_num][0], write_BMI0
 177:BMI088/Src/BMI088driver.c ****         BMI088_delay_us(BMI088_COM_WAIT_SENSOR_TIME);
 178:BMI088/Src/BMI088driver.c **** 
 179:BMI088/Src/BMI088driver.c ****         BMI088_gyro_read_single_reg(write_BMI088_gyro_reg_data_error[write_reg_num][0], res);
 180:BMI088/Src/BMI088driver.c ****         BMI088_delay_us(BMI088_COM_WAIT_SENSOR_TIME);
 181:BMI088/Src/BMI088driver.c **** 
 182:BMI088/Src/BMI088driver.c ****         if (res != write_BMI088_gyro_reg_data_error[write_reg_num][1])
 183:BMI088/Src/BMI088driver.c ****         {
 184:BMI088/Src/BMI088driver.c ****             return write_BMI088_gyro_reg_data_error[write_reg_num][2];
 185:BMI088/Src/BMI088driver.c ****         }
 186:BMI088/Src/BMI088driver.c ****     }
 187:BMI088/Src/BMI088driver.c **** 
 188:BMI088/Src/BMI088driver.c ****     return BMI088_NO_ERROR;
 189:BMI088/Src/BMI088driver.c **** }
 190:BMI088/Src/BMI088driver.c **** 
 191:BMI088/Src/BMI088driver.c **** 
 192:BMI088/Src/BMI088driver.c **** 
 193:BMI088/Src/BMI088driver.c **** void BMI088_read(IMU_Data_t *data)
 194:BMI088/Src/BMI088driver.c **** {
 195:BMI088/Src/BMI088driver.c ****     uint8_t buf[8] = {0, 0, 0, 0, 0, 0};
 196:BMI088/Src/BMI088driver.c ****     int16_t bmi088_raw_temp;
 197:BMI088/Src/BMI088driver.c **** 
 198:BMI088/Src/BMI088driver.c ****     BMI088_accel_read_muli_reg(BMI088_ACCEL_XOUT_L, buf, 6);
 199:BMI088/Src/BMI088driver.c **** 
 200:BMI088/Src/BMI088driver.c ****     bmi088_raw_temp = (int16_t)((buf[1]) << 8) | buf[0];
 201:BMI088/Src/BMI088driver.c ****     data->Accel[0] = bmi088_raw_temp * BMI088_ACCEL_SEN;
 202:BMI088/Src/BMI088driver.c ****     bmi088_raw_temp = (int16_t)((buf[3]) << 8) | buf[2];
 203:BMI088/Src/BMI088driver.c ****     data->Accel[1] = bmi088_raw_temp * BMI088_ACCEL_SEN;
ARM GAS  C:\Users\Lenovo\AppData\Local\Temp\cct5tFFd.s 			page 5


 204:BMI088/Src/BMI088driver.c ****     bmi088_raw_temp = (int16_t)((buf[5]) << 8) | buf[4];
 205:BMI088/Src/BMI088driver.c ****     data->Accel[2] = bmi088_raw_temp * BMI088_ACCEL_SEN;
 206:BMI088/Src/BMI088driver.c **** 
 207:BMI088/Src/BMI088driver.c ****     BMI088_gyro_read_muli_reg(BMI088_GYRO_CHIP_ID, buf, 8);
 208:BMI088/Src/BMI088driver.c ****     if(buf[0] == BMI088_GYRO_CHIP_ID_VALUE)
 209:BMI088/Src/BMI088driver.c ****     {
 210:BMI088/Src/BMI088driver.c ****         bmi088_raw_temp = (int16_t)((buf[3]) << 8) | buf[2];
 211:BMI088/Src/BMI088driver.c ****         data->Gyro[0] = bmi088_raw_temp * BMI088_GYRO_SEN;
 212:BMI088/Src/BMI088driver.c ****         bmi088_raw_temp = (int16_t)((buf[5]) << 8) | buf[4];
 213:BMI088/Src/BMI088driver.c ****         data->Gyro[1] = bmi088_raw_temp * BMI088_GYRO_SEN;
 214:BMI088/Src/BMI088driver.c ****         bmi088_raw_temp = (int16_t)((buf[7]) << 8) | buf[6];
 215:BMI088/Src/BMI088driver.c ****         data->Gyro[2] = bmi088_raw_temp * BMI088_GYRO_SEN;
 216:BMI088/Src/BMI088driver.c ****     }
 217:BMI088/Src/BMI088driver.c ****     BMI088_accel_read_muli_reg(BMI088_TEMP_M, buf, 2);
 218:BMI088/Src/BMI088driver.c **** 
 219:BMI088/Src/BMI088driver.c ****     bmi088_raw_temp = (int16_t)((buf[0] << 3) | (buf[1] >> 5));
 220:BMI088/Src/BMI088driver.c **** 
 221:BMI088/Src/BMI088driver.c ****     if (bmi088_raw_temp > 1023)
 222:BMI088/Src/BMI088driver.c ****     {
 223:BMI088/Src/BMI088driver.c ****         bmi088_raw_temp -= 2048;
 224:BMI088/Src/BMI088driver.c ****     }
 225:BMI088/Src/BMI088driver.c **** 
 226:BMI088/Src/BMI088driver.c ****     data->Temperature = bmi088_raw_temp * BMI088_TEMP_FACTOR + BMI088_TEMP_OFFSET;
 227:BMI088/Src/BMI088driver.c **** }
 228:BMI088/Src/BMI088driver.c **** 
 229:BMI088/Src/BMI088driver.c **** #if defined(BMI088_USE_SPI)
 230:BMI088/Src/BMI088driver.c **** 
 231:BMI088/Src/BMI088driver.c **** static void BMI088_write_single_reg(uint8_t reg, uint8_t data)
 232:BMI088/Src/BMI088driver.c **** {
  27              		.loc 1 232 1 view -0
  28              		.cfi_startproc
  29              		@ args = 0, pretend = 0, frame = 0
  30              		@ frame_needed = 0, uses_anonymous_args = 0
  31              		.loc 1 232 1 is_stmt 0 view .LVU1
  32 0000 10B5     		push	{r4, lr}
  33              	.LCFI0:
  34              		.cfi_def_cfa_offset 8
  35              		.cfi_offset 4, -8
  36              		.cfi_offset 14, -4
  37 0002 0C46     		mov	r4, r1
 233:BMI088/Src/BMI088driver.c ****     BMI088_read_write_byte(reg);
  38              		.loc 1 233 5 is_stmt 1 view .LVU2
  39 0004 FFF7FEFF 		bl	BMI088_read_write_byte
  40              	.LVL1:
 234:BMI088/Src/BMI088driver.c ****     BMI088_read_write_byte(data);
  41              		.loc 1 234 5 view .LVU3
  42 0008 2046     		mov	r0, r4
  43 000a FFF7FEFF 		bl	BMI088_read_write_byte
  44              	.LVL2:
 235:BMI088/Src/BMI088driver.c **** }
  45              		.loc 1 235 1 is_stmt 0 view .LVU4
  46 000e 10BD     		pop	{r4, pc}
  47              		.cfi_endproc
  48              	.LFE69:
  50              		.section	.text.BMI088_read_single_reg,"ax",%progbits
  51              		.align	1
  52              		.syntax unified
ARM GAS  C:\Users\Lenovo\AppData\Local\Temp\cct5tFFd.s 			page 6


  53              		.thumb
  54              		.thumb_func
  56              	BMI088_read_single_reg:
  57              	.LVL3:
  58              	.LFB70:
 236:BMI088/Src/BMI088driver.c **** 
 237:BMI088/Src/BMI088driver.c **** static void BMI088_read_single_reg(uint8_t reg, uint8_t *return_data)
 238:BMI088/Src/BMI088driver.c **** {
  59              		.loc 1 238 1 is_stmt 1 view -0
  60              		.cfi_startproc
  61              		@ args = 0, pretend = 0, frame = 0
  62              		@ frame_needed = 0, uses_anonymous_args = 0
  63              		.loc 1 238 1 is_stmt 0 view .LVU6
  64 0000 10B5     		push	{r4, lr}
  65              	.LCFI1:
  66              		.cfi_def_cfa_offset 8
  67              		.cfi_offset 4, -8
  68              		.cfi_offset 14, -4
  69 0002 0C46     		mov	r4, r1
 239:BMI088/Src/BMI088driver.c ****     BMI088_read_write_byte(reg | 0x80);
  70              		.loc 1 239 5 is_stmt 1 view .LVU7
  71 0004 40F08000 		orr	r0, r0, #128
  72              	.LVL4:
  73              		.loc 1 239 5 is_stmt 0 view .LVU8
  74 0008 FFF7FEFF 		bl	BMI088_read_write_byte
  75              	.LVL5:
 240:BMI088/Src/BMI088driver.c ****     *return_data = BMI088_read_write_byte(0x55);
  76              		.loc 1 240 5 is_stmt 1 view .LVU9
  77              		.loc 1 240 20 is_stmt 0 view .LVU10
  78 000c 5520     		movs	r0, #85
  79 000e FFF7FEFF 		bl	BMI088_read_write_byte
  80              	.LVL6:
  81              		.loc 1 240 18 view .LVU11
  82 0012 2070     		strb	r0, [r4]
 241:BMI088/Src/BMI088driver.c **** }
  83              		.loc 1 241 1 view .LVU12
  84 0014 10BD     		pop	{r4, pc}
  85              		.loc 1 241 1 view .LVU13
  86              		.cfi_endproc
  87              	.LFE70:
  89              		.section	.text.BMI088_read_muli_reg,"ax",%progbits
  90              		.align	1
  91              		.syntax unified
  92              		.thumb
  93              		.thumb_func
  95              	BMI088_read_muli_reg:
  96              	.LVL7:
  97              	.LFB71:
 242:BMI088/Src/BMI088driver.c **** 
 243:BMI088/Src/BMI088driver.c **** //static void BMI088_write_muli_reg(uint8_t reg, uint8_t* buf, uint8_t len )
 244:BMI088/Src/BMI088driver.c **** //{
 245:BMI088/Src/BMI088driver.c **** //    BMI088_read_write_byte( reg );
 246:BMI088/Src/BMI088driver.c **** //    while( len != 0 )
 247:BMI088/Src/BMI088driver.c **** //    {
 248:BMI088/Src/BMI088driver.c **** 
 249:BMI088/Src/BMI088driver.c **** //        BMI088_read_write_byte( *buf );
 250:BMI088/Src/BMI088driver.c **** //        buf ++;
ARM GAS  C:\Users\Lenovo\AppData\Local\Temp\cct5tFFd.s 			page 7


 251:BMI088/Src/BMI088driver.c **** //        len --;
 252:BMI088/Src/BMI088driver.c **** //    }
 253:BMI088/Src/BMI088driver.c **** 
 254:BMI088/Src/BMI088driver.c **** //}
 255:BMI088/Src/BMI088driver.c **** 
 256:BMI088/Src/BMI088driver.c **** static void BMI088_read_muli_reg(uint8_t reg, uint8_t *buf, uint8_t len)
 257:BMI088/Src/BMI088driver.c **** {
  98              		.loc 1 257 1 is_stmt 1 view -0
  99              		.cfi_startproc
 100              		@ args = 0, pretend = 0, frame = 0
 101              		@ frame_needed = 0, uses_anonymous_args = 0
 102              		.loc 1 257 1 is_stmt 0 view .LVU15
 103 0000 38B5     		push	{r3, r4, r5, lr}
 104              	.LCFI2:
 105              		.cfi_def_cfa_offset 16
 106              		.cfi_offset 3, -16
 107              		.cfi_offset 4, -12
 108              		.cfi_offset 5, -8
 109              		.cfi_offset 14, -4
 110 0002 0D46     		mov	r5, r1
 111 0004 1446     		mov	r4, r2
 258:BMI088/Src/BMI088driver.c ****     BMI088_read_write_byte(reg | 0x80);
 112              		.loc 1 258 5 is_stmt 1 view .LVU16
 113 0006 40F08000 		orr	r0, r0, #128
 114              	.LVL8:
 115              		.loc 1 258 5 is_stmt 0 view .LVU17
 116 000a FFF7FEFF 		bl	BMI088_read_write_byte
 117              	.LVL9:
 259:BMI088/Src/BMI088driver.c **** 
 260:BMI088/Src/BMI088driver.c ****     while (len != 0)
 118              		.loc 1 260 5 is_stmt 1 view .LVU18
 119              		.loc 1 260 11 is_stmt 0 view .LVU19
 120 000e 06E0     		b	.L6
 121              	.LVL10:
 122              	.L7:
 261:BMI088/Src/BMI088driver.c ****     {
 262:BMI088/Src/BMI088driver.c **** 
 263:BMI088/Src/BMI088driver.c ****         *buf = BMI088_read_write_byte(0x55);
 123              		.loc 1 263 9 is_stmt 1 view .LVU20
 124              		.loc 1 263 16 is_stmt 0 view .LVU21
 125 0010 5520     		movs	r0, #85
 126 0012 FFF7FEFF 		bl	BMI088_read_write_byte
 127              	.LVL11:
 128              		.loc 1 263 14 view .LVU22
 129 0016 05F8010B 		strb	r0, [r5], #1
 130              	.LVL12:
 264:BMI088/Src/BMI088driver.c ****         buf++;
 131              		.loc 1 264 9 is_stmt 1 view .LVU23
 265:BMI088/Src/BMI088driver.c ****         len--;
 132              		.loc 1 265 9 view .LVU24
 133              		.loc 1 265 12 is_stmt 0 view .LVU25
 134 001a 013C     		subs	r4, r4, #1
 135              	.LVL13:
 136              		.loc 1 265 12 view .LVU26
 137 001c E4B2     		uxtb	r4, r4
 138              	.LVL14:
 139              	.L6:
ARM GAS  C:\Users\Lenovo\AppData\Local\Temp\cct5tFFd.s 			page 8


 260:BMI088/Src/BMI088driver.c ****     {
 140              		.loc 1 260 11 is_stmt 1 view .LVU27
 141 001e 002C     		cmp	r4, #0
 142 0020 F6D1     		bne	.L7
 266:BMI088/Src/BMI088driver.c ****     }
 267:BMI088/Src/BMI088driver.c **** }
 143              		.loc 1 267 1 is_stmt 0 view .LVU28
 144 0022 38BD     		pop	{r3, r4, r5, pc}
 145              		.loc 1 267 1 view .LVU29
 146              		.cfi_endproc
 147              	.LFE71:
 149              		.section	.text.bmi088_accel_init,"ax",%progbits
 150              		.align	1
 151              		.global	bmi088_accel_init
 152              		.syntax unified
 153              		.thumb
 154              		.thumb_func
 156              	bmi088_accel_init:
 157              	.LFB66:
 102:BMI088/Src/BMI088driver.c ****     uint8_t res = 0;
 158              		.loc 1 102 1 is_stmt 1 view -0
 159              		.cfi_startproc
 160              		@ args = 0, pretend = 0, frame = 0
 161              		@ frame_needed = 0, uses_anonymous_args = 0
 162 0000 F8B5     		push	{r3, r4, r5, r6, r7, lr}
 163              	.LCFI3:
 164              		.cfi_def_cfa_offset 24
 165              		.cfi_offset 3, -24
 166              		.cfi_offset 4, -20
 167              		.cfi_offset 5, -16
 168              		.cfi_offset 6, -12
 169              		.cfi_offset 7, -8
 170              		.cfi_offset 14, -4
 103:BMI088/Src/BMI088driver.c ****     uint8_t write_reg_num = 0;
 171              		.loc 1 103 5 view .LVU31
 172              	.LVL15:
 104:BMI088/Src/BMI088driver.c **** 
 173              		.loc 1 104 5 view .LVU32
 107:BMI088/Src/BMI088driver.c ****     BMI088_delay_us(BMI088_COM_WAIT_SENSOR_TIME);
 174              		.loc 1 107 5 view .LVU33
 175 0002 FFF7FEFF 		bl	BMI088_ACCEL_NS_L
 176              	.LVL16:
 107:BMI088/Src/BMI088driver.c ****     BMI088_delay_us(BMI088_COM_WAIT_SENSOR_TIME);
 177              		.loc 1 107 5 view .LVU34
 178 0006 8020     		movs	r0, #128
 179 0008 FFF7FEFF 		bl	BMI088_read_write_byte
 180              	.LVL17:
 107:BMI088/Src/BMI088driver.c ****     BMI088_delay_us(BMI088_COM_WAIT_SENSOR_TIME);
 181              		.loc 1 107 5 view .LVU35
 182 000c 5520     		movs	r0, #85
 183 000e FFF7FEFF 		bl	BMI088_read_write_byte
 184              	.LVL18:
 107:BMI088/Src/BMI088driver.c ****     BMI088_delay_us(BMI088_COM_WAIT_SENSOR_TIME);
 185              		.loc 1 107 5 view .LVU36
 186 0012 5520     		movs	r0, #85
 187 0014 FFF7FEFF 		bl	BMI088_read_write_byte
 188              	.LVL19:
ARM GAS  C:\Users\Lenovo\AppData\Local\Temp\cct5tFFd.s 			page 9


 107:BMI088/Src/BMI088driver.c ****     BMI088_delay_us(BMI088_COM_WAIT_SENSOR_TIME);
 189              		.loc 1 107 5 view .LVU37
 190 0018 FFF7FEFF 		bl	BMI088_ACCEL_NS_H
 191              	.LVL20:
 107:BMI088/Src/BMI088driver.c ****     BMI088_delay_us(BMI088_COM_WAIT_SENSOR_TIME);
 192              		.loc 1 107 58 view .LVU38
 108:BMI088/Src/BMI088driver.c ****     BMI088_accel_read_single_reg(BMI088_ACC_CHIP_ID, res);
 193              		.loc 1 108 5 view .LVU39
 194 001c 9620     		movs	r0, #150
 195 001e FFF7FEFF 		bl	BMI088_delay_us
 196              	.LVL21:
 109:BMI088/Src/BMI088driver.c ****     BMI088_delay_us(BMI088_COM_WAIT_SENSOR_TIME);
 197              		.loc 1 109 5 view .LVU40
 198 0022 FFF7FEFF 		bl	BMI088_ACCEL_NS_L
 199              	.LVL22:
 109:BMI088/Src/BMI088driver.c ****     BMI088_delay_us(BMI088_COM_WAIT_SENSOR_TIME);
 200              		.loc 1 109 5 view .LVU41
 201 0026 8020     		movs	r0, #128
 202 0028 FFF7FEFF 		bl	BMI088_read_write_byte
 203              	.LVL23:
 109:BMI088/Src/BMI088driver.c ****     BMI088_delay_us(BMI088_COM_WAIT_SENSOR_TIME);
 204              		.loc 1 109 5 view .LVU42
 205 002c 5520     		movs	r0, #85
 206 002e FFF7FEFF 		bl	BMI088_read_write_byte
 207              	.LVL24:
 109:BMI088/Src/BMI088driver.c ****     BMI088_delay_us(BMI088_COM_WAIT_SENSOR_TIME);
 208              		.loc 1 109 5 view .LVU43
 209 0032 5520     		movs	r0, #85
 210 0034 FFF7FEFF 		bl	BMI088_read_write_byte
 211              	.LVL25:
 109:BMI088/Src/BMI088driver.c ****     BMI088_delay_us(BMI088_COM_WAIT_SENSOR_TIME);
 212              		.loc 1 109 5 view .LVU44
 213 0038 FFF7FEFF 		bl	BMI088_ACCEL_NS_H
 214              	.LVL26:
 109:BMI088/Src/BMI088driver.c ****     BMI088_delay_us(BMI088_COM_WAIT_SENSOR_TIME);
 215              		.loc 1 109 58 view .LVU45
 110:BMI088/Src/BMI088driver.c **** 
 216              		.loc 1 110 5 view .LVU46
 217 003c 9620     		movs	r0, #150
 218 003e FFF7FEFF 		bl	BMI088_delay_us
 219              	.LVL27:
 113:BMI088/Src/BMI088driver.c ****     BMI088_delay_ms(BMI088_LONG_DELAY_TIME);
 220              		.loc 1 113 5 view .LVU47
 221 0042 FFF7FEFF 		bl	BMI088_ACCEL_NS_L
 222              	.LVL28:
 113:BMI088/Src/BMI088driver.c ****     BMI088_delay_ms(BMI088_LONG_DELAY_TIME);
 223              		.loc 1 113 5 view .LVU48
 224 0046 B621     		movs	r1, #182
 225 0048 7E20     		movs	r0, #126
 226 004a FFF7FEFF 		bl	BMI088_write_single_reg
 227              	.LVL29:
 113:BMI088/Src/BMI088driver.c ****     BMI088_delay_ms(BMI088_LONG_DELAY_TIME);
 228              		.loc 1 113 5 view .LVU49
 229 004e FFF7FEFF 		bl	BMI088_ACCEL_NS_H
 230              	.LVL30:
 113:BMI088/Src/BMI088driver.c ****     BMI088_delay_ms(BMI088_LONG_DELAY_TIME);
 231              		.loc 1 113 84 view .LVU50
ARM GAS  C:\Users\Lenovo\AppData\Local\Temp\cct5tFFd.s 			page 10


 114:BMI088/Src/BMI088driver.c **** 
 232              		.loc 1 114 5 view .LVU51
 233 0052 5020     		movs	r0, #80
 234 0054 FFF7FEFF 		bl	BMI088_delay_ms
 235              	.LVL31:
 117:BMI088/Src/BMI088driver.c ****     BMI088_delay_us(BMI088_COM_WAIT_SENSOR_TIME);
 236              		.loc 1 117 5 view .LVU52
 237 0058 FFF7FEFF 		bl	BMI088_ACCEL_NS_L
 238              	.LVL32:
 117:BMI088/Src/BMI088driver.c ****     BMI088_delay_us(BMI088_COM_WAIT_SENSOR_TIME);
 239              		.loc 1 117 5 view .LVU53
 240 005c 8020     		movs	r0, #128
 241 005e FFF7FEFF 		bl	BMI088_read_write_byte
 242              	.LVL33:
 117:BMI088/Src/BMI088driver.c ****     BMI088_delay_us(BMI088_COM_WAIT_SENSOR_TIME);
 243              		.loc 1 117 5 view .LVU54
 244 0062 5520     		movs	r0, #85
 245 0064 FFF7FEFF 		bl	BMI088_read_write_byte
 246              	.LVL34:
 117:BMI088/Src/BMI088driver.c ****     BMI088_delay_us(BMI088_COM_WAIT_SENSOR_TIME);
 247              		.loc 1 117 5 view .LVU55
 248 0068 5520     		movs	r0, #85
 249 006a FFF7FEFF 		bl	BMI088_read_write_byte
 250              	.LVL35:
 117:BMI088/Src/BMI088driver.c ****     BMI088_delay_us(BMI088_COM_WAIT_SENSOR_TIME);
 251              		.loc 1 117 5 view .LVU56
 252 006e FFF7FEFF 		bl	BMI088_ACCEL_NS_H
 253              	.LVL36:
 117:BMI088/Src/BMI088driver.c ****     BMI088_delay_us(BMI088_COM_WAIT_SENSOR_TIME);
 254              		.loc 1 117 58 view .LVU57
 118:BMI088/Src/BMI088driver.c ****     BMI088_accel_read_single_reg(BMI088_ACC_CHIP_ID, res);
 255              		.loc 1 118 5 view .LVU58
 256 0072 9620     		movs	r0, #150
 257 0074 FFF7FEFF 		bl	BMI088_delay_us
 258              	.LVL37:
 119:BMI088/Src/BMI088driver.c ****     BMI088_delay_us(BMI088_COM_WAIT_SENSOR_TIME);
 259              		.loc 1 119 5 view .LVU59
 260 0078 FFF7FEFF 		bl	BMI088_ACCEL_NS_L
 261              	.LVL38:
 119:BMI088/Src/BMI088driver.c ****     BMI088_delay_us(BMI088_COM_WAIT_SENSOR_TIME);
 262              		.loc 1 119 5 view .LVU60
 263 007c 8020     		movs	r0, #128
 264 007e FFF7FEFF 		bl	BMI088_read_write_byte
 265              	.LVL39:
 119:BMI088/Src/BMI088driver.c ****     BMI088_delay_us(BMI088_COM_WAIT_SENSOR_TIME);
 266              		.loc 1 119 5 view .LVU61
 267 0082 5520     		movs	r0, #85
 268 0084 FFF7FEFF 		bl	BMI088_read_write_byte
 269              	.LVL40:
 119:BMI088/Src/BMI088driver.c ****     BMI088_delay_us(BMI088_COM_WAIT_SENSOR_TIME);
 270              		.loc 1 119 5 view .LVU62
 271 0088 5520     		movs	r0, #85
 272 008a FFF7FEFF 		bl	BMI088_read_write_byte
 273              	.LVL41:
 274 008e 0446     		mov	r4, r0
 275              	.LVL42:
 119:BMI088/Src/BMI088driver.c ****     BMI088_delay_us(BMI088_COM_WAIT_SENSOR_TIME);
ARM GAS  C:\Users\Lenovo\AppData\Local\Temp\cct5tFFd.s 			page 11


 276              		.loc 1 119 5 view .LVU63
 277 0090 FFF7FEFF 		bl	BMI088_ACCEL_NS_H
 278              	.LVL43:
 119:BMI088/Src/BMI088driver.c ****     BMI088_delay_us(BMI088_COM_WAIT_SENSOR_TIME);
 279              		.loc 1 119 58 view .LVU64
 120:BMI088/Src/BMI088driver.c **** 
 280              		.loc 1 120 5 view .LVU65
 281 0094 9620     		movs	r0, #150
 282 0096 FFF7FEFF 		bl	BMI088_delay_us
 283              	.LVL44:
 123:BMI088/Src/BMI088driver.c ****     {
 284              		.loc 1 123 5 view .LVU66
 123:BMI088/Src/BMI088driver.c ****     {
 285              		.loc 1 123 8 is_stmt 0 view .LVU67
 286 009a 1E2C     		cmp	r4, #30
 287 009c 32D1     		bne	.L14
 129:BMI088/Src/BMI088driver.c ****     {
 288              		.loc 1 129 24 view .LVU68
 289 009e 0024     		movs	r4, #0
 290              	.LVL45:
 291              	.L11:
 129:BMI088/Src/BMI088driver.c ****     {
 292              		.loc 1 129 29 is_stmt 1 discriminator 1 view .LVU69
 129:BMI088/Src/BMI088driver.c ****     {
 293              		.loc 1 129 5 is_stmt 0 discriminator 1 view .LVU70
 294 00a0 052C     		cmp	r4, #5
 295 00a2 2DD8     		bhi	.L16
 132:BMI088/Src/BMI088driver.c ****         BMI088_delay_us(BMI088_COM_WAIT_SENSOR_TIME);
 296              		.loc 1 132 9 is_stmt 1 view .LVU71
 297 00a4 FFF7FEFF 		bl	BMI088_ACCEL_NS_L
 298              	.LVL46:
 132:BMI088/Src/BMI088driver.c ****         BMI088_delay_us(BMI088_COM_WAIT_SENSOR_TIME);
 299              		.loc 1 132 9 view .LVU72
 300 00a8 174A     		ldr	r2, .L18
 301 00aa 04EB4403 		add	r3, r4, r4, lsl #1
 302 00ae D118     		adds	r1, r2, r3
 303 00b0 4E78     		ldrb	r6, [r1, #1]	@ zero_extendqisi2
 304 00b2 D55C     		ldrb	r5, [r2, r3]	@ zero_extendqisi2
 305 00b4 3146     		mov	r1, r6
 306 00b6 2846     		mov	r0, r5
 307 00b8 FFF7FEFF 		bl	BMI088_write_single_reg
 308              	.LVL47:
 132:BMI088/Src/BMI088driver.c ****         BMI088_delay_us(BMI088_COM_WAIT_SENSOR_TIME);
 309              		.loc 1 132 9 view .LVU73
 310 00bc FFF7FEFF 		bl	BMI088_ACCEL_NS_H
 311              	.LVL48:
 132:BMI088/Src/BMI088driver.c ****         BMI088_delay_us(BMI088_COM_WAIT_SENSOR_TIME);
 312              		.loc 1 132 144 view .LVU74
 133:BMI088/Src/BMI088driver.c **** 
 313              		.loc 1 133 9 view .LVU75
 314 00c0 9620     		movs	r0, #150
 315 00c2 FFF7FEFF 		bl	BMI088_delay_us
 316              	.LVL49:
 135:BMI088/Src/BMI088driver.c ****         BMI088_delay_us(BMI088_COM_WAIT_SENSOR_TIME);
 317              		.loc 1 135 9 view .LVU76
 318 00c6 FFF7FEFF 		bl	BMI088_ACCEL_NS_L
 319              	.LVL50:
ARM GAS  C:\Users\Lenovo\AppData\Local\Temp\cct5tFFd.s 			page 12


 135:BMI088/Src/BMI088driver.c ****         BMI088_delay_us(BMI088_COM_WAIT_SENSOR_TIME);
 320              		.loc 1 135 9 view .LVU77
 321 00ca 45F08000 		orr	r0, r5, #128
 322 00ce FFF7FEFF 		bl	BMI088_read_write_byte
 323              	.LVL51:
 135:BMI088/Src/BMI088driver.c ****         BMI088_delay_us(BMI088_COM_WAIT_SENSOR_TIME);
 324              		.loc 1 135 9 view .LVU78
 325 00d2 5520     		movs	r0, #85
 326 00d4 FFF7FEFF 		bl	BMI088_read_write_byte
 327              	.LVL52:
 135:BMI088/Src/BMI088driver.c ****         BMI088_delay_us(BMI088_COM_WAIT_SENSOR_TIME);
 328              		.loc 1 135 9 view .LVU79
 329 00d8 5520     		movs	r0, #85
 330 00da FFF7FEFF 		bl	BMI088_read_write_byte
 331              	.LVL53:
 332 00de 0546     		mov	r5, r0
 333              	.LVL54:
 135:BMI088/Src/BMI088driver.c ****         BMI088_delay_us(BMI088_COM_WAIT_SENSOR_TIME);
 334              		.loc 1 135 9 view .LVU80
 335 00e0 FFF7FEFF 		bl	BMI088_ACCEL_NS_H
 336              	.LVL55:
 135:BMI088/Src/BMI088driver.c ****         BMI088_delay_us(BMI088_COM_WAIT_SENSOR_TIME);
 337              		.loc 1 135 95 view .LVU81
 136:BMI088/Src/BMI088driver.c **** 
 338              		.loc 1 136 9 view .LVU82
 339 00e4 9620     		movs	r0, #150
 340 00e6 FFF7FEFF 		bl	BMI088_delay_us
 341              	.LVL56:
 138:BMI088/Src/BMI088driver.c ****         {
 342              		.loc 1 138 9 view .LVU83
 138:BMI088/Src/BMI088driver.c ****         {
 343              		.loc 1 138 12 is_stmt 0 view .LVU84
 344 00ea AE42     		cmp	r6, r5
 345 00ec 02D1     		bne	.L17
 129:BMI088/Src/BMI088driver.c ****     {
 346              		.loc 1 129 73 is_stmt 1 discriminator 2 view .LVU85
 129:BMI088/Src/BMI088driver.c ****     {
 347              		.loc 1 129 86 is_stmt 0 discriminator 2 view .LVU86
 348 00ee 0134     		adds	r4, r4, #1
 349              	.LVL57:
 129:BMI088/Src/BMI088driver.c ****     {
 350              		.loc 1 129 86 discriminator 2 view .LVU87
 351 00f0 E4B2     		uxtb	r4, r4
 352              	.LVL58:
 129:BMI088/Src/BMI088driver.c ****     {
 353              		.loc 1 129 86 discriminator 2 view .LVU88
 354 00f2 D5E7     		b	.L11
 355              	.L17:
 140:BMI088/Src/BMI088driver.c ****         }
 356              		.loc 1 140 13 is_stmt 1 view .LVU89
 140:BMI088/Src/BMI088driver.c ****         }
 357              		.loc 1 140 68 is_stmt 0 view .LVU90
 358 00f4 04EB4407 		add	r7, r4, r4, lsl #1
 359 00f8 034B     		ldr	r3, .L18
 360 00fa 1F44     		add	r7, r7, r3
 361 00fc B878     		ldrb	r0, [r7, #2]	@ zero_extendqisi2
 362 00fe 00E0     		b	.L10
ARM GAS  C:\Users\Lenovo\AppData\Local\Temp\cct5tFFd.s 			page 13


 363              	.LVL59:
 364              	.L16:
 143:BMI088/Src/BMI088driver.c **** }
 365              		.loc 1 143 12 view .LVU91
 366 0100 0020     		movs	r0, #0
 367              	.LVL60:
 368              	.L10:
 144:BMI088/Src/BMI088driver.c **** 
 369              		.loc 1 144 1 view .LVU92
 370 0102 F8BD     		pop	{r3, r4, r5, r6, r7, pc}
 371              	.LVL61:
 372              	.L14:
 125:BMI088/Src/BMI088driver.c ****     }
 373              		.loc 1 125 16 view .LVU93
 374 0104 FF20     		movs	r0, #255
 375 0106 FCE7     		b	.L10
 376              	.L19:
 377              		.align	2
 378              	.L18:
 379 0108 00000000 		.word	.LANCHOR0
 380              		.cfi_endproc
 381              	.LFE66:
 383              		.section	.text.bmi088_gyro_init,"ax",%progbits
 384              		.align	1
 385              		.global	bmi088_gyro_init
 386              		.syntax unified
 387              		.thumb
 388              		.thumb_func
 390              	bmi088_gyro_init:
 391              	.LFB67:
 147:BMI088/Src/BMI088driver.c ****     uint8_t write_reg_num = 0;
 392              		.loc 1 147 1 is_stmt 1 view -0
 393              		.cfi_startproc
 394              		@ args = 0, pretend = 0, frame = 8
 395              		@ frame_needed = 0, uses_anonymous_args = 0
 396 0000 F0B5     		push	{r4, r5, r6, r7, lr}
 397              	.LCFI4:
 398              		.cfi_def_cfa_offset 20
 399              		.cfi_offset 4, -20
 400              		.cfi_offset 5, -16
 401              		.cfi_offset 6, -12
 402              		.cfi_offset 7, -8
 403              		.cfi_offset 14, -4
 404 0002 83B0     		sub	sp, sp, #12
 405              	.LCFI5:
 406              		.cfi_def_cfa_offset 32
 148:BMI088/Src/BMI088driver.c ****     uint8_t res = 0;
 407              		.loc 1 148 5 view .LVU95
 408              	.LVL62:
 149:BMI088/Src/BMI088driver.c **** 
 409              		.loc 1 149 5 view .LVU96
 149:BMI088/Src/BMI088driver.c **** 
 410              		.loc 1 149 13 is_stmt 0 view .LVU97
 411 0004 0024     		movs	r4, #0
 412 0006 8DF80740 		strb	r4, [sp, #7]
 152:BMI088/Src/BMI088driver.c ****     BMI088_delay_us(BMI088_COM_WAIT_SENSOR_TIME);
 413              		.loc 1 152 5 is_stmt 1 view .LVU98
ARM GAS  C:\Users\Lenovo\AppData\Local\Temp\cct5tFFd.s 			page 14


 414 000a FFF7FEFF 		bl	BMI088_GYRO_NS_L
 415              	.LVL63:
 152:BMI088/Src/BMI088driver.c ****     BMI088_delay_us(BMI088_COM_WAIT_SENSOR_TIME);
 416              		.loc 1 152 5 view .LVU99
 417 000e 0DF10701 		add	r1, sp, #7
 418 0012 2046     		mov	r0, r4
 419 0014 FFF7FEFF 		bl	BMI088_read_single_reg
 420              	.LVL64:
 152:BMI088/Src/BMI088driver.c ****     BMI088_delay_us(BMI088_COM_WAIT_SENSOR_TIME);
 421              		.loc 1 152 5 view .LVU100
 422 0018 FFF7FEFF 		bl	BMI088_GYRO_NS_H
 423              	.LVL65:
 152:BMI088/Src/BMI088driver.c ****     BMI088_delay_us(BMI088_COM_WAIT_SENSOR_TIME);
 424              		.loc 1 152 58 view .LVU101
 153:BMI088/Src/BMI088driver.c ****     BMI088_gyro_read_single_reg(BMI088_GYRO_CHIP_ID, res);
 425              		.loc 1 153 5 view .LVU102
 426 001c 9620     		movs	r0, #150
 427 001e FFF7FEFF 		bl	BMI088_delay_us
 428              	.LVL66:
 154:BMI088/Src/BMI088driver.c ****     BMI088_delay_us(BMI088_COM_WAIT_SENSOR_TIME);
 429              		.loc 1 154 5 view .LVU103
 430 0022 FFF7FEFF 		bl	BMI088_GYRO_NS_L
 431              	.LVL67:
 154:BMI088/Src/BMI088driver.c ****     BMI088_delay_us(BMI088_COM_WAIT_SENSOR_TIME);
 432              		.loc 1 154 5 view .LVU104
 433 0026 0DF10701 		add	r1, sp, #7
 434 002a 2046     		mov	r0, r4
 435 002c FFF7FEFF 		bl	BMI088_read_single_reg
 436              	.LVL68:
 154:BMI088/Src/BMI088driver.c ****     BMI088_delay_us(BMI088_COM_WAIT_SENSOR_TIME);
 437              		.loc 1 154 5 view .LVU105
 438 0030 FFF7FEFF 		bl	BMI088_GYRO_NS_H
 439              	.LVL69:
 154:BMI088/Src/BMI088driver.c ****     BMI088_delay_us(BMI088_COM_WAIT_SENSOR_TIME);
 440              		.loc 1 154 58 view .LVU106
 155:BMI088/Src/BMI088driver.c **** 
 441              		.loc 1 155 5 view .LVU107
 442 0034 9620     		movs	r0, #150
 443 0036 FFF7FEFF 		bl	BMI088_delay_us
 444              	.LVL70:
 158:BMI088/Src/BMI088driver.c ****     BMI088_delay_ms(BMI088_LONG_DELAY_TIME);
 445              		.loc 1 158 5 view .LVU108
 446 003a FFF7FEFF 		bl	BMI088_GYRO_NS_L
 447              	.LVL71:
 158:BMI088/Src/BMI088driver.c ****     BMI088_delay_ms(BMI088_LONG_DELAY_TIME);
 448              		.loc 1 158 5 view .LVU109
 449 003e B621     		movs	r1, #182
 450 0040 1420     		movs	r0, #20
 451 0042 FFF7FEFF 		bl	BMI088_write_single_reg
 452              	.LVL72:
 158:BMI088/Src/BMI088driver.c ****     BMI088_delay_ms(BMI088_LONG_DELAY_TIME);
 453              		.loc 1 158 5 view .LVU110
 454 0046 FFF7FEFF 		bl	BMI088_GYRO_NS_H
 455              	.LVL73:
 158:BMI088/Src/BMI088driver.c ****     BMI088_delay_ms(BMI088_LONG_DELAY_TIME);
 456              		.loc 1 158 85 view .LVU111
 159:BMI088/Src/BMI088driver.c ****     //check commiunication is normal after reset
ARM GAS  C:\Users\Lenovo\AppData\Local\Temp\cct5tFFd.s 			page 15


 457              		.loc 1 159 5 view .LVU112
 458 004a 5020     		movs	r0, #80
 459 004c FFF7FEFF 		bl	BMI088_delay_ms
 460              	.LVL74:
 161:BMI088/Src/BMI088driver.c ****     BMI088_delay_us(BMI088_COM_WAIT_SENSOR_TIME);
 461              		.loc 1 161 5 view .LVU113
 462 0050 FFF7FEFF 		bl	BMI088_GYRO_NS_L
 463              	.LVL75:
 161:BMI088/Src/BMI088driver.c ****     BMI088_delay_us(BMI088_COM_WAIT_SENSOR_TIME);
 464              		.loc 1 161 5 view .LVU114
 465 0054 0DF10701 		add	r1, sp, #7
 466 0058 2046     		mov	r0, r4
 467 005a FFF7FEFF 		bl	BMI088_read_single_reg
 468              	.LVL76:
 161:BMI088/Src/BMI088driver.c ****     BMI088_delay_us(BMI088_COM_WAIT_SENSOR_TIME);
 469              		.loc 1 161 5 view .LVU115
 470 005e FFF7FEFF 		bl	BMI088_GYRO_NS_H
 471              	.LVL77:
 161:BMI088/Src/BMI088driver.c ****     BMI088_delay_us(BMI088_COM_WAIT_SENSOR_TIME);
 472              		.loc 1 161 58 view .LVU116
 162:BMI088/Src/BMI088driver.c ****     BMI088_gyro_read_single_reg(BMI088_GYRO_CHIP_ID, res);
 473              		.loc 1 162 5 view .LVU117
 474 0062 9620     		movs	r0, #150
 475 0064 FFF7FEFF 		bl	BMI088_delay_us
 476              	.LVL78:
 163:BMI088/Src/BMI088driver.c ****     BMI088_delay_us(BMI088_COM_WAIT_SENSOR_TIME);
 477              		.loc 1 163 5 view .LVU118
 478 0068 FFF7FEFF 		bl	BMI088_GYRO_NS_L
 479              	.LVL79:
 163:BMI088/Src/BMI088driver.c ****     BMI088_delay_us(BMI088_COM_WAIT_SENSOR_TIME);
 480              		.loc 1 163 5 view .LVU119
 481 006c 0DF10701 		add	r1, sp, #7
 482 0070 2046     		mov	r0, r4
 483 0072 FFF7FEFF 		bl	BMI088_read_single_reg
 484              	.LVL80:
 163:BMI088/Src/BMI088driver.c ****     BMI088_delay_us(BMI088_COM_WAIT_SENSOR_TIME);
 485              		.loc 1 163 5 view .LVU120
 486 0076 FFF7FEFF 		bl	BMI088_GYRO_NS_H
 487              	.LVL81:
 163:BMI088/Src/BMI088driver.c ****     BMI088_delay_us(BMI088_COM_WAIT_SENSOR_TIME);
 488              		.loc 1 163 58 view .LVU121
 164:BMI088/Src/BMI088driver.c **** 
 489              		.loc 1 164 5 view .LVU122
 490 007a 9620     		movs	r0, #150
 491 007c FFF7FEFF 		bl	BMI088_delay_us
 492              	.LVL82:
 167:BMI088/Src/BMI088driver.c ****     {
 493              		.loc 1 167 5 view .LVU123
 167:BMI088/Src/BMI088driver.c ****     {
 494              		.loc 1 167 13 is_stmt 0 view .LVU124
 495 0080 9DF80730 		ldrb	r3, [sp, #7]	@ zero_extendqisi2
 167:BMI088/Src/BMI088driver.c ****     {
 496              		.loc 1 167 8 view .LVU125
 497 0084 0F2B     		cmp	r3, #15
 498 0086 2ED1     		bne	.L25
 499              	.LVL83:
 500              	.L22:
ARM GAS  C:\Users\Lenovo\AppData\Local\Temp\cct5tFFd.s 			page 16


 173:BMI088/Src/BMI088driver.c ****     {
 501              		.loc 1 173 29 is_stmt 1 discriminator 1 view .LVU126
 173:BMI088/Src/BMI088driver.c ****     {
 502              		.loc 1 173 5 is_stmt 0 discriminator 1 view .LVU127
 503 0088 052C     		cmp	r4, #5
 504 008a 29D8     		bhi	.L27
 176:BMI088/Src/BMI088driver.c ****         BMI088_delay_us(BMI088_COM_WAIT_SENSOR_TIME);
 505              		.loc 1 176 9 is_stmt 1 view .LVU128
 506 008c FFF7FEFF 		bl	BMI088_GYRO_NS_L
 507              	.LVL84:
 176:BMI088/Src/BMI088driver.c ****         BMI088_delay_us(BMI088_COM_WAIT_SENSOR_TIME);
 508              		.loc 1 176 9 view .LVU129
 509 0090 164A     		ldr	r2, .L29
 510 0092 04EB4403 		add	r3, r4, r4, lsl #1
 511 0096 D118     		adds	r1, r2, r3
 512 0098 4D78     		ldrb	r5, [r1, #1]	@ zero_extendqisi2
 513 009a D65C     		ldrb	r6, [r2, r3]	@ zero_extendqisi2
 514 009c 2946     		mov	r1, r5
 515 009e 3046     		mov	r0, r6
 516 00a0 FFF7FEFF 		bl	BMI088_write_single_reg
 517              	.LVL85:
 176:BMI088/Src/BMI088driver.c ****         BMI088_delay_us(BMI088_COM_WAIT_SENSOR_TIME);
 518              		.loc 1 176 9 view .LVU130
 519 00a4 FFF7FEFF 		bl	BMI088_GYRO_NS_H
 520              	.LVL86:
 176:BMI088/Src/BMI088driver.c ****         BMI088_delay_us(BMI088_COM_WAIT_SENSOR_TIME);
 521              		.loc 1 176 141 view .LVU131
 177:BMI088/Src/BMI088driver.c **** 
 522              		.loc 1 177 9 view .LVU132
 523 00a8 9620     		movs	r0, #150
 524 00aa FFF7FEFF 		bl	BMI088_delay_us
 525              	.LVL87:
 179:BMI088/Src/BMI088driver.c ****         BMI088_delay_us(BMI088_COM_WAIT_SENSOR_TIME);
 526              		.loc 1 179 9 view .LVU133
 527 00ae FFF7FEFF 		bl	BMI088_GYRO_NS_L
 528              	.LVL88:
 179:BMI088/Src/BMI088driver.c ****         BMI088_delay_us(BMI088_COM_WAIT_SENSOR_TIME);
 529              		.loc 1 179 9 view .LVU134
 530 00b2 0DF10701 		add	r1, sp, #7
 531 00b6 3046     		mov	r0, r6
 532 00b8 FFF7FEFF 		bl	BMI088_read_single_reg
 533              	.LVL89:
 179:BMI088/Src/BMI088driver.c ****         BMI088_delay_us(BMI088_COM_WAIT_SENSOR_TIME);
 534              		.loc 1 179 9 view .LVU135
 535 00bc FFF7FEFF 		bl	BMI088_GYRO_NS_H
 536              	.LVL90:
 179:BMI088/Src/BMI088driver.c ****         BMI088_delay_us(BMI088_COM_WAIT_SENSOR_TIME);
 537              		.loc 1 179 93 view .LVU136
 180:BMI088/Src/BMI088driver.c **** 
 538              		.loc 1 180 9 view .LVU137
 539 00c0 9620     		movs	r0, #150
 540 00c2 FFF7FEFF 		bl	BMI088_delay_us
 541              	.LVL91:
 182:BMI088/Src/BMI088driver.c ****         {
 542              		.loc 1 182 9 view .LVU138
 182:BMI088/Src/BMI088driver.c ****         {
 543              		.loc 1 182 17 is_stmt 0 view .LVU139
ARM GAS  C:\Users\Lenovo\AppData\Local\Temp\cct5tFFd.s 			page 17


 544 00c6 9DF80730 		ldrb	r3, [sp, #7]	@ zero_extendqisi2
 182:BMI088/Src/BMI088driver.c ****         {
 545              		.loc 1 182 12 view .LVU140
 546 00ca 9D42     		cmp	r5, r3
 547 00cc 02D1     		bne	.L28
 173:BMI088/Src/BMI088driver.c ****     {
 548              		.loc 1 173 72 is_stmt 1 discriminator 2 view .LVU141
 173:BMI088/Src/BMI088driver.c ****     {
 549              		.loc 1 173 85 is_stmt 0 discriminator 2 view .LVU142
 550 00ce 0134     		adds	r4, r4, #1
 551              	.LVL92:
 173:BMI088/Src/BMI088driver.c ****     {
 552              		.loc 1 173 85 discriminator 2 view .LVU143
 553 00d0 E4B2     		uxtb	r4, r4
 554              	.LVL93:
 173:BMI088/Src/BMI088driver.c ****     {
 555              		.loc 1 173 85 discriminator 2 view .LVU144
 556 00d2 D9E7     		b	.L22
 557              	.L28:
 184:BMI088/Src/BMI088driver.c ****         }
 558              		.loc 1 184 13 is_stmt 1 view .LVU145
 184:BMI088/Src/BMI088driver.c ****         }
 559              		.loc 1 184 67 is_stmt 0 view .LVU146
 560 00d4 04EB4407 		add	r7, r4, r4, lsl #1
 561 00d8 044B     		ldr	r3, .L29
 562 00da 1F44     		add	r7, r7, r3
 563 00dc B878     		ldrb	r0, [r7, #2]	@ zero_extendqisi2
 564 00de 00E0     		b	.L21
 565              	.L27:
 188:BMI088/Src/BMI088driver.c **** }
 566              		.loc 1 188 12 view .LVU147
 567 00e0 0020     		movs	r0, #0
 568              	.LVL94:
 569              	.L21:
 189:BMI088/Src/BMI088driver.c **** 
 570              		.loc 1 189 1 view .LVU148
 571 00e2 03B0     		add	sp, sp, #12
 572              	.LCFI6:
 573              		.cfi_remember_state
 574              		.cfi_def_cfa_offset 20
 575              		@ sp needed
 576 00e4 F0BD     		pop	{r4, r5, r6, r7, pc}
 577              	.LVL95:
 578              	.L25:
 579              	.LCFI7:
 580              		.cfi_restore_state
 169:BMI088/Src/BMI088driver.c ****     }
 581              		.loc 1 169 16 view .LVU149
 582 00e6 FF20     		movs	r0, #255
 583 00e8 FBE7     		b	.L21
 584              	.L30:
 585 00ea 00BF     		.align	2
 586              	.L29:
 587 00ec 00000000 		.word	.LANCHOR1
 588              		.cfi_endproc
 589              	.LFE67:
 591              		.section	.text.BMI088_init,"ax",%progbits
ARM GAS  C:\Users\Lenovo\AppData\Local\Temp\cct5tFFd.s 			page 18


 592              		.align	1
 593              		.global	BMI088_init
 594              		.syntax unified
 595              		.thumb
 596              		.thumb_func
 598              	BMI088_init:
 599              	.LFB65:
  89:BMI088/Src/BMI088driver.c ****     uint8_t error = BMI088_NO_ERROR;
 600              		.loc 1 89 1 is_stmt 1 view -0
 601              		.cfi_startproc
 602              		@ args = 0, pretend = 0, frame = 0
 603              		@ frame_needed = 0, uses_anonymous_args = 0
 604 0000 10B5     		push	{r4, lr}
 605              	.LCFI8:
 606              		.cfi_def_cfa_offset 8
 607              		.cfi_offset 4, -8
 608              		.cfi_offset 14, -4
  90:BMI088/Src/BMI088driver.c ****     // GPIO and SPI  Init .
 609              		.loc 1 90 5 view .LVU151
 610              	.LVL96:
  92:BMI088/Src/BMI088driver.c ****     BMI088_com_init();
 611              		.loc 1 92 5 view .LVU152
 612 0002 FFF7FEFF 		bl	BMI088_GPIO_init
 613              	.LVL97:
  93:BMI088/Src/BMI088driver.c **** 
 614              		.loc 1 93 5 view .LVU153
 615 0006 FFF7FEFF 		bl	BMI088_com_init
 616              	.LVL98:
  95:BMI088/Src/BMI088driver.c ****     error |= bmi088_gyro_init();
 617              		.loc 1 95 5 view .LVU154
  95:BMI088/Src/BMI088driver.c ****     error |= bmi088_gyro_init();
 618              		.loc 1 95 14 is_stmt 0 view .LVU155
 619 000a FFF7FEFF 		bl	bmi088_accel_init
 620              	.LVL99:
 621 000e 0446     		mov	r4, r0
 622              	.LVL100:
  96:BMI088/Src/BMI088driver.c **** 
 623              		.loc 1 96 5 is_stmt 1 view .LVU156
  96:BMI088/Src/BMI088driver.c **** 
 624              		.loc 1 96 14 is_stmt 0 view .LVU157
 625 0010 FFF7FEFF 		bl	bmi088_gyro_init
 626              	.LVL101:
  96:BMI088/Src/BMI088driver.c **** 
 627              		.loc 1 96 11 view .LVU158
 628 0014 2043     		orrs	r0, r0, r4
 629              	.LVL102:
  98:BMI088/Src/BMI088driver.c **** }
 630              		.loc 1 98 5 is_stmt 1 view .LVU159
  99:BMI088/Src/BMI088driver.c **** 
 631              		.loc 1 99 1 is_stmt 0 view .LVU160
 632 0016 C0B2     		uxtb	r0, r0
  99:BMI088/Src/BMI088driver.c **** 
 633              		.loc 1 99 1 view .LVU161
 634 0018 10BD     		pop	{r4, pc}
 635              		.cfi_endproc
 636              	.LFE65:
 638              		.global	__aeabi_i2f
ARM GAS  C:\Users\Lenovo\AppData\Local\Temp\cct5tFFd.s 			page 19


 639              		.global	__aeabi_fmul
 640              		.global	__aeabi_fadd
 641              		.section	.text.BMI088_read,"ax",%progbits
 642              		.align	1
 643              		.global	BMI088_read
 644              		.syntax unified
 645              		.thumb
 646              		.thumb_func
 648              	BMI088_read:
 649              	.LVL103:
 650              	.LFB68:
 194:BMI088/Src/BMI088driver.c ****     uint8_t buf[8] = {0, 0, 0, 0, 0, 0};
 651              		.loc 1 194 1 is_stmt 1 view -0
 652              		.cfi_startproc
 653              		@ args = 0, pretend = 0, frame = 8
 654              		@ frame_needed = 0, uses_anonymous_args = 0
 194:BMI088/Src/BMI088driver.c ****     uint8_t buf[8] = {0, 0, 0, 0, 0, 0};
 655              		.loc 1 194 1 is_stmt 0 view .LVU163
 656 0000 70B5     		push	{r4, r5, r6, lr}
 657              	.LCFI9:
 658              		.cfi_def_cfa_offset 16
 659              		.cfi_offset 4, -16
 660              		.cfi_offset 5, -12
 661              		.cfi_offset 6, -8
 662              		.cfi_offset 14, -4
 663 0002 82B0     		sub	sp, sp, #8
 664              	.LCFI10:
 665              		.cfi_def_cfa_offset 24
 666 0004 0446     		mov	r4, r0
 195:BMI088/Src/BMI088driver.c ****     int16_t bmi088_raw_temp;
 667              		.loc 1 195 5 is_stmt 1 view .LVU164
 195:BMI088/Src/BMI088driver.c ****     int16_t bmi088_raw_temp;
 668              		.loc 1 195 13 is_stmt 0 view .LVU165
 669 0006 4E4B     		ldr	r3, .L38
 670 0008 93E80300 		ldm	r3, {r0, r1}
 671              	.LVL104:
 195:BMI088/Src/BMI088driver.c ****     int16_t bmi088_raw_temp;
 672              		.loc 1 195 13 view .LVU166
 673 000c 0090     		str	r0, [sp]
 674 000e ADF80410 		strh	r1, [sp, #4]	@ movhi
 675 0012 090C     		lsrs	r1, r1, #16
 676 0014 8DF80610 		strb	r1, [sp, #6]
 677 0018 0025     		movs	r5, #0
 678 001a 8DF80750 		strb	r5, [sp, #7]
 196:BMI088/Src/BMI088driver.c **** 
 679              		.loc 1 196 5 is_stmt 1 view .LVU167
 198:BMI088/Src/BMI088driver.c **** 
 680              		.loc 1 198 5 view .LVU168
 681 001e FFF7FEFF 		bl	BMI088_ACCEL_NS_L
 682              	.LVL105:
 198:BMI088/Src/BMI088driver.c **** 
 683              		.loc 1 198 5 view .LVU169
 684 0022 9220     		movs	r0, #146
 685 0024 FFF7FEFF 		bl	BMI088_read_write_byte
 686              	.LVL106:
 198:BMI088/Src/BMI088driver.c **** 
 687              		.loc 1 198 5 view .LVU170
ARM GAS  C:\Users\Lenovo\AppData\Local\Temp\cct5tFFd.s 			page 20


 688 0028 0622     		movs	r2, #6
 689 002a 6946     		mov	r1, sp
 690 002c 1220     		movs	r0, #18
 691 002e FFF7FEFF 		bl	BMI088_read_muli_reg
 692              	.LVL107:
 198:BMI088/Src/BMI088driver.c **** 
 693              		.loc 1 198 5 view .LVU171
 694 0032 FFF7FEFF 		bl	BMI088_ACCEL_NS_H
 695              	.LVL108:
 198:BMI088/Src/BMI088driver.c **** 
 696              		.loc 1 198 60 view .LVU172
 200:BMI088/Src/BMI088driver.c ****     data->Accel[0] = bmi088_raw_temp * BMI088_ACCEL_SEN;
 697              		.loc 1 200 5 view .LVU173
 200:BMI088/Src/BMI088driver.c ****     data->Accel[0] = bmi088_raw_temp * BMI088_ACCEL_SEN;
 698              		.loc 1 200 37 is_stmt 0 view .LVU174
 699 0036 9DF80130 		ldrb	r3, [sp, #1]	@ zero_extendqisi2
 200:BMI088/Src/BMI088driver.c ****     data->Accel[0] = bmi088_raw_temp * BMI088_ACCEL_SEN;
 700              		.loc 1 200 42 view .LVU175
 701 003a 1B02     		lsls	r3, r3, #8
 200:BMI088/Src/BMI088driver.c ****     data->Accel[0] = bmi088_raw_temp * BMI088_ACCEL_SEN;
 702              		.loc 1 200 23 view .LVU176
 703 003c 1BB2     		sxth	r3, r3
 200:BMI088/Src/BMI088driver.c ****     data->Accel[0] = bmi088_raw_temp * BMI088_ACCEL_SEN;
 704              		.loc 1 200 53 view .LVU177
 705 003e 9DF80000 		ldrb	r0, [sp]	@ zero_extendqisi2
 706              	.LVL109:
 201:BMI088/Src/BMI088driver.c ****     bmi088_raw_temp = (int16_t)((buf[3]) << 8) | buf[2];
 707              		.loc 1 201 5 is_stmt 1 view .LVU178
 201:BMI088/Src/BMI088driver.c ****     bmi088_raw_temp = (int16_t)((buf[3]) << 8) | buf[2];
 708              		.loc 1 201 38 is_stmt 0 view .LVU179
 709 0042 1843     		orrs	r0, r0, r3
 710              	.LVL110:
 201:BMI088/Src/BMI088driver.c ****     bmi088_raw_temp = (int16_t)((buf[3]) << 8) | buf[2];
 711              		.loc 1 201 38 view .LVU180
 712 0044 FFF7FEFF 		bl	__aeabi_i2f
 713              	.LVL111:
 201:BMI088/Src/BMI088driver.c ****     bmi088_raw_temp = (int16_t)((buf[3]) << 8) | buf[2];
 714              		.loc 1 201 38 view .LVU181
 715 0048 3E4E     		ldr	r6, .L38+4
 716 004a 3168     		ldr	r1, [r6]	@ float
 717 004c FFF7FEFF 		bl	__aeabi_fmul
 718              	.LVL112:
 201:BMI088/Src/BMI088driver.c ****     bmi088_raw_temp = (int16_t)((buf[3]) << 8) | buf[2];
 719              		.loc 1 201 20 view .LVU182
 720 0050 2060     		str	r0, [r4]	@ float
 202:BMI088/Src/BMI088driver.c ****     data->Accel[1] = bmi088_raw_temp * BMI088_ACCEL_SEN;
 721              		.loc 1 202 5 is_stmt 1 view .LVU183
 202:BMI088/Src/BMI088driver.c ****     data->Accel[1] = bmi088_raw_temp * BMI088_ACCEL_SEN;
 722              		.loc 1 202 37 is_stmt 0 view .LVU184
 723 0052 9DF80330 		ldrb	r3, [sp, #3]	@ zero_extendqisi2
 202:BMI088/Src/BMI088driver.c ****     data->Accel[1] = bmi088_raw_temp * BMI088_ACCEL_SEN;
 724              		.loc 1 202 42 view .LVU185
 725 0056 1B02     		lsls	r3, r3, #8
 202:BMI088/Src/BMI088driver.c ****     data->Accel[1] = bmi088_raw_temp * BMI088_ACCEL_SEN;
 726              		.loc 1 202 23 view .LVU186
 727 0058 1BB2     		sxth	r3, r3
 202:BMI088/Src/BMI088driver.c ****     data->Accel[1] = bmi088_raw_temp * BMI088_ACCEL_SEN;
ARM GAS  C:\Users\Lenovo\AppData\Local\Temp\cct5tFFd.s 			page 21


 728              		.loc 1 202 53 view .LVU187
 729 005a 9DF80200 		ldrb	r0, [sp, #2]	@ zero_extendqisi2
 730              	.LVL113:
 203:BMI088/Src/BMI088driver.c ****     bmi088_raw_temp = (int16_t)((buf[5]) << 8) | buf[4];
 731              		.loc 1 203 5 is_stmt 1 view .LVU188
 203:BMI088/Src/BMI088driver.c ****     bmi088_raw_temp = (int16_t)((buf[5]) << 8) | buf[4];
 732              		.loc 1 203 38 is_stmt 0 view .LVU189
 733 005e 3668     		ldr	r6, [r6]	@ float
 734 0060 1843     		orrs	r0, r0, r3
 735              	.LVL114:
 203:BMI088/Src/BMI088driver.c ****     bmi088_raw_temp = (int16_t)((buf[5]) << 8) | buf[4];
 736              		.loc 1 203 38 view .LVU190
 737 0062 FFF7FEFF 		bl	__aeabi_i2f
 738              	.LVL115:
 203:BMI088/Src/BMI088driver.c ****     bmi088_raw_temp = (int16_t)((buf[5]) << 8) | buf[4];
 739              		.loc 1 203 38 view .LVU191
 740 0066 3146     		mov	r1, r6
 741 0068 FFF7FEFF 		bl	__aeabi_fmul
 742              	.LVL116:
 203:BMI088/Src/BMI088driver.c ****     bmi088_raw_temp = (int16_t)((buf[5]) << 8) | buf[4];
 743              		.loc 1 203 20 view .LVU192
 744 006c 6060     		str	r0, [r4, #4]	@ float
 204:BMI088/Src/BMI088driver.c ****     data->Accel[2] = bmi088_raw_temp * BMI088_ACCEL_SEN;
 745              		.loc 1 204 5 is_stmt 1 view .LVU193
 204:BMI088/Src/BMI088driver.c ****     data->Accel[2] = bmi088_raw_temp * BMI088_ACCEL_SEN;
 746              		.loc 1 204 37 is_stmt 0 view .LVU194
 747 006e 9DF80530 		ldrb	r3, [sp, #5]	@ zero_extendqisi2
 204:BMI088/Src/BMI088driver.c ****     data->Accel[2] = bmi088_raw_temp * BMI088_ACCEL_SEN;
 748              		.loc 1 204 42 view .LVU195
 749 0072 1B02     		lsls	r3, r3, #8
 204:BMI088/Src/BMI088driver.c ****     data->Accel[2] = bmi088_raw_temp * BMI088_ACCEL_SEN;
 750              		.loc 1 204 23 view .LVU196
 751 0074 1BB2     		sxth	r3, r3
 204:BMI088/Src/BMI088driver.c ****     data->Accel[2] = bmi088_raw_temp * BMI088_ACCEL_SEN;
 752              		.loc 1 204 53 view .LVU197
 753 0076 9DF80400 		ldrb	r0, [sp, #4]	@ zero_extendqisi2
 754              	.LVL117:
 205:BMI088/Src/BMI088driver.c **** 
 755              		.loc 1 205 5 is_stmt 1 view .LVU198
 205:BMI088/Src/BMI088driver.c **** 
 756              		.loc 1 205 38 is_stmt 0 view .LVU199
 757 007a 1843     		orrs	r0, r0, r3
 758              	.LVL118:
 205:BMI088/Src/BMI088driver.c **** 
 759              		.loc 1 205 38 view .LVU200
 760 007c FFF7FEFF 		bl	__aeabi_i2f
 761              	.LVL119:
 205:BMI088/Src/BMI088driver.c **** 
 762              		.loc 1 205 38 view .LVU201
 763 0080 3146     		mov	r1, r6
 764 0082 FFF7FEFF 		bl	__aeabi_fmul
 765              	.LVL120:
 205:BMI088/Src/BMI088driver.c **** 
 766              		.loc 1 205 20 view .LVU202
 767 0086 A060     		str	r0, [r4, #8]	@ float
 207:BMI088/Src/BMI088driver.c ****     if(buf[0] == BMI088_GYRO_CHIP_ID_VALUE)
 768              		.loc 1 207 5 is_stmt 1 view .LVU203
ARM GAS  C:\Users\Lenovo\AppData\Local\Temp\cct5tFFd.s 			page 22


 769 0088 FFF7FEFF 		bl	BMI088_GYRO_NS_L
 770              	.LVL121:
 207:BMI088/Src/BMI088driver.c ****     if(buf[0] == BMI088_GYRO_CHIP_ID_VALUE)
 771              		.loc 1 207 5 view .LVU204
 772 008c 0822     		movs	r2, #8
 773 008e 6946     		mov	r1, sp
 774 0090 2846     		mov	r0, r5
 775 0092 FFF7FEFF 		bl	BMI088_read_muli_reg
 776              	.LVL122:
 207:BMI088/Src/BMI088driver.c ****     if(buf[0] == BMI088_GYRO_CHIP_ID_VALUE)
 777              		.loc 1 207 5 view .LVU205
 778 0096 FFF7FEFF 		bl	BMI088_GYRO_NS_H
 779              	.LVL123:
 207:BMI088/Src/BMI088driver.c ****     if(buf[0] == BMI088_GYRO_CHIP_ID_VALUE)
 780              		.loc 1 207 59 view .LVU206
 208:BMI088/Src/BMI088driver.c ****     {
 781              		.loc 1 208 5 view .LVU207
 208:BMI088/Src/BMI088driver.c ****     {
 782              		.loc 1 208 11 is_stmt 0 view .LVU208
 783 009a 9DF80030 		ldrb	r3, [sp]	@ zero_extendqisi2
 208:BMI088/Src/BMI088driver.c ****     {
 784              		.loc 1 208 7 view .LVU209
 785 009e 0F2B     		cmp	r3, #15
 786 00a0 23D0     		beq	.L37
 787              	.L34:
 217:BMI088/Src/BMI088driver.c **** 
 788              		.loc 1 217 5 is_stmt 1 view .LVU210
 789 00a2 FFF7FEFF 		bl	BMI088_ACCEL_NS_L
 790              	.LVL124:
 217:BMI088/Src/BMI088driver.c **** 
 791              		.loc 1 217 5 view .LVU211
 792 00a6 A220     		movs	r0, #162
 793 00a8 FFF7FEFF 		bl	BMI088_read_write_byte
 794              	.LVL125:
 217:BMI088/Src/BMI088driver.c **** 
 795              		.loc 1 217 5 view .LVU212
 796 00ac 0222     		movs	r2, #2
 797 00ae 6946     		mov	r1, sp
 798 00b0 2220     		movs	r0, #34
 799 00b2 FFF7FEFF 		bl	BMI088_read_muli_reg
 800              	.LVL126:
 217:BMI088/Src/BMI088driver.c **** 
 801              		.loc 1 217 5 view .LVU213
 802 00b6 FFF7FEFF 		bl	BMI088_ACCEL_NS_H
 803              	.LVL127:
 217:BMI088/Src/BMI088driver.c **** 
 804              		.loc 1 217 54 view .LVU214
 219:BMI088/Src/BMI088driver.c **** 
 805              		.loc 1 219 5 view .LVU215
 219:BMI088/Src/BMI088driver.c **** 
 806              		.loc 1 219 37 is_stmt 0 view .LVU216
 807 00ba 9DF80030 		ldrb	r3, [sp]	@ zero_extendqisi2
 219:BMI088/Src/BMI088driver.c **** 
 808              		.loc 1 219 53 view .LVU217
 809 00be 9DF80100 		ldrb	r0, [sp, #1]	@ zero_extendqisi2
 219:BMI088/Src/BMI088driver.c **** 
 810              		.loc 1 219 23 view .LVU218
ARM GAS  C:\Users\Lenovo\AppData\Local\Temp\cct5tFFd.s 			page 23


 811 00c2 4009     		lsrs	r0, r0, #5
 219:BMI088/Src/BMI088driver.c **** 
 812              		.loc 1 219 21 view .LVU219
 813 00c4 40EAC300 		orr	r0, r0, r3, lsl #3
 814              	.LVL128:
 221:BMI088/Src/BMI088driver.c ****     {
 815              		.loc 1 221 5 is_stmt 1 view .LVU220
 221:BMI088/Src/BMI088driver.c ****     {
 816              		.loc 1 221 8 is_stmt 0 view .LVU221
 817 00c8 B0F5806F 		cmp	r0, #1024
 818 00cc 01DB     		blt	.L35
 223:BMI088/Src/BMI088driver.c ****     }
 819              		.loc 1 223 9 is_stmt 1 view .LVU222
 223:BMI088/Src/BMI088driver.c ****     }
 820              		.loc 1 223 25 is_stmt 0 view .LVU223
 821 00ce A0F50060 		sub	r0, r0, #2048
 822              	.LVL129:
 823              	.L35:
 226:BMI088/Src/BMI088driver.c **** }
 824              		.loc 1 226 5 is_stmt 1 view .LVU224
 226:BMI088/Src/BMI088driver.c **** }
 825              		.loc 1 226 41 is_stmt 0 view .LVU225
 826 00d2 FFF7FEFF 		bl	__aeabi_i2f
 827              	.LVL130:
 226:BMI088/Src/BMI088driver.c **** }
 828              		.loc 1 226 41 view .LVU226
 829 00d6 4FF07851 		mov	r1, #1040187392
 830 00da FFF7FEFF 		bl	__aeabi_fmul
 831              	.LVL131:
 226:BMI088/Src/BMI088driver.c **** }
 832              		.loc 1 226 62 view .LVU227
 833 00de 1A49     		ldr	r1, .L38+8
 834 00e0 FFF7FEFF 		bl	__aeabi_fadd
 835              	.LVL132:
 226:BMI088/Src/BMI088driver.c **** }
 836              		.loc 1 226 23 view .LVU228
 837 00e4 E061     		str	r0, [r4, #28]	@ float
 227:BMI088/Src/BMI088driver.c **** 
 838              		.loc 1 227 1 view .LVU229
 839 00e6 02B0     		add	sp, sp, #8
 840              	.LCFI11:
 841              		.cfi_remember_state
 842              		.cfi_def_cfa_offset 16
 843              		@ sp needed
 844 00e8 70BD     		pop	{r4, r5, r6, pc}
 845              	.LVL133:
 846              	.L37:
 847              	.LCFI12:
 848              		.cfi_restore_state
 210:BMI088/Src/BMI088driver.c ****         data->Gyro[0] = bmi088_raw_temp * BMI088_GYRO_SEN;
 849              		.loc 1 210 9 is_stmt 1 view .LVU230
 210:BMI088/Src/BMI088driver.c ****         data->Gyro[0] = bmi088_raw_temp * BMI088_GYRO_SEN;
 850              		.loc 1 210 41 is_stmt 0 view .LVU231
 851 00ea 9DF80330 		ldrb	r3, [sp, #3]	@ zero_extendqisi2
 210:BMI088/Src/BMI088driver.c ****         data->Gyro[0] = bmi088_raw_temp * BMI088_GYRO_SEN;
 852              		.loc 1 210 46 view .LVU232
 853 00ee 1B02     		lsls	r3, r3, #8
ARM GAS  C:\Users\Lenovo\AppData\Local\Temp\cct5tFFd.s 			page 24


 210:BMI088/Src/BMI088driver.c ****         data->Gyro[0] = bmi088_raw_temp * BMI088_GYRO_SEN;
 854              		.loc 1 210 27 view .LVU233
 855 00f0 1BB2     		sxth	r3, r3
 210:BMI088/Src/BMI088driver.c ****         data->Gyro[0] = bmi088_raw_temp * BMI088_GYRO_SEN;
 856              		.loc 1 210 57 view .LVU234
 857 00f2 9DF80200 		ldrb	r0, [sp, #2]	@ zero_extendqisi2
 858              	.LVL134:
 211:BMI088/Src/BMI088driver.c ****         bmi088_raw_temp = (int16_t)((buf[5]) << 8) | buf[4];
 859              		.loc 1 211 9 is_stmt 1 view .LVU235
 211:BMI088/Src/BMI088driver.c ****         bmi088_raw_temp = (int16_t)((buf[5]) << 8) | buf[4];
 860              		.loc 1 211 41 is_stmt 0 view .LVU236
 861 00f6 154A     		ldr	r2, .L38+12
 862 00f8 1568     		ldr	r5, [r2]	@ float
 863 00fa 1843     		orrs	r0, r0, r3
 864              	.LVL135:
 211:BMI088/Src/BMI088driver.c ****         bmi088_raw_temp = (int16_t)((buf[5]) << 8) | buf[4];
 865              		.loc 1 211 41 view .LVU237
 866 00fc FFF7FEFF 		bl	__aeabi_i2f
 867              	.LVL136:
 211:BMI088/Src/BMI088driver.c ****         bmi088_raw_temp = (int16_t)((buf[5]) << 8) | buf[4];
 868              		.loc 1 211 41 view .LVU238
 869 0100 2946     		mov	r1, r5
 870 0102 FFF7FEFF 		bl	__aeabi_fmul
 871              	.LVL137:
 211:BMI088/Src/BMI088driver.c ****         bmi088_raw_temp = (int16_t)((buf[5]) << 8) | buf[4];
 872              		.loc 1 211 23 view .LVU239
 873 0106 E060     		str	r0, [r4, #12]	@ float
 212:BMI088/Src/BMI088driver.c ****         data->Gyro[1] = bmi088_raw_temp * BMI088_GYRO_SEN;
 874              		.loc 1 212 9 is_stmt 1 view .LVU240
 212:BMI088/Src/BMI088driver.c ****         data->Gyro[1] = bmi088_raw_temp * BMI088_GYRO_SEN;
 875              		.loc 1 212 41 is_stmt 0 view .LVU241
 876 0108 9DF80530 		ldrb	r3, [sp, #5]	@ zero_extendqisi2
 212:BMI088/Src/BMI088driver.c ****         data->Gyro[1] = bmi088_raw_temp * BMI088_GYRO_SEN;
 877              		.loc 1 212 46 view .LVU242
 878 010c 1B02     		lsls	r3, r3, #8
 212:BMI088/Src/BMI088driver.c ****         data->Gyro[1] = bmi088_raw_temp * BMI088_GYRO_SEN;
 879              		.loc 1 212 27 view .LVU243
 880 010e 1BB2     		sxth	r3, r3
 212:BMI088/Src/BMI088driver.c ****         data->Gyro[1] = bmi088_raw_temp * BMI088_GYRO_SEN;
 881              		.loc 1 212 57 view .LVU244
 882 0110 9DF80400 		ldrb	r0, [sp, #4]	@ zero_extendqisi2
 883              	.LVL138:
 213:BMI088/Src/BMI088driver.c ****         bmi088_raw_temp = (int16_t)((buf[7]) << 8) | buf[6];
 884              		.loc 1 213 9 is_stmt 1 view .LVU245
 213:BMI088/Src/BMI088driver.c ****         bmi088_raw_temp = (int16_t)((buf[7]) << 8) | buf[6];
 885              		.loc 1 213 41 is_stmt 0 view .LVU246
 886 0114 1843     		orrs	r0, r0, r3
 887              	.LVL139:
 213:BMI088/Src/BMI088driver.c ****         bmi088_raw_temp = (int16_t)((buf[7]) << 8) | buf[6];
 888              		.loc 1 213 41 view .LVU247
 889 0116 FFF7FEFF 		bl	__aeabi_i2f
 890              	.LVL140:
 213:BMI088/Src/BMI088driver.c ****         bmi088_raw_temp = (int16_t)((buf[7]) << 8) | buf[6];
 891              		.loc 1 213 41 view .LVU248
 892 011a 2946     		mov	r1, r5
 893 011c FFF7FEFF 		bl	__aeabi_fmul
 894              	.LVL141:
ARM GAS  C:\Users\Lenovo\AppData\Local\Temp\cct5tFFd.s 			page 25


 213:BMI088/Src/BMI088driver.c ****         bmi088_raw_temp = (int16_t)((buf[7]) << 8) | buf[6];
 895              		.loc 1 213 23 view .LVU249
 896 0120 2061     		str	r0, [r4, #16]	@ float
 214:BMI088/Src/BMI088driver.c ****         data->Gyro[2] = bmi088_raw_temp * BMI088_GYRO_SEN;
 897              		.loc 1 214 9 is_stmt 1 view .LVU250
 214:BMI088/Src/BMI088driver.c ****         data->Gyro[2] = bmi088_raw_temp * BMI088_GYRO_SEN;
 898              		.loc 1 214 41 is_stmt 0 view .LVU251
 899 0122 9DF80730 		ldrb	r3, [sp, #7]	@ zero_extendqisi2
 214:BMI088/Src/BMI088driver.c ****         data->Gyro[2] = bmi088_raw_temp * BMI088_GYRO_SEN;
 900              		.loc 1 214 46 view .LVU252
 901 0126 1B02     		lsls	r3, r3, #8
 214:BMI088/Src/BMI088driver.c ****         data->Gyro[2] = bmi088_raw_temp * BMI088_GYRO_SEN;
 902              		.loc 1 214 27 view .LVU253
 903 0128 1BB2     		sxth	r3, r3
 214:BMI088/Src/BMI088driver.c ****         data->Gyro[2] = bmi088_raw_temp * BMI088_GYRO_SEN;
 904              		.loc 1 214 57 view .LVU254
 905 012a 9DF80600 		ldrb	r0, [sp, #6]	@ zero_extendqisi2
 906              	.LVL142:
 215:BMI088/Src/BMI088driver.c ****     }
 907              		.loc 1 215 9 is_stmt 1 view .LVU255
 215:BMI088/Src/BMI088driver.c ****     }
 908              		.loc 1 215 41 is_stmt 0 view .LVU256
 909 012e 1843     		orrs	r0, r0, r3
 910              	.LVL143:
 215:BMI088/Src/BMI088driver.c ****     }
 911              		.loc 1 215 41 view .LVU257
 912 0130 FFF7FEFF 		bl	__aeabi_i2f
 913              	.LVL144:
 215:BMI088/Src/BMI088driver.c ****     }
 914              		.loc 1 215 41 view .LVU258
 915 0134 2946     		mov	r1, r5
 916 0136 FFF7FEFF 		bl	__aeabi_fmul
 917              	.LVL145:
 215:BMI088/Src/BMI088driver.c ****     }
 918              		.loc 1 215 23 view .LVU259
 919 013a 6061     		str	r0, [r4, #20]	@ float
 920 013c B1E7     		b	.L34
 921              	.L39:
 922 013e 00BF     		.align	2
 923              	.L38:
 924 0140 00000000 		.word	.LANCHOR2
 925 0144 00000000 		.word	.LANCHOR3
 926 0148 0000B841 		.word	1102577664
 927 014c 00000000 		.word	.LANCHOR4
 928              		.cfi_endproc
 929              	.LFE68:
 931              		.global	BMI088
 932              		.global	BMI088_GYRO_SEN
 933              		.global	BMI088_ACCEL_SEN
 934              		.section	.rodata
 935              		.align	2
 936              		.set	.LANCHOR2,. + 0
 937              	.LC0:
 938 0000 00000000 		.ascii	"\000\000\000\000\000\000\000"
 938      000000
 939 0007 00       		.space	1
 940              		.section	.bss.BMI088,"aw",%nobits
ARM GAS  C:\Users\Lenovo\AppData\Local\Temp\cct5tFFd.s 			page 26


 941              		.align	2
 944              	BMI088:
 945 0000 00000000 		.space	52
 945      00000000 
 945      00000000 
 945      00000000 
 945      00000000 
 946              		.section	.data.BMI088_ACCEL_SEN,"aw"
 947              		.align	2
 948              		.set	.LANCHOR3,. + 0
 951              	BMI088_ACCEL_SEN:
 952 0000 E7416B3A 		.word	980107751
 953              		.section	.data.BMI088_GYRO_SEN,"aw"
 954              		.align	2
 955              		.set	.LANCHOR4,. + 0
 958              	BMI088_GYRO_SEN:
 959 0000 58A08B3A 		.word	982229080
 960              		.section	.rodata.write_BMI088_accel_reg_data_error,"a"
 961              		.align	2
 962              		.set	.LANCHOR0,. + 0
 965              	write_BMI088_accel_reg_data_error:
 966 0000 7D0401   		.ascii	"}\004\001"
 967 0003 7C0002   		.ascii	"|\000\002"
 968 0006 40AB03   		.ascii	"@\253\003"
 969 0009 410005   		.ascii	"A\000\005"
 970 000c 530806   		.ascii	"S\010\006"
 971 000f 580407   		.ascii	"X\004\007"
 972              		.section	.rodata.write_BMI088_gyro_reg_data_error,"a"
 973              		.align	2
 974              		.set	.LANCHOR1,. + 0
 977              	write_BMI088_gyro_reg_data_error:
 978 0000 0F0008   		.ascii	"\017\000\010"
 979 0003 108209   		.ascii	"\020\202\011"
 980 0006 11000A   		.ascii	"\021\000\012"
 981 0009 15800B   		.ascii	"\025\200\013"
 982 000c 16000C   		.ascii	"\026\000\014"
 983 000f 18010D   		.ascii	"\030\001\015"
 984              		.text
 985              	.Letext0:
 986              		.file 2 "d:\\gnu arm embedded toolchain\\10 2021.10\\arm-none-eabi\\include\\machine\\_default_typ
 987              		.file 3 "d:\\gnu arm embedded toolchain\\10 2021.10\\arm-none-eabi\\include\\sys\\_stdint.h"
 988              		.file 4 "BMI088/Inc/struct_typedef.h"
 989              		.file 5 "BMI088/Inc/BMI088driver.h"
 990              		.file 6 "BMI088/Inc/BMI088Middleware.h"
ARM GAS  C:\Users\Lenovo\AppData\Local\Temp\cct5tFFd.s 			page 27


DEFINED SYMBOLS
                            *ABS*:00000000 BMI088driver.c
C:\Users\Lenovo\AppData\Local\Temp\cct5tFFd.s:18     .text.BMI088_write_single_reg:00000000 $t
C:\Users\Lenovo\AppData\Local\Temp\cct5tFFd.s:23     .text.BMI088_write_single_reg:00000000 BMI088_write_single_reg
C:\Users\Lenovo\AppData\Local\Temp\cct5tFFd.s:51     .text.BMI088_read_single_reg:00000000 $t
C:\Users\Lenovo\AppData\Local\Temp\cct5tFFd.s:56     .text.BMI088_read_single_reg:00000000 BMI088_read_single_reg
C:\Users\Lenovo\AppData\Local\Temp\cct5tFFd.s:90     .text.BMI088_read_muli_reg:00000000 $t
C:\Users\Lenovo\AppData\Local\Temp\cct5tFFd.s:95     .text.BMI088_read_muli_reg:00000000 BMI088_read_muli_reg
C:\Users\Lenovo\AppData\Local\Temp\cct5tFFd.s:150    .text.bmi088_accel_init:00000000 $t
C:\Users\Lenovo\AppData\Local\Temp\cct5tFFd.s:156    .text.bmi088_accel_init:00000000 bmi088_accel_init
C:\Users\Lenovo\AppData\Local\Temp\cct5tFFd.s:379    .text.bmi088_accel_init:00000108 $d
C:\Users\Lenovo\AppData\Local\Temp\cct5tFFd.s:384    .text.bmi088_gyro_init:00000000 $t
C:\Users\Lenovo\AppData\Local\Temp\cct5tFFd.s:390    .text.bmi088_gyro_init:00000000 bmi088_gyro_init
C:\Users\Lenovo\AppData\Local\Temp\cct5tFFd.s:587    .text.bmi088_gyro_init:000000ec $d
C:\Users\Lenovo\AppData\Local\Temp\cct5tFFd.s:592    .text.BMI088_init:00000000 $t
C:\Users\Lenovo\AppData\Local\Temp\cct5tFFd.s:598    .text.BMI088_init:00000000 BMI088_init
C:\Users\Lenovo\AppData\Local\Temp\cct5tFFd.s:642    .text.BMI088_read:00000000 $t
C:\Users\Lenovo\AppData\Local\Temp\cct5tFFd.s:648    .text.BMI088_read:00000000 BMI088_read
C:\Users\Lenovo\AppData\Local\Temp\cct5tFFd.s:924    .text.BMI088_read:00000140 $d
C:\Users\Lenovo\AppData\Local\Temp\cct5tFFd.s:944    .bss.BMI088:00000000 BMI088
C:\Users\Lenovo\AppData\Local\Temp\cct5tFFd.s:958    .data.BMI088_GYRO_SEN:00000000 BMI088_GYRO_SEN
C:\Users\Lenovo\AppData\Local\Temp\cct5tFFd.s:951    .data.BMI088_ACCEL_SEN:00000000 BMI088_ACCEL_SEN
C:\Users\Lenovo\AppData\Local\Temp\cct5tFFd.s:935    .rodata:00000000 $d
C:\Users\Lenovo\AppData\Local\Temp\cct5tFFd.s:941    .bss.BMI088:00000000 $d
C:\Users\Lenovo\AppData\Local\Temp\cct5tFFd.s:947    .data.BMI088_ACCEL_SEN:00000000 $d
C:\Users\Lenovo\AppData\Local\Temp\cct5tFFd.s:954    .data.BMI088_GYRO_SEN:00000000 $d
C:\Users\Lenovo\AppData\Local\Temp\cct5tFFd.s:961    .rodata.write_BMI088_accel_reg_data_error:00000000 $d
C:\Users\Lenovo\AppData\Local\Temp\cct5tFFd.s:965    .rodata.write_BMI088_accel_reg_data_error:00000000 write_BMI088_accel_reg_data_error
C:\Users\Lenovo\AppData\Local\Temp\cct5tFFd.s:973    .rodata.write_BMI088_gyro_reg_data_error:00000000 $d
C:\Users\Lenovo\AppData\Local\Temp\cct5tFFd.s:977    .rodata.write_BMI088_gyro_reg_data_error:00000000 write_BMI088_gyro_reg_data_error

UNDEFINED SYMBOLS
BMI088_read_write_byte
BMI088_ACCEL_NS_L
BMI088_ACCEL_NS_H
BMI088_delay_us
BMI088_delay_ms
BMI088_GYRO_NS_L
BMI088_GYRO_NS_H
BMI088_GPIO_init
BMI088_com_init
__aeabi_i2f
__aeabi_fmul
__aeabi_fadd
