ARM GAS  C:\Users\Lenovo\AppData\Local\Temp\ccndfCVh.s 			page 1


   1              		.cpu cortex-m3
   2              		.arch armv7-m
   3              		.fpu softvfp
   4              		.eabi_attribute 20, 1
   5              		.eabi_attribute 21, 1
   6              		.eabi_attribute 23, 3
   7              		.eabi_attribute 24, 1
   8              		.eabi_attribute 25, 1
   9              		.eabi_attribute 26, 1
  10              		.eabi_attribute 30, 1
  11              		.eabi_attribute 34, 1
  12              		.eabi_attribute 18, 4
  13              		.file	"deca_sleep.c"
  14              		.text
  15              	.Ltext0:
  16              		.cfi_sections	.debug_frame
  17              		.section	.text.deca_sleep,"ax",%progbits
  18              		.align	1
  19              		.global	deca_sleep
  20              		.syntax unified
  21              		.thumb
  22              		.thumb_func
  24              	deca_sleep:
  25              	.LVL0:
  26              	.LFB68:
  27              		.file 1 "Drivers/platform/deca_sleep.c"
   1:Drivers/platform/deca_sleep.c **** /*! ----------------------------------------------------------------------------
   2:Drivers/platform/deca_sleep.c ****  * @file    deca_sleep.c
   3:Drivers/platform/deca_sleep.c ****  * @brief   platform dependent sleep implementation
   4:Drivers/platform/deca_sleep.c ****  *
   5:Drivers/platform/deca_sleep.c ****  * @attention
   6:Drivers/platform/deca_sleep.c ****  *
   7:Drivers/platform/deca_sleep.c ****  * Copyright 2015 (c) DecaWave Ltd, Dublin, Ireland.
   8:Drivers/platform/deca_sleep.c ****  *
   9:Drivers/platform/deca_sleep.c ****  * All rights reserved.
  10:Drivers/platform/deca_sleep.c ****  *
  11:Drivers/platform/deca_sleep.c ****  * @author DecaWave
  12:Drivers/platform/deca_sleep.c ****  */
  13:Drivers/platform/deca_sleep.c **** 
  14:Drivers/platform/deca_sleep.c **** #include "deca_device_api.h"
  15:Drivers/platform/deca_sleep.c **** #include "sleep.h"
  16:Drivers/platform/deca_sleep.c **** #include "DWMport.h"
  17:Drivers/platform/deca_sleep.c **** 
  18:Drivers/platform/deca_sleep.c **** /* Wrapper function to be used by decadriver. Declared in deca_device_api.h */
  19:Drivers/platform/deca_sleep.c **** __INLINE void deca_sleep(unsigned int time_ms)
  20:Drivers/platform/deca_sleep.c **** {
  28              		.loc 1 20 1 view -0
  29              		.cfi_startproc
  30              		@ args = 0, pretend = 0, frame = 0
  31              		@ frame_needed = 0, uses_anonymous_args = 0
  32              		.loc 1 20 1 is_stmt 0 view .LVU1
  33 0000 08B5     		push	{r3, lr}
  34              	.LCFI0:
  35              		.cfi_def_cfa_offset 8
  36              		.cfi_offset 3, -8
  37              		.cfi_offset 14, -4
  21:Drivers/platform/deca_sleep.c **** 	Sleep(time_ms);
ARM GAS  C:\Users\Lenovo\AppData\Local\Temp\ccndfCVh.s 			page 2


  38              		.loc 1 21 2 is_stmt 1 view .LVU2
  39 0002 FFF7FEFF 		bl	Sleep
  40              	.LVL1:
  22:Drivers/platform/deca_sleep.c **** }
  41              		.loc 1 22 1 is_stmt 0 view .LVU3
  42 0006 08BD     		pop	{r3, pc}
  43              		.cfi_endproc
  44              	.LFE68:
  46              		.text
  47              	.Letext0:
  48              		.file 2 "Drivers/platform/DWMport.h"
ARM GAS  C:\Users\Lenovo\AppData\Local\Temp\ccndfCVh.s 			page 3


DEFINED SYMBOLS
                            *ABS*:00000000 deca_sleep.c
C:\Users\Lenovo\AppData\Local\Temp\ccndfCVh.s:18     .text.deca_sleep:00000000 $t
C:\Users\Lenovo\AppData\Local\Temp\ccndfCVh.s:24     .text.deca_sleep:00000000 deca_sleep

UNDEFINED SYMBOLS
Sleep
