ARM GAS  C:\Users\Lenovo\AppData\Local\Temp\cc9zcFHg.s 			page 1


   1              		.cpu cortex-m3
   2              		.arch armv7-m
   3              		.fpu softvfp
   4              		.eabi_attribute 20, 1
   5              		.eabi_attribute 21, 1
   6              		.eabi_attribute 23, 3
   7              		.eabi_attribute 24, 1
   8              		.eabi_attribute 25, 1
   9              		.eabi_attribute 26, 1
  10              		.eabi_attribute 30, 1
  11              		.eabi_attribute 34, 1
  12              		.eabi_attribute 18, 4
  13              		.file	"deca_range_tables.c"
  14              		.text
  15              	.Ltext0:
  16              		.cfi_sections	.debug_frame
  17              		.global	__aeabi_f2d
  18              		.global	__aeabi_dmul
  19              		.global	__aeabi_d2iz
  20              		.global	__aeabi_i2f
  21              		.section	.text.dwt_getrangebias,"ax",%progbits
  22              		.align	1
  23              		.global	dwt_getrangebias
  24              		.syntax unified
  25              		.thumb
  26              		.thumb_func
  28              	dwt_getrangebias:
  29              	.LVL0:
  30              	.LFB3:
  31              		.file 1 "Drivers/platform/deca_range_tables.c"
   1:Drivers/platform/deca_range_tables.c **** /*! ----------------------------------------------------------------------------
   2:Drivers/platform/deca_range_tables.c ****  *  @file    deca_range_tables.c
   3:Drivers/platform/deca_range_tables.c ****  *  @brief   DW1000 range correction tables
   4:Drivers/platform/deca_range_tables.c ****  *
   5:Drivers/platform/deca_range_tables.c ****  * @attention
   6:Drivers/platform/deca_range_tables.c ****  *
   7:Drivers/platform/deca_range_tables.c ****  * Copyright 2015 (c) DecaWave Ltd, Dublin, Ireland.
   8:Drivers/platform/deca_range_tables.c ****  *
   9:Drivers/platform/deca_range_tables.c ****  * All rights reserved.
  10:Drivers/platform/deca_range_tables.c ****  *
  11:Drivers/platform/deca_range_tables.c ****  */
  12:Drivers/platform/deca_range_tables.c **** #include <stdio.h>
  13:Drivers/platform/deca_range_tables.c **** #include <stdlib.h>
  14:Drivers/platform/deca_range_tables.c **** 
  15:Drivers/platform/deca_range_tables.c **** #include "deca_device_api.h"
  16:Drivers/platform/deca_range_tables.c **** #include "deca_param_types.h"
  17:Drivers/platform/deca_range_tables.c **** 
  18:Drivers/platform/deca_range_tables.c **** #define NUM_16M_OFFSET  (37)
  19:Drivers/platform/deca_range_tables.c **** #define NUM_16M_OFFSETWB  (68)
  20:Drivers/platform/deca_range_tables.c **** #define NUM_64M_OFFSET  (26)
  21:Drivers/platform/deca_range_tables.c **** #define NUM_64M_OFFSETWB  (59)
  22:Drivers/platform/deca_range_tables.c **** 
  23:Drivers/platform/deca_range_tables.c **** const uint8 chan_idxnb[NUM_CH_SUPPORTED] = {0, 0, 1, 2, 0, 3, 0, 0}; //only channels 1,2,3 and 5 ar
  24:Drivers/platform/deca_range_tables.c **** const uint8 chan_idxwb[NUM_CH_SUPPORTED] = {0, 0, 0, 0, 0, 0, 0, 1}; //only channels 4 and 7 are in
  25:Drivers/platform/deca_range_tables.c **** 
  26:Drivers/platform/deca_range_tables.c **** //-------------------------------------------------------------------------------------------------
  27:Drivers/platform/deca_range_tables.c **** // Range Bias Correction TABLES of range values in integer units of 25 CM, for 8-bit unsigned stora
ARM GAS  C:\Users\Lenovo\AppData\Local\Temp\cc9zcFHg.s 			page 2


  28:Drivers/platform/deca_range_tables.c **** //-------------------------------------------------------------------------------------------------
  29:Drivers/platform/deca_range_tables.c **** 
  30:Drivers/platform/deca_range_tables.c **** // offsets to nearest centimeter for index 0, all rest are +1 cm per value
  31:Drivers/platform/deca_range_tables.c **** 
  32:Drivers/platform/deca_range_tables.c **** #define CM_OFFSET_16M_NB    (-23)   // for normal band channels at 16 MHz PRF
  33:Drivers/platform/deca_range_tables.c **** #define CM_OFFSET_16M_WB    (-28)   // for wider  band channels at 16 MHz PRF
  34:Drivers/platform/deca_range_tables.c **** #define CM_OFFSET_64M_NB    (-17)   // for normal band channels at 64 MHz PRF
  35:Drivers/platform/deca_range_tables.c **** #define CM_OFFSET_64M_WB    (-30)   // for wider  band channels at 64 MHz PRF
  36:Drivers/platform/deca_range_tables.c **** 
  37:Drivers/platform/deca_range_tables.c **** 
  38:Drivers/platform/deca_range_tables.c **** //-------------------------------------------------------------------------------------------------
  39:Drivers/platform/deca_range_tables.c **** // range25cm16PRFnb: Range Bias Correction table for narrow band channels at 16 MHz PRF, NB: !!!! e
  40:Drivers/platform/deca_range_tables.c **** //-------------------------------------------------------------------------------------------------
  41:Drivers/platform/deca_range_tables.c **** 
  42:Drivers/platform/deca_range_tables.c **** const uint8 range25cm16PRFnb[4][NUM_16M_OFFSET] =
  43:Drivers/platform/deca_range_tables.c **** {
  44:Drivers/platform/deca_range_tables.c ****     // ch 1 - range25cm16PRFnb
  45:Drivers/platform/deca_range_tables.c ****     {
  46:Drivers/platform/deca_range_tables.c ****            1,
  47:Drivers/platform/deca_range_tables.c ****            3,
  48:Drivers/platform/deca_range_tables.c ****            4,
  49:Drivers/platform/deca_range_tables.c ****            5,
  50:Drivers/platform/deca_range_tables.c ****            7,
  51:Drivers/platform/deca_range_tables.c ****            9,
  52:Drivers/platform/deca_range_tables.c ****           11,
  53:Drivers/platform/deca_range_tables.c ****           12,
  54:Drivers/platform/deca_range_tables.c ****           13,
  55:Drivers/platform/deca_range_tables.c ****           15,
  56:Drivers/platform/deca_range_tables.c ****           18,
  57:Drivers/platform/deca_range_tables.c ****           20,
  58:Drivers/platform/deca_range_tables.c ****           23,
  59:Drivers/platform/deca_range_tables.c ****           25,
  60:Drivers/platform/deca_range_tables.c ****           28,
  61:Drivers/platform/deca_range_tables.c ****           30,
  62:Drivers/platform/deca_range_tables.c ****           33,
  63:Drivers/platform/deca_range_tables.c ****           36,
  64:Drivers/platform/deca_range_tables.c ****           40,
  65:Drivers/platform/deca_range_tables.c ****           43,
  66:Drivers/platform/deca_range_tables.c ****           47,
  67:Drivers/platform/deca_range_tables.c ****           50,
  68:Drivers/platform/deca_range_tables.c ****           54,
  69:Drivers/platform/deca_range_tables.c ****           58,
  70:Drivers/platform/deca_range_tables.c ****           63,
  71:Drivers/platform/deca_range_tables.c ****           66,
  72:Drivers/platform/deca_range_tables.c ****           71,
  73:Drivers/platform/deca_range_tables.c ****           76,
  74:Drivers/platform/deca_range_tables.c ****           82,
  75:Drivers/platform/deca_range_tables.c ****           89,
  76:Drivers/platform/deca_range_tables.c ****           98,
  77:Drivers/platform/deca_range_tables.c ****          109,
  78:Drivers/platform/deca_range_tables.c ****          127,
  79:Drivers/platform/deca_range_tables.c ****          155,
  80:Drivers/platform/deca_range_tables.c ****          222,
  81:Drivers/platform/deca_range_tables.c ****          255,
  82:Drivers/platform/deca_range_tables.c ****          255
  83:Drivers/platform/deca_range_tables.c ****     },
  84:Drivers/platform/deca_range_tables.c **** 
ARM GAS  C:\Users\Lenovo\AppData\Local\Temp\cc9zcFHg.s 			page 3


  85:Drivers/platform/deca_range_tables.c ****     // ch 2 - range25cm16PRFnb
  86:Drivers/platform/deca_range_tables.c ****     {
  87:Drivers/platform/deca_range_tables.c ****            1,
  88:Drivers/platform/deca_range_tables.c ****            2,
  89:Drivers/platform/deca_range_tables.c ****            4,
  90:Drivers/platform/deca_range_tables.c ****            5,
  91:Drivers/platform/deca_range_tables.c ****            6,
  92:Drivers/platform/deca_range_tables.c ****            8,
  93:Drivers/platform/deca_range_tables.c ****            9,
  94:Drivers/platform/deca_range_tables.c ****           10,
  95:Drivers/platform/deca_range_tables.c ****           12,
  96:Drivers/platform/deca_range_tables.c ****           13,
  97:Drivers/platform/deca_range_tables.c ****           15,
  98:Drivers/platform/deca_range_tables.c ****           18,
  99:Drivers/platform/deca_range_tables.c ****           20,
 100:Drivers/platform/deca_range_tables.c ****           22,
 101:Drivers/platform/deca_range_tables.c ****           24,
 102:Drivers/platform/deca_range_tables.c ****           27,
 103:Drivers/platform/deca_range_tables.c ****           29,
 104:Drivers/platform/deca_range_tables.c ****           32,
 105:Drivers/platform/deca_range_tables.c ****           35,
 106:Drivers/platform/deca_range_tables.c ****           38,
 107:Drivers/platform/deca_range_tables.c ****           41,
 108:Drivers/platform/deca_range_tables.c ****           44,
 109:Drivers/platform/deca_range_tables.c ****           47,
 110:Drivers/platform/deca_range_tables.c ****           51,
 111:Drivers/platform/deca_range_tables.c ****           55,
 112:Drivers/platform/deca_range_tables.c ****           58,
 113:Drivers/platform/deca_range_tables.c ****           62,
 114:Drivers/platform/deca_range_tables.c ****           66,
 115:Drivers/platform/deca_range_tables.c ****           71,
 116:Drivers/platform/deca_range_tables.c ****           78,
 117:Drivers/platform/deca_range_tables.c ****           85,
 118:Drivers/platform/deca_range_tables.c ****           96,
 119:Drivers/platform/deca_range_tables.c ****          111,
 120:Drivers/platform/deca_range_tables.c ****          135,
 121:Drivers/platform/deca_range_tables.c ****          194,
 122:Drivers/platform/deca_range_tables.c ****          240,
 123:Drivers/platform/deca_range_tables.c ****          255
 124:Drivers/platform/deca_range_tables.c ****     },
 125:Drivers/platform/deca_range_tables.c **** 
 126:Drivers/platform/deca_range_tables.c ****     // ch 3 - range25cm16PRFnb
 127:Drivers/platform/deca_range_tables.c ****     {
 128:Drivers/platform/deca_range_tables.c ****            1,
 129:Drivers/platform/deca_range_tables.c ****            2,
 130:Drivers/platform/deca_range_tables.c ****            3,
 131:Drivers/platform/deca_range_tables.c ****            4,
 132:Drivers/platform/deca_range_tables.c ****            5,
 133:Drivers/platform/deca_range_tables.c ****            7,
 134:Drivers/platform/deca_range_tables.c ****            8,
 135:Drivers/platform/deca_range_tables.c ****            9,
 136:Drivers/platform/deca_range_tables.c ****           10,
 137:Drivers/platform/deca_range_tables.c ****           12,
 138:Drivers/platform/deca_range_tables.c ****           14,
 139:Drivers/platform/deca_range_tables.c ****           16,
 140:Drivers/platform/deca_range_tables.c ****           18,
 141:Drivers/platform/deca_range_tables.c ****           20,
ARM GAS  C:\Users\Lenovo\AppData\Local\Temp\cc9zcFHg.s 			page 4


 142:Drivers/platform/deca_range_tables.c ****           22,
 143:Drivers/platform/deca_range_tables.c ****           24,
 144:Drivers/platform/deca_range_tables.c ****           26,
 145:Drivers/platform/deca_range_tables.c ****           28,
 146:Drivers/platform/deca_range_tables.c ****           31,
 147:Drivers/platform/deca_range_tables.c ****           33,
 148:Drivers/platform/deca_range_tables.c ****           36,
 149:Drivers/platform/deca_range_tables.c ****           39,
 150:Drivers/platform/deca_range_tables.c ****           42,
 151:Drivers/platform/deca_range_tables.c ****           45,
 152:Drivers/platform/deca_range_tables.c ****           49,
 153:Drivers/platform/deca_range_tables.c ****           52,
 154:Drivers/platform/deca_range_tables.c ****           55,
 155:Drivers/platform/deca_range_tables.c ****           59,
 156:Drivers/platform/deca_range_tables.c ****           63,
 157:Drivers/platform/deca_range_tables.c ****           69,
 158:Drivers/platform/deca_range_tables.c ****           76,
 159:Drivers/platform/deca_range_tables.c ****           85,
 160:Drivers/platform/deca_range_tables.c ****           98,
 161:Drivers/platform/deca_range_tables.c ****          120,
 162:Drivers/platform/deca_range_tables.c ****          173,
 163:Drivers/platform/deca_range_tables.c ****          213,
 164:Drivers/platform/deca_range_tables.c ****          255
 165:Drivers/platform/deca_range_tables.c ****     },
 166:Drivers/platform/deca_range_tables.c **** 
 167:Drivers/platform/deca_range_tables.c ****     // ch 5 - range25cm16PRFnb
 168:Drivers/platform/deca_range_tables.c ****     {
 169:Drivers/platform/deca_range_tables.c ****            1,
 170:Drivers/platform/deca_range_tables.c ****            1,
 171:Drivers/platform/deca_range_tables.c ****            2,
 172:Drivers/platform/deca_range_tables.c ****            3,
 173:Drivers/platform/deca_range_tables.c ****            4,
 174:Drivers/platform/deca_range_tables.c ****            5,
 175:Drivers/platform/deca_range_tables.c ****            6,
 176:Drivers/platform/deca_range_tables.c ****            6,
 177:Drivers/platform/deca_range_tables.c ****            7,
 178:Drivers/platform/deca_range_tables.c ****            8,
 179:Drivers/platform/deca_range_tables.c ****            9,
 180:Drivers/platform/deca_range_tables.c ****           11,
 181:Drivers/platform/deca_range_tables.c ****           12,
 182:Drivers/platform/deca_range_tables.c ****           14,
 183:Drivers/platform/deca_range_tables.c ****           15,
 184:Drivers/platform/deca_range_tables.c ****           16,
 185:Drivers/platform/deca_range_tables.c ****           18,
 186:Drivers/platform/deca_range_tables.c ****           20,
 187:Drivers/platform/deca_range_tables.c ****           21,
 188:Drivers/platform/deca_range_tables.c ****           23,
 189:Drivers/platform/deca_range_tables.c ****           25,
 190:Drivers/platform/deca_range_tables.c ****           27,
 191:Drivers/platform/deca_range_tables.c ****           29,
 192:Drivers/platform/deca_range_tables.c ****           31,
 193:Drivers/platform/deca_range_tables.c ****           34,
 194:Drivers/platform/deca_range_tables.c ****           36,
 195:Drivers/platform/deca_range_tables.c ****           38,
 196:Drivers/platform/deca_range_tables.c ****           41,
 197:Drivers/platform/deca_range_tables.c ****           44,
 198:Drivers/platform/deca_range_tables.c ****           48,
ARM GAS  C:\Users\Lenovo\AppData\Local\Temp\cc9zcFHg.s 			page 5


 199:Drivers/platform/deca_range_tables.c ****           53,
 200:Drivers/platform/deca_range_tables.c ****           59,
 201:Drivers/platform/deca_range_tables.c ****           68,
 202:Drivers/platform/deca_range_tables.c ****           83,
 203:Drivers/platform/deca_range_tables.c ****          120,
 204:Drivers/platform/deca_range_tables.c ****          148,
 205:Drivers/platform/deca_range_tables.c ****          255
 206:Drivers/platform/deca_range_tables.c ****     }
 207:Drivers/platform/deca_range_tables.c **** }; // end range25cm16PRFnb
 208:Drivers/platform/deca_range_tables.c **** 
 209:Drivers/platform/deca_range_tables.c **** 
 210:Drivers/platform/deca_range_tables.c **** //-------------------------------------------------------------------------------------------------
 211:Drivers/platform/deca_range_tables.c **** // range25cm16PRFwb: Range Bias Correction table for wide band channels at 16 MHz PRF, NB: !!!! eac
 212:Drivers/platform/deca_range_tables.c **** //-------------------------------------------------------------------------------------------------
 213:Drivers/platform/deca_range_tables.c **** 
 214:Drivers/platform/deca_range_tables.c **** const uint8 range25cm16PRFwb[2][NUM_16M_OFFSETWB] =
 215:Drivers/platform/deca_range_tables.c **** {
 216:Drivers/platform/deca_range_tables.c ****     // ch 4 - range25cm16PRFwb
 217:Drivers/platform/deca_range_tables.c ****     {
 218:Drivers/platform/deca_range_tables.c ****            7,
 219:Drivers/platform/deca_range_tables.c ****            7,
 220:Drivers/platform/deca_range_tables.c ****            8,
 221:Drivers/platform/deca_range_tables.c ****            9,
 222:Drivers/platform/deca_range_tables.c ****            9,
 223:Drivers/platform/deca_range_tables.c ****           10,
 224:Drivers/platform/deca_range_tables.c ****           11,
 225:Drivers/platform/deca_range_tables.c ****           11,
 226:Drivers/platform/deca_range_tables.c ****           12,
 227:Drivers/platform/deca_range_tables.c ****           13,
 228:Drivers/platform/deca_range_tables.c ****           14,
 229:Drivers/platform/deca_range_tables.c ****           15,
 230:Drivers/platform/deca_range_tables.c ****           16,
 231:Drivers/platform/deca_range_tables.c ****           17,
 232:Drivers/platform/deca_range_tables.c ****           18,
 233:Drivers/platform/deca_range_tables.c ****           19,
 234:Drivers/platform/deca_range_tables.c ****           20,
 235:Drivers/platform/deca_range_tables.c ****           21,
 236:Drivers/platform/deca_range_tables.c ****           22,
 237:Drivers/platform/deca_range_tables.c ****           23,
 238:Drivers/platform/deca_range_tables.c ****           24,
 239:Drivers/platform/deca_range_tables.c ****           26,
 240:Drivers/platform/deca_range_tables.c ****           27,
 241:Drivers/platform/deca_range_tables.c ****           28,
 242:Drivers/platform/deca_range_tables.c ****           30,
 243:Drivers/platform/deca_range_tables.c ****           31,
 244:Drivers/platform/deca_range_tables.c ****           32,
 245:Drivers/platform/deca_range_tables.c ****           34,
 246:Drivers/platform/deca_range_tables.c ****           36,
 247:Drivers/platform/deca_range_tables.c ****           38,
 248:Drivers/platform/deca_range_tables.c ****           40,
 249:Drivers/platform/deca_range_tables.c ****           42,
 250:Drivers/platform/deca_range_tables.c ****           44,
 251:Drivers/platform/deca_range_tables.c ****           46,
 252:Drivers/platform/deca_range_tables.c ****           48,
 253:Drivers/platform/deca_range_tables.c ****           50,
 254:Drivers/platform/deca_range_tables.c ****           52,
 255:Drivers/platform/deca_range_tables.c ****           55,
ARM GAS  C:\Users\Lenovo\AppData\Local\Temp\cc9zcFHg.s 			page 6


 256:Drivers/platform/deca_range_tables.c ****           57,
 257:Drivers/platform/deca_range_tables.c ****           59,
 258:Drivers/platform/deca_range_tables.c ****           61,
 259:Drivers/platform/deca_range_tables.c ****           63,
 260:Drivers/platform/deca_range_tables.c ****           66,
 261:Drivers/platform/deca_range_tables.c ****           68,
 262:Drivers/platform/deca_range_tables.c ****           71,
 263:Drivers/platform/deca_range_tables.c ****           74,
 264:Drivers/platform/deca_range_tables.c ****           78,
 265:Drivers/platform/deca_range_tables.c ****           81,
 266:Drivers/platform/deca_range_tables.c ****           85,
 267:Drivers/platform/deca_range_tables.c ****           89,
 268:Drivers/platform/deca_range_tables.c ****           94,
 269:Drivers/platform/deca_range_tables.c ****           99,
 270:Drivers/platform/deca_range_tables.c ****          104,
 271:Drivers/platform/deca_range_tables.c ****          110,
 272:Drivers/platform/deca_range_tables.c ****          116,
 273:Drivers/platform/deca_range_tables.c ****          123,
 274:Drivers/platform/deca_range_tables.c ****          130,
 275:Drivers/platform/deca_range_tables.c ****          139,
 276:Drivers/platform/deca_range_tables.c ****          150,
 277:Drivers/platform/deca_range_tables.c ****          164,
 278:Drivers/platform/deca_range_tables.c ****          182,
 279:Drivers/platform/deca_range_tables.c ****          207,
 280:Drivers/platform/deca_range_tables.c ****          238,
 281:Drivers/platform/deca_range_tables.c ****          255,
 282:Drivers/platform/deca_range_tables.c ****          255,
 283:Drivers/platform/deca_range_tables.c ****          255,
 284:Drivers/platform/deca_range_tables.c ****          255,
 285:Drivers/platform/deca_range_tables.c ****          255
 286:Drivers/platform/deca_range_tables.c ****     },
 287:Drivers/platform/deca_range_tables.c **** 
 288:Drivers/platform/deca_range_tables.c ****     // ch 7 - range25cm16PRFwb
 289:Drivers/platform/deca_range_tables.c ****     {
 290:Drivers/platform/deca_range_tables.c ****            4,
 291:Drivers/platform/deca_range_tables.c ****            5,
 292:Drivers/platform/deca_range_tables.c ****            5,
 293:Drivers/platform/deca_range_tables.c ****            5,
 294:Drivers/platform/deca_range_tables.c ****            6,
 295:Drivers/platform/deca_range_tables.c ****            6,
 296:Drivers/platform/deca_range_tables.c ****            7,
 297:Drivers/platform/deca_range_tables.c ****            7,
 298:Drivers/platform/deca_range_tables.c ****            7,
 299:Drivers/platform/deca_range_tables.c ****            8,
 300:Drivers/platform/deca_range_tables.c ****            9,
 301:Drivers/platform/deca_range_tables.c ****            9,
 302:Drivers/platform/deca_range_tables.c ****           10,
 303:Drivers/platform/deca_range_tables.c ****           10,
 304:Drivers/platform/deca_range_tables.c ****           11,
 305:Drivers/platform/deca_range_tables.c ****           11,
 306:Drivers/platform/deca_range_tables.c ****           12,
 307:Drivers/platform/deca_range_tables.c ****           13,
 308:Drivers/platform/deca_range_tables.c ****           13,
 309:Drivers/platform/deca_range_tables.c ****           14,
 310:Drivers/platform/deca_range_tables.c ****           15,
 311:Drivers/platform/deca_range_tables.c ****           16,
 312:Drivers/platform/deca_range_tables.c ****           17,
ARM GAS  C:\Users\Lenovo\AppData\Local\Temp\cc9zcFHg.s 			page 7


 313:Drivers/platform/deca_range_tables.c ****           17,
 314:Drivers/platform/deca_range_tables.c ****           18,
 315:Drivers/platform/deca_range_tables.c ****           19,
 316:Drivers/platform/deca_range_tables.c ****           20,
 317:Drivers/platform/deca_range_tables.c ****           21,
 318:Drivers/platform/deca_range_tables.c ****           22,
 319:Drivers/platform/deca_range_tables.c ****           23,
 320:Drivers/platform/deca_range_tables.c ****           25,
 321:Drivers/platform/deca_range_tables.c ****           26,
 322:Drivers/platform/deca_range_tables.c ****           27,
 323:Drivers/platform/deca_range_tables.c ****           29,
 324:Drivers/platform/deca_range_tables.c ****           30,
 325:Drivers/platform/deca_range_tables.c ****           31,
 326:Drivers/platform/deca_range_tables.c ****           32,
 327:Drivers/platform/deca_range_tables.c ****           34,
 328:Drivers/platform/deca_range_tables.c ****           35,
 329:Drivers/platform/deca_range_tables.c ****           36,
 330:Drivers/platform/deca_range_tables.c ****           38,
 331:Drivers/platform/deca_range_tables.c ****           39,
 332:Drivers/platform/deca_range_tables.c ****           40,
 333:Drivers/platform/deca_range_tables.c ****           42,
 334:Drivers/platform/deca_range_tables.c ****           44,
 335:Drivers/platform/deca_range_tables.c ****           46,
 336:Drivers/platform/deca_range_tables.c ****           48,
 337:Drivers/platform/deca_range_tables.c ****           50,
 338:Drivers/platform/deca_range_tables.c ****           52,
 339:Drivers/platform/deca_range_tables.c ****           55,
 340:Drivers/platform/deca_range_tables.c ****           58,
 341:Drivers/platform/deca_range_tables.c ****           61,
 342:Drivers/platform/deca_range_tables.c ****           64,
 343:Drivers/platform/deca_range_tables.c ****           68,
 344:Drivers/platform/deca_range_tables.c ****           72,
 345:Drivers/platform/deca_range_tables.c ****           75,
 346:Drivers/platform/deca_range_tables.c ****           80,
 347:Drivers/platform/deca_range_tables.c ****           85,
 348:Drivers/platform/deca_range_tables.c ****           92,
 349:Drivers/platform/deca_range_tables.c ****          101,
 350:Drivers/platform/deca_range_tables.c ****          112,
 351:Drivers/platform/deca_range_tables.c ****          127,
 352:Drivers/platform/deca_range_tables.c ****          147,
 353:Drivers/platform/deca_range_tables.c ****          168,
 354:Drivers/platform/deca_range_tables.c ****          182,
 355:Drivers/platform/deca_range_tables.c ****          194,
 356:Drivers/platform/deca_range_tables.c ****          205,
 357:Drivers/platform/deca_range_tables.c ****          255
 358:Drivers/platform/deca_range_tables.c ****     }
 359:Drivers/platform/deca_range_tables.c **** }; // end range25cm16PRFwb
 360:Drivers/platform/deca_range_tables.c **** 
 361:Drivers/platform/deca_range_tables.c **** //-------------------------------------------------------------------------------------------------
 362:Drivers/platform/deca_range_tables.c **** // range25cm64PRFnb: Range Bias Correction table for narrow band channels at 64 MHz PRF, NB: !!!! e
 363:Drivers/platform/deca_range_tables.c **** //-------------------------------------------------------------------------------------------------
 364:Drivers/platform/deca_range_tables.c **** 
 365:Drivers/platform/deca_range_tables.c **** const uint8 range25cm64PRFnb[4][NUM_64M_OFFSET] =
 366:Drivers/platform/deca_range_tables.c **** {
 367:Drivers/platform/deca_range_tables.c ****     // ch 1 - range25cm64PRFnb
 368:Drivers/platform/deca_range_tables.c ****     {
 369:Drivers/platform/deca_range_tables.c ****            1,
ARM GAS  C:\Users\Lenovo\AppData\Local\Temp\cc9zcFHg.s 			page 8


 370:Drivers/platform/deca_range_tables.c ****            2,
 371:Drivers/platform/deca_range_tables.c ****            2,
 372:Drivers/platform/deca_range_tables.c ****            3,
 373:Drivers/platform/deca_range_tables.c ****            4,
 374:Drivers/platform/deca_range_tables.c ****            5,
 375:Drivers/platform/deca_range_tables.c ****            7,
 376:Drivers/platform/deca_range_tables.c ****           10,
 377:Drivers/platform/deca_range_tables.c ****           13,
 378:Drivers/platform/deca_range_tables.c ****           16,
 379:Drivers/platform/deca_range_tables.c ****           19,
 380:Drivers/platform/deca_range_tables.c ****           22,
 381:Drivers/platform/deca_range_tables.c ****           24,
 382:Drivers/platform/deca_range_tables.c ****           27,
 383:Drivers/platform/deca_range_tables.c ****           30,
 384:Drivers/platform/deca_range_tables.c ****           32,
 385:Drivers/platform/deca_range_tables.c ****           35,
 386:Drivers/platform/deca_range_tables.c ****           38,
 387:Drivers/platform/deca_range_tables.c ****           43,
 388:Drivers/platform/deca_range_tables.c ****           48,
 389:Drivers/platform/deca_range_tables.c ****           56,
 390:Drivers/platform/deca_range_tables.c ****           78,
 391:Drivers/platform/deca_range_tables.c ****          101,
 392:Drivers/platform/deca_range_tables.c ****          120,
 393:Drivers/platform/deca_range_tables.c ****          157,
 394:Drivers/platform/deca_range_tables.c ****          255
 395:Drivers/platform/deca_range_tables.c ****     },
 396:Drivers/platform/deca_range_tables.c **** 
 397:Drivers/platform/deca_range_tables.c ****     // ch 2 - range25cm64PRFnb
 398:Drivers/platform/deca_range_tables.c ****     {
 399:Drivers/platform/deca_range_tables.c ****            1,
 400:Drivers/platform/deca_range_tables.c ****            2,
 401:Drivers/platform/deca_range_tables.c ****            2,
 402:Drivers/platform/deca_range_tables.c ****            3,
 403:Drivers/platform/deca_range_tables.c ****            4,
 404:Drivers/platform/deca_range_tables.c ****            4,
 405:Drivers/platform/deca_range_tables.c ****            6,
 406:Drivers/platform/deca_range_tables.c ****            9,
 407:Drivers/platform/deca_range_tables.c ****           12,
 408:Drivers/platform/deca_range_tables.c ****           14,
 409:Drivers/platform/deca_range_tables.c ****           17,
 410:Drivers/platform/deca_range_tables.c ****           19,
 411:Drivers/platform/deca_range_tables.c ****           21,
 412:Drivers/platform/deca_range_tables.c ****           24,
 413:Drivers/platform/deca_range_tables.c ****           26,
 414:Drivers/platform/deca_range_tables.c ****           28,
 415:Drivers/platform/deca_range_tables.c ****           31,
 416:Drivers/platform/deca_range_tables.c ****           33,
 417:Drivers/platform/deca_range_tables.c ****           37,
 418:Drivers/platform/deca_range_tables.c ****           42,
 419:Drivers/platform/deca_range_tables.c ****           49,
 420:Drivers/platform/deca_range_tables.c ****           68,
 421:Drivers/platform/deca_range_tables.c ****           89,
 422:Drivers/platform/deca_range_tables.c ****          105,
 423:Drivers/platform/deca_range_tables.c ****          138,
 424:Drivers/platform/deca_range_tables.c ****          255
 425:Drivers/platform/deca_range_tables.c ****     },
 426:Drivers/platform/deca_range_tables.c **** 
ARM GAS  C:\Users\Lenovo\AppData\Local\Temp\cc9zcFHg.s 			page 9


 427:Drivers/platform/deca_range_tables.c ****     // ch 3 - range25cm64PRFnb
 428:Drivers/platform/deca_range_tables.c ****     {
 429:Drivers/platform/deca_range_tables.c ****            1,
 430:Drivers/platform/deca_range_tables.c ****            1,
 431:Drivers/platform/deca_range_tables.c ****            2,
 432:Drivers/platform/deca_range_tables.c ****            3,
 433:Drivers/platform/deca_range_tables.c ****            3,
 434:Drivers/platform/deca_range_tables.c ****            4,
 435:Drivers/platform/deca_range_tables.c ****            5,
 436:Drivers/platform/deca_range_tables.c ****            8,
 437:Drivers/platform/deca_range_tables.c ****           10,
 438:Drivers/platform/deca_range_tables.c ****           13,
 439:Drivers/platform/deca_range_tables.c ****           15,
 440:Drivers/platform/deca_range_tables.c ****           17,
 441:Drivers/platform/deca_range_tables.c ****           19,
 442:Drivers/platform/deca_range_tables.c ****           21,
 443:Drivers/platform/deca_range_tables.c ****           23,
 444:Drivers/platform/deca_range_tables.c ****           25,
 445:Drivers/platform/deca_range_tables.c ****           27,
 446:Drivers/platform/deca_range_tables.c ****           30,
 447:Drivers/platform/deca_range_tables.c ****           33,
 448:Drivers/platform/deca_range_tables.c ****           37,
 449:Drivers/platform/deca_range_tables.c ****           44,
 450:Drivers/platform/deca_range_tables.c ****           60,
 451:Drivers/platform/deca_range_tables.c ****           79,
 452:Drivers/platform/deca_range_tables.c ****           93,
 453:Drivers/platform/deca_range_tables.c ****          122,
 454:Drivers/platform/deca_range_tables.c ****          255
 455:Drivers/platform/deca_range_tables.c ****     },
 456:Drivers/platform/deca_range_tables.c **** 
 457:Drivers/platform/deca_range_tables.c ****     // ch 5 - range25cm64PRFnb
 458:Drivers/platform/deca_range_tables.c ****     {
 459:Drivers/platform/deca_range_tables.c ****            1,
 460:Drivers/platform/deca_range_tables.c ****            1,
 461:Drivers/platform/deca_range_tables.c ****            1,
 462:Drivers/platform/deca_range_tables.c ****            2,
 463:Drivers/platform/deca_range_tables.c ****            2,
 464:Drivers/platform/deca_range_tables.c ****            3,
 465:Drivers/platform/deca_range_tables.c ****            4,
 466:Drivers/platform/deca_range_tables.c ****            6,
 467:Drivers/platform/deca_range_tables.c ****            7,
 468:Drivers/platform/deca_range_tables.c ****            9,
 469:Drivers/platform/deca_range_tables.c ****           10,
 470:Drivers/platform/deca_range_tables.c ****           12,
 471:Drivers/platform/deca_range_tables.c ****           13,
 472:Drivers/platform/deca_range_tables.c ****           15,
 473:Drivers/platform/deca_range_tables.c ****           16,
 474:Drivers/platform/deca_range_tables.c ****           17,
 475:Drivers/platform/deca_range_tables.c ****           19,
 476:Drivers/platform/deca_range_tables.c ****           21,
 477:Drivers/platform/deca_range_tables.c ****           23,
 478:Drivers/platform/deca_range_tables.c ****           26,
 479:Drivers/platform/deca_range_tables.c ****           30,
 480:Drivers/platform/deca_range_tables.c ****           42,
 481:Drivers/platform/deca_range_tables.c ****           55,
 482:Drivers/platform/deca_range_tables.c ****           65,
 483:Drivers/platform/deca_range_tables.c ****           85,
ARM GAS  C:\Users\Lenovo\AppData\Local\Temp\cc9zcFHg.s 			page 10


 484:Drivers/platform/deca_range_tables.c ****          255
 485:Drivers/platform/deca_range_tables.c ****     }
 486:Drivers/platform/deca_range_tables.c **** }; // end range25cm64PRFnb
 487:Drivers/platform/deca_range_tables.c **** 
 488:Drivers/platform/deca_range_tables.c **** //-------------------------------------------------------------------------------------------------
 489:Drivers/platform/deca_range_tables.c **** // range25cm64PRFwb: Range Bias Correction table for wide band channels at 64 MHz PRF, NB: !!!! eac
 490:Drivers/platform/deca_range_tables.c **** //-------------------------------------------------------------------------------------------------
 491:Drivers/platform/deca_range_tables.c **** 
 492:Drivers/platform/deca_range_tables.c **** const uint8 range25cm64PRFwb[2][NUM_64M_OFFSETWB] =
 493:Drivers/platform/deca_range_tables.c **** {
 494:Drivers/platform/deca_range_tables.c ****     // ch 4 - range25cm64PRFwb
 495:Drivers/platform/deca_range_tables.c ****     {
 496:Drivers/platform/deca_range_tables.c ****            7,
 497:Drivers/platform/deca_range_tables.c ****            8,
 498:Drivers/platform/deca_range_tables.c ****            8,
 499:Drivers/platform/deca_range_tables.c ****            9,
 500:Drivers/platform/deca_range_tables.c ****            9,
 501:Drivers/platform/deca_range_tables.c ****           10,
 502:Drivers/platform/deca_range_tables.c ****           11,
 503:Drivers/platform/deca_range_tables.c ****           12,
 504:Drivers/platform/deca_range_tables.c ****           13,
 505:Drivers/platform/deca_range_tables.c ****           13,
 506:Drivers/platform/deca_range_tables.c ****           14,
 507:Drivers/platform/deca_range_tables.c ****           15,
 508:Drivers/platform/deca_range_tables.c ****           16,
 509:Drivers/platform/deca_range_tables.c ****           16,
 510:Drivers/platform/deca_range_tables.c ****           17,
 511:Drivers/platform/deca_range_tables.c ****           18,
 512:Drivers/platform/deca_range_tables.c ****           19,
 513:Drivers/platform/deca_range_tables.c ****           19,
 514:Drivers/platform/deca_range_tables.c ****           20,
 515:Drivers/platform/deca_range_tables.c ****           21,
 516:Drivers/platform/deca_range_tables.c ****           22,
 517:Drivers/platform/deca_range_tables.c ****           24,
 518:Drivers/platform/deca_range_tables.c ****           25,
 519:Drivers/platform/deca_range_tables.c ****           27,
 520:Drivers/platform/deca_range_tables.c ****           28,
 521:Drivers/platform/deca_range_tables.c ****           29,
 522:Drivers/platform/deca_range_tables.c ****           30,
 523:Drivers/platform/deca_range_tables.c ****           32,
 524:Drivers/platform/deca_range_tables.c ****           33,
 525:Drivers/platform/deca_range_tables.c ****           34,
 526:Drivers/platform/deca_range_tables.c ****           35,
 527:Drivers/platform/deca_range_tables.c ****           37,
 528:Drivers/platform/deca_range_tables.c ****           39,
 529:Drivers/platform/deca_range_tables.c ****           41,
 530:Drivers/platform/deca_range_tables.c ****           43,
 531:Drivers/platform/deca_range_tables.c ****           45,
 532:Drivers/platform/deca_range_tables.c ****           48,
 533:Drivers/platform/deca_range_tables.c ****           50,
 534:Drivers/platform/deca_range_tables.c ****           53,
 535:Drivers/platform/deca_range_tables.c ****           56,
 536:Drivers/platform/deca_range_tables.c ****           60,
 537:Drivers/platform/deca_range_tables.c ****           64,
 538:Drivers/platform/deca_range_tables.c ****           68,
 539:Drivers/platform/deca_range_tables.c ****           74,
 540:Drivers/platform/deca_range_tables.c ****           81,
ARM GAS  C:\Users\Lenovo\AppData\Local\Temp\cc9zcFHg.s 			page 11


 541:Drivers/platform/deca_range_tables.c ****           89,
 542:Drivers/platform/deca_range_tables.c ****           98,
 543:Drivers/platform/deca_range_tables.c ****          109,
 544:Drivers/platform/deca_range_tables.c ****          122,
 545:Drivers/platform/deca_range_tables.c ****          136,
 546:Drivers/platform/deca_range_tables.c ****          146,
 547:Drivers/platform/deca_range_tables.c ****          154,
 548:Drivers/platform/deca_range_tables.c ****          162,
 549:Drivers/platform/deca_range_tables.c ****          178,
 550:Drivers/platform/deca_range_tables.c ****          220,
 551:Drivers/platform/deca_range_tables.c ****          249,
 552:Drivers/platform/deca_range_tables.c ****          255,
 553:Drivers/platform/deca_range_tables.c ****          255,
 554:Drivers/platform/deca_range_tables.c ****          255
 555:Drivers/platform/deca_range_tables.c ****     },
 556:Drivers/platform/deca_range_tables.c **** 
 557:Drivers/platform/deca_range_tables.c ****     // ch 7 - range25cm64PRFwb
 558:Drivers/platform/deca_range_tables.c ****     {
 559:Drivers/platform/deca_range_tables.c ****            4,
 560:Drivers/platform/deca_range_tables.c ****            5,
 561:Drivers/platform/deca_range_tables.c ****            5,
 562:Drivers/platform/deca_range_tables.c ****            5,
 563:Drivers/platform/deca_range_tables.c ****            6,
 564:Drivers/platform/deca_range_tables.c ****            6,
 565:Drivers/platform/deca_range_tables.c ****            7,
 566:Drivers/platform/deca_range_tables.c ****            7,
 567:Drivers/platform/deca_range_tables.c ****            8,
 568:Drivers/platform/deca_range_tables.c ****            8,
 569:Drivers/platform/deca_range_tables.c ****            9,
 570:Drivers/platform/deca_range_tables.c ****            9,
 571:Drivers/platform/deca_range_tables.c ****           10,
 572:Drivers/platform/deca_range_tables.c ****           10,
 573:Drivers/platform/deca_range_tables.c ****           10,
 574:Drivers/platform/deca_range_tables.c ****           11,
 575:Drivers/platform/deca_range_tables.c ****           11,
 576:Drivers/platform/deca_range_tables.c ****           12,
 577:Drivers/platform/deca_range_tables.c ****           13,
 578:Drivers/platform/deca_range_tables.c ****           13,
 579:Drivers/platform/deca_range_tables.c ****           14,
 580:Drivers/platform/deca_range_tables.c ****           15,
 581:Drivers/platform/deca_range_tables.c ****           16,
 582:Drivers/platform/deca_range_tables.c ****           16,
 583:Drivers/platform/deca_range_tables.c ****           17,
 584:Drivers/platform/deca_range_tables.c ****           18,
 585:Drivers/platform/deca_range_tables.c ****           19,
 586:Drivers/platform/deca_range_tables.c ****           19,
 587:Drivers/platform/deca_range_tables.c ****           20,
 588:Drivers/platform/deca_range_tables.c ****           21,
 589:Drivers/platform/deca_range_tables.c ****           22,
 590:Drivers/platform/deca_range_tables.c ****           23,
 591:Drivers/platform/deca_range_tables.c ****           24,
 592:Drivers/platform/deca_range_tables.c ****           25,
 593:Drivers/platform/deca_range_tables.c ****           26,
 594:Drivers/platform/deca_range_tables.c ****           28,
 595:Drivers/platform/deca_range_tables.c ****           29,
 596:Drivers/platform/deca_range_tables.c ****           31,
 597:Drivers/platform/deca_range_tables.c ****           33,
ARM GAS  C:\Users\Lenovo\AppData\Local\Temp\cc9zcFHg.s 			page 12


 598:Drivers/platform/deca_range_tables.c ****           35,
 599:Drivers/platform/deca_range_tables.c ****           37,
 600:Drivers/platform/deca_range_tables.c ****           39,
 601:Drivers/platform/deca_range_tables.c ****           42,
 602:Drivers/platform/deca_range_tables.c ****           46,
 603:Drivers/platform/deca_range_tables.c ****           50,
 604:Drivers/platform/deca_range_tables.c ****           54,
 605:Drivers/platform/deca_range_tables.c ****           60,
 606:Drivers/platform/deca_range_tables.c ****           67,
 607:Drivers/platform/deca_range_tables.c ****           75,
 608:Drivers/platform/deca_range_tables.c ****           83,
 609:Drivers/platform/deca_range_tables.c ****           90,
 610:Drivers/platform/deca_range_tables.c ****           95,
 611:Drivers/platform/deca_range_tables.c ****          100,
 612:Drivers/platform/deca_range_tables.c ****          110,
 613:Drivers/platform/deca_range_tables.c ****          135,
 614:Drivers/platform/deca_range_tables.c ****          153,
 615:Drivers/platform/deca_range_tables.c ****          172,
 616:Drivers/platform/deca_range_tables.c ****          192,
 617:Drivers/platform/deca_range_tables.c ****          255
 618:Drivers/platform/deca_range_tables.c ****     }
 619:Drivers/platform/deca_range_tables.c **** }; // end range25cm64PRFwb
 620:Drivers/platform/deca_range_tables.c **** 
 621:Drivers/platform/deca_range_tables.c **** 
 622:Drivers/platform/deca_range_tables.c **** /*! -----------------------------------------------------------------------------------------------
 623:Drivers/platform/deca_range_tables.c ****  * Function: dwt_getrangebias()
 624:Drivers/platform/deca_range_tables.c ****  *
 625:Drivers/platform/deca_range_tables.c ****  * Description: This function is used to return the range bias correction need for TWR with DW1000 
 626:Drivers/platform/deca_range_tables.c ****  *
 627:Drivers/platform/deca_range_tables.c ****  * input parameters:	
 628:Drivers/platform/deca_range_tables.c ****  * @param chan  - specifies the operating channel (e.g. 1, 2, 3, 4, 5, 6 or 7) 
 629:Drivers/platform/deca_range_tables.c ****  * @param range - the calculated distance before correction
 630:Drivers/platform/deca_range_tables.c ****  * @param prf	- this is the PRF e.g. DWT_PRF_16M or DWT_PRF_64M
 631:Drivers/platform/deca_range_tables.c ****  *
 632:Drivers/platform/deca_range_tables.c ****  * output parameters
 633:Drivers/platform/deca_range_tables.c ****  *
 634:Drivers/platform/deca_range_tables.c ****  * returns correction needed in meters
 635:Drivers/platform/deca_range_tables.c ****  */
 636:Drivers/platform/deca_range_tables.c **** double dwt_getrangebias(uint8 chan, float range, uint8 prf)
 637:Drivers/platform/deca_range_tables.c **** {
  32              		.loc 1 637 1 view -0
  33              		.cfi_startproc
  34              		@ args = 0, pretend = 0, frame = 0
  35              		@ frame_needed = 0, uses_anonymous_args = 0
  36              		.loc 1 637 1 is_stmt 0 view .LVU1
  37 0000 38B5     		push	{r3, r4, r5, lr}
  38              	.LCFI0:
  39              		.cfi_def_cfa_offset 16
  40              		.cfi_offset 3, -16
  41              		.cfi_offset 4, -12
  42              		.cfi_offset 5, -8
  43              		.cfi_offset 14, -4
  44 0002 0446     		mov	r4, r0
  45 0004 1546     		mov	r5, r2
 638:Drivers/platform/deca_range_tables.c ****     //first get the lookup index that corresponds to given range for a particular channel at 16M PR
 639:Drivers/platform/deca_range_tables.c ****     int i = 0 ;
  46              		.loc 1 639 5 is_stmt 1 view .LVU2
ARM GAS  C:\Users\Lenovo\AppData\Local\Temp\cc9zcFHg.s 			page 13


  47              	.LVL1:
 640:Drivers/platform/deca_range_tables.c ****     int chanIdx ;
  48              		.loc 1 640 5 view .LVU3
 641:Drivers/platform/deca_range_tables.c ****     int cmoffseti ;                                 // integer number of CM offset
  49              		.loc 1 641 5 view .LVU4
 642:Drivers/platform/deca_range_tables.c **** 
 643:Drivers/platform/deca_range_tables.c ****     double mOffset ;                                // final offset result in metres
  50              		.loc 1 643 5 view .LVU5
 644:Drivers/platform/deca_range_tables.c **** 
 645:Drivers/platform/deca_range_tables.c ****     // NB: note we may get some small negitive values e.g. up to -50 cm.
 646:Drivers/platform/deca_range_tables.c **** 
 647:Drivers/platform/deca_range_tables.c ****     int rangeint25cm = (int) (range * 4.00) ;       // convert range to integer number of 25cm valu
  51              		.loc 1 647 5 view .LVU6
  52              		.loc 1 647 37 is_stmt 0 view .LVU7
  53 0006 0846     		mov	r0, r1
  54              	.LVL2:
  55              		.loc 1 647 37 view .LVU8
  56 0008 FFF7FEFF 		bl	__aeabi_f2d
  57              	.LVL3:
  58              		.loc 1 647 37 view .LVU9
  59 000c 0022     		movs	r2, #0
  60 000e 304B     		ldr	r3, .L20+8
  61 0010 FFF7FEFF 		bl	__aeabi_dmul
  62              	.LVL4:
  63              		.loc 1 647 9 view .LVU10
  64 0014 FFF7FEFF 		bl	__aeabi_d2iz
  65              	.LVL5:
 648:Drivers/platform/deca_range_tables.c **** 
 649:Drivers/platform/deca_range_tables.c ****     if (rangeint25cm > 255) rangeint25cm = 255 ;    // make sure it matches largest value in table 
  66              		.loc 1 649 5 is_stmt 1 view .LVU11
  67              		.loc 1 649 8 is_stmt 0 view .LVU12
  68 0018 FF28     		cmp	r0, #255
  69 001a 00DD     		ble	.L2
  70              		.loc 1 649 42 view .LVU13
  71 001c FF20     		movs	r0, #255
  72              	.LVL6:
  73              	.L2:
 650:Drivers/platform/deca_range_tables.c **** 
 651:Drivers/platform/deca_range_tables.c ****     if (prf == DWT_PRF_16M)
  74              		.loc 1 651 5 is_stmt 1 view .LVU14
  75              		.loc 1 651 8 is_stmt 0 view .LVU15
  76 001e 012D     		cmp	r5, #1
  77 0020 07D0     		beq	.L19
 652:Drivers/platform/deca_range_tables.c ****     {
 653:Drivers/platform/deca_range_tables.c ****         switch(chan)
 654:Drivers/platform/deca_range_tables.c ****         {
 655:Drivers/platform/deca_range_tables.c ****             case 4:
 656:Drivers/platform/deca_range_tables.c ****             case 7:
 657:Drivers/platform/deca_range_tables.c ****             {
 658:Drivers/platform/deca_range_tables.c ****                 chanIdx = chan_idxwb[chan];
 659:Drivers/platform/deca_range_tables.c ****                 while (rangeint25cm > range25cm16PRFwb[chanIdx][i]) i++ ;       // find index in ta
 660:Drivers/platform/deca_range_tables.c ****                 cmoffseti = i + CM_OFFSET_16M_WB ;                              // nearest centimet
 661:Drivers/platform/deca_range_tables.c ****             }
 662:Drivers/platform/deca_range_tables.c ****             break;
 663:Drivers/platform/deca_range_tables.c ****             default:
 664:Drivers/platform/deca_range_tables.c ****             {
 665:Drivers/platform/deca_range_tables.c ****                 chanIdx = chan_idxnb[chan];
ARM GAS  C:\Users\Lenovo\AppData\Local\Temp\cc9zcFHg.s 			page 14


 666:Drivers/platform/deca_range_tables.c ****                 while (rangeint25cm > range25cm16PRFnb[chanIdx][i]) i++ ;       // find index in ta
 667:Drivers/platform/deca_range_tables.c ****                 cmoffseti = i + CM_OFFSET_16M_NB ;                              // nearest centimet
 668:Drivers/platform/deca_range_tables.c ****             }
 669:Drivers/platform/deca_range_tables.c ****         }//end of switch
 670:Drivers/platform/deca_range_tables.c ****     }
 671:Drivers/platform/deca_range_tables.c ****     else // 64M PRF
 672:Drivers/platform/deca_range_tables.c ****     {
 673:Drivers/platform/deca_range_tables.c ****         switch(chan)
  78              		.loc 1 673 9 is_stmt 1 view .LVU16
  79 0022 042C     		cmp	r4, #4
  80 0024 2AD0     		beq	.L11
  81 0026 072C     		cmp	r4, #7
  82 0028 28D0     		beq	.L11
 674:Drivers/platform/deca_range_tables.c ****         {
 675:Drivers/platform/deca_range_tables.c ****             case 4:
 676:Drivers/platform/deca_range_tables.c ****             case 7:
 677:Drivers/platform/deca_range_tables.c ****             {
 678:Drivers/platform/deca_range_tables.c ****                 chanIdx = chan_idxwb[chan];
 679:Drivers/platform/deca_range_tables.c ****                 while (rangeint25cm > range25cm64PRFwb[chanIdx][i]) i++ ;       // find index in ta
 680:Drivers/platform/deca_range_tables.c ****                 cmoffseti = i + CM_OFFSET_64M_WB ;                              // nearest centimet
 681:Drivers/platform/deca_range_tables.c ****             }
 682:Drivers/platform/deca_range_tables.c ****             break;
 683:Drivers/platform/deca_range_tables.c ****             default:
 684:Drivers/platform/deca_range_tables.c ****             {
 685:Drivers/platform/deca_range_tables.c ****                 chanIdx = chan_idxnb[chan];
  83              		.loc 1 685 17 view .LVU17
  84              		.loc 1 685 37 is_stmt 0 view .LVU18
  85 002a 2A4B     		ldr	r3, .L20+12
  86 002c 1C5D     		ldrb	r4, [r3, r4]	@ zero_extendqisi2
  87              	.LVL7:
 686:Drivers/platform/deca_range_tables.c ****                 while (rangeint25cm > range25cm64PRFnb[chanIdx][i]) i++ ;       // find index in ta
  88              		.loc 1 686 17 is_stmt 1 view .LVU19
 639:Drivers/platform/deca_range_tables.c ****     int chanIdx ;
  89              		.loc 1 639 9 is_stmt 0 view .LVU20
  90 002e 0023     		movs	r3, #0
  91              		.loc 1 686 23 view .LVU21
  92 0030 40E0     		b	.L15
  93              	.LVL8:
  94              	.L19:
 653:Drivers/platform/deca_range_tables.c ****         {
  95              		.loc 1 653 9 is_stmt 1 view .LVU22
  96 0032 042C     		cmp	r4, #4
  97 0034 05D0     		beq	.L4
  98 0036 072C     		cmp	r4, #7
  99 0038 03D0     		beq	.L4
 665:Drivers/platform/deca_range_tables.c ****                 while (rangeint25cm > range25cm16PRFnb[chanIdx][i]) i++ ;       // find index in ta
 100              		.loc 1 665 17 view .LVU23
 665:Drivers/platform/deca_range_tables.c ****                 while (rangeint25cm > range25cm16PRFnb[chanIdx][i]) i++ ;       // find index in ta
 101              		.loc 1 665 37 is_stmt 0 view .LVU24
 102 003a 264B     		ldr	r3, .L20+12
 103 003c 1C5D     		ldrb	r4, [r3, r4]	@ zero_extendqisi2
 104              	.LVL9:
 666:Drivers/platform/deca_range_tables.c ****                 cmoffseti = i + CM_OFFSET_16M_NB ;                              // nearest centimet
 105              		.loc 1 666 17 is_stmt 1 view .LVU25
 639:Drivers/platform/deca_range_tables.c ****     int chanIdx ;
 106              		.loc 1 639 9 is_stmt 0 view .LVU26
 107 003e 0023     		movs	r3, #0
ARM GAS  C:\Users\Lenovo\AppData\Local\Temp\cc9zcFHg.s 			page 15


 666:Drivers/platform/deca_range_tables.c ****                 cmoffseti = i + CM_OFFSET_16M_NB ;                              // nearest centimet
 108              		.loc 1 666 23 view .LVU27
 109 0040 10E0     		b	.L9
 110              	.LVL10:
 111              	.L4:
 658:Drivers/platform/deca_range_tables.c ****                 while (rangeint25cm > range25cm16PRFwb[chanIdx][i]) i++ ;       // find index in ta
 112              		.loc 1 658 17 is_stmt 1 view .LVU28
 658:Drivers/platform/deca_range_tables.c ****                 while (rangeint25cm > range25cm16PRFwb[chanIdx][i]) i++ ;       // find index in ta
 113              		.loc 1 658 37 is_stmt 0 view .LVU29
 114 0042 254B     		ldr	r3, .L20+16
 115 0044 1C5D     		ldrb	r4, [r3, r4]	@ zero_extendqisi2
 116              	.LVL11:
 659:Drivers/platform/deca_range_tables.c ****                 cmoffseti = i + CM_OFFSET_16M_WB ;                              // nearest centimet
 117              		.loc 1 659 17 is_stmt 1 view .LVU30
 639:Drivers/platform/deca_range_tables.c ****     int chanIdx ;
 118              		.loc 1 639 9 is_stmt 0 view .LVU31
 119 0046 0023     		movs	r3, #0
 659:Drivers/platform/deca_range_tables.c ****                 cmoffseti = i + CM_OFFSET_16M_WB ;                              // nearest centimet
 120              		.loc 1 659 23 view .LVU32
 121 0048 00E0     		b	.L6
 122              	.LVL12:
 123              	.L7:
 659:Drivers/platform/deca_range_tables.c ****                 cmoffseti = i + CM_OFFSET_16M_WB ;                              // nearest centimet
 124              		.loc 1 659 69 is_stmt 1 discriminator 2 view .LVU33
 659:Drivers/platform/deca_range_tables.c ****                 cmoffseti = i + CM_OFFSET_16M_WB ;                              // nearest centimet
 125              		.loc 1 659 70 is_stmt 0 discriminator 2 view .LVU34
 126 004a 0133     		adds	r3, r3, #1
 127              	.LVL13:
 128              	.L6:
 659:Drivers/platform/deca_range_tables.c ****                 cmoffseti = i + CM_OFFSET_16M_WB ;                              // nearest centimet
 129              		.loc 1 659 23 is_stmt 1 discriminator 1 view .LVU35
 659:Drivers/platform/deca_range_tables.c ****                 cmoffseti = i + CM_OFFSET_16M_WB ;                              // nearest centimet
 130              		.loc 1 659 64 is_stmt 0 discriminator 1 view .LVU36
 131 004c 04EB0412 		add	r2, r4, r4, lsl #4
 132 0050 2249     		ldr	r1, .L20+20
 133 0052 01EB8202 		add	r2, r1, r2, lsl #2
 134 0056 D25C     		ldrb	r2, [r2, r3]	@ zero_extendqisi2
 659:Drivers/platform/deca_range_tables.c ****                 cmoffseti = i + CM_OFFSET_16M_WB ;                              // nearest centimet
 135              		.loc 1 659 23 discriminator 1 view .LVU37
 136 0058 8242     		cmp	r2, r0
 137 005a F6DB     		blt	.L7
 660:Drivers/platform/deca_range_tables.c ****             }
 138              		.loc 1 660 17 is_stmt 1 view .LVU38
 660:Drivers/platform/deca_range_tables.c ****             }
 139              		.loc 1 660 27 is_stmt 0 view .LVU39
 140 005c A3F11C00 		sub	r0, r3, #28
 141              	.LVL14:
 662:Drivers/platform/deca_range_tables.c ****             default:
 142              		.loc 1 662 13 is_stmt 1 view .LVU40
 143 0060 1DE0     		b	.L8
 144              	.LVL15:
 145              	.L10:
 666:Drivers/platform/deca_range_tables.c ****                 cmoffseti = i + CM_OFFSET_16M_NB ;                              // nearest centimet
 146              		.loc 1 666 69 discriminator 2 view .LVU41
 666:Drivers/platform/deca_range_tables.c ****                 cmoffseti = i + CM_OFFSET_16M_NB ;                              // nearest centimet
 147              		.loc 1 666 70 is_stmt 0 discriminator 2 view .LVU42
 148 0062 0133     		adds	r3, r3, #1
ARM GAS  C:\Users\Lenovo\AppData\Local\Temp\cc9zcFHg.s 			page 16


 149              	.LVL16:
 150              	.L9:
 666:Drivers/platform/deca_range_tables.c ****                 cmoffseti = i + CM_OFFSET_16M_NB ;                              // nearest centimet
 151              		.loc 1 666 23 is_stmt 1 discriminator 1 view .LVU43
 666:Drivers/platform/deca_range_tables.c ****                 cmoffseti = i + CM_OFFSET_16M_NB ;                              // nearest centimet
 152              		.loc 1 666 64 is_stmt 0 discriminator 1 view .LVU44
 153 0064 04EBC402 		add	r2, r4, r4, lsl #3
 154 0068 04EB8201 		add	r1, r4, r2, lsl #2
 155 006c 1C4A     		ldr	r2, .L20+24
 156 006e 0A44     		add	r2, r2, r1
 157 0070 D25C     		ldrb	r2, [r2, r3]	@ zero_extendqisi2
 666:Drivers/platform/deca_range_tables.c ****                 cmoffseti = i + CM_OFFSET_16M_NB ;                              // nearest centimet
 158              		.loc 1 666 23 discriminator 1 view .LVU45
 159 0072 8242     		cmp	r2, r0
 160 0074 F5DB     		blt	.L10
 667:Drivers/platform/deca_range_tables.c ****             }
 161              		.loc 1 667 17 is_stmt 1 view .LVU46
 667:Drivers/platform/deca_range_tables.c ****             }
 162              		.loc 1 667 27 is_stmt 0 view .LVU47
 163 0076 A3F11700 		sub	r0, r3, #23
 164              	.LVL17:
 667:Drivers/platform/deca_range_tables.c ****             }
 165              		.loc 1 667 27 view .LVU48
 166 007a 10E0     		b	.L8
 167              	.LVL18:
 168              	.L11:
 678:Drivers/platform/deca_range_tables.c ****                 while (rangeint25cm > range25cm64PRFwb[chanIdx][i]) i++ ;       // find index in ta
 169              		.loc 1 678 17 is_stmt 1 view .LVU49
 678:Drivers/platform/deca_range_tables.c ****                 while (rangeint25cm > range25cm64PRFwb[chanIdx][i]) i++ ;       // find index in ta
 170              		.loc 1 678 37 is_stmt 0 view .LVU50
 171 007c 164B     		ldr	r3, .L20+16
 172 007e 13F804C0 		ldrb	ip, [r3, r4]	@ zero_extendqisi2
 173              	.LVL19:
 679:Drivers/platform/deca_range_tables.c ****                 cmoffseti = i + CM_OFFSET_64M_WB ;                              // nearest centimet
 174              		.loc 1 679 17 is_stmt 1 view .LVU51
 639:Drivers/platform/deca_range_tables.c ****     int chanIdx ;
 175              		.loc 1 639 9 is_stmt 0 view .LVU52
 176 0082 0023     		movs	r3, #0
 679:Drivers/platform/deca_range_tables.c ****                 cmoffseti = i + CM_OFFSET_64M_WB ;                              // nearest centimet
 177              		.loc 1 679 23 view .LVU53
 178 0084 00E0     		b	.L13
 179              	.LVL20:
 180              	.L14:
 679:Drivers/platform/deca_range_tables.c ****                 cmoffseti = i + CM_OFFSET_64M_WB ;                              // nearest centimet
 181              		.loc 1 679 69 is_stmt 1 discriminator 2 view .LVU54
 679:Drivers/platform/deca_range_tables.c ****                 cmoffseti = i + CM_OFFSET_64M_WB ;                              // nearest centimet
 182              		.loc 1 679 70 is_stmt 0 discriminator 2 view .LVU55
 183 0086 0133     		adds	r3, r3, #1
 184              	.LVL21:
 185              	.L13:
 679:Drivers/platform/deca_range_tables.c ****                 cmoffseti = i + CM_OFFSET_64M_WB ;                              // nearest centimet
 186              		.loc 1 679 23 is_stmt 1 discriminator 1 view .LVU56
 679:Drivers/platform/deca_range_tables.c ****                 cmoffseti = i + CM_OFFSET_64M_WB ;                              // nearest centimet
 187              		.loc 1 679 64 is_stmt 0 discriminator 1 view .LVU57
 188 0088 CCEB0C12 		rsb	r2, ip, ip, lsl #4
 189 008c CCEB8201 		rsb	r1, ip, r2, lsl #2
 190 0090 144A     		ldr	r2, .L20+28
ARM GAS  C:\Users\Lenovo\AppData\Local\Temp\cc9zcFHg.s 			page 17


 191 0092 0A44     		add	r2, r2, r1
 192 0094 D25C     		ldrb	r2, [r2, r3]	@ zero_extendqisi2
 679:Drivers/platform/deca_range_tables.c ****                 cmoffseti = i + CM_OFFSET_64M_WB ;                              // nearest centimet
 193              		.loc 1 679 23 discriminator 1 view .LVU58
 194 0096 8242     		cmp	r2, r0
 195 0098 F5DB     		blt	.L14
 680:Drivers/platform/deca_range_tables.c ****             }
 196              		.loc 1 680 17 is_stmt 1 view .LVU59
 680:Drivers/platform/deca_range_tables.c ****             }
 197              		.loc 1 680 27 is_stmt 0 view .LVU60
 198 009a A3F11E00 		sub	r0, r3, #30
 199              	.LVL22:
 682:Drivers/platform/deca_range_tables.c ****             default:
 200              		.loc 1 682 13 is_stmt 1 view .LVU61
 201              	.L8:
 687:Drivers/platform/deca_range_tables.c ****                 cmoffseti = i + CM_OFFSET_64M_NB ;                              // nearest centimet
 688:Drivers/platform/deca_range_tables.c ****             }
 689:Drivers/platform/deca_range_tables.c ****         }//end of switch
 690:Drivers/platform/deca_range_tables.c ****     } // end else
 691:Drivers/platform/deca_range_tables.c **** 
 692:Drivers/platform/deca_range_tables.c **** 
 693:Drivers/platform/deca_range_tables.c ****     mOffset = (float) cmoffseti ;                                       // offset result in centimm
 202              		.loc 1 693 5 view .LVU62
 203              		.loc 1 693 15 is_stmt 0 view .LVU63
 204 009e FFF7FEFF 		bl	__aeabi_i2f
 205              	.LVL23:
 206              		.loc 1 693 13 view .LVU64
 207 00a2 FFF7FEFF 		bl	__aeabi_f2d
 208              	.LVL24:
 694:Drivers/platform/deca_range_tables.c **** 
 695:Drivers/platform/deca_range_tables.c ****     mOffset *= 0.01 ;                                                   // convert to metres
 209              		.loc 1 695 5 is_stmt 1 view .LVU65
 210              		.loc 1 695 13 is_stmt 0 view .LVU66
 211 00a6 08A3     		adr	r3, .L20
 212 00a8 D3E90023 		ldrd	r2, [r3]
 213 00ac FFF7FEFF 		bl	__aeabi_dmul
 214              	.LVL25:
 696:Drivers/platform/deca_range_tables.c **** 
 697:Drivers/platform/deca_range_tables.c ****     return (mOffset) ;
 215              		.loc 1 697 5 is_stmt 1 view .LVU67
 698:Drivers/platform/deca_range_tables.c **** }
 216              		.loc 1 698 1 is_stmt 0 view .LVU68
 217 00b0 38BD     		pop	{r3, r4, r5, pc}
 218              	.LVL26:
 219              	.L16:
 686:Drivers/platform/deca_range_tables.c ****                 cmoffseti = i + CM_OFFSET_64M_NB ;                              // nearest centimet
 220              		.loc 1 686 69 is_stmt 1 discriminator 2 view .LVU69
 686:Drivers/platform/deca_range_tables.c ****                 cmoffseti = i + CM_OFFSET_64M_NB ;                              // nearest centimet
 221              		.loc 1 686 70 is_stmt 0 discriminator 2 view .LVU70
 222 00b2 0133     		adds	r3, r3, #1
 223              	.LVL27:
 224              	.L15:
 686:Drivers/platform/deca_range_tables.c ****                 cmoffseti = i + CM_OFFSET_64M_NB ;                              // nearest centimet
 225              		.loc 1 686 23 is_stmt 1 discriminator 1 view .LVU71
 686:Drivers/platform/deca_range_tables.c ****                 cmoffseti = i + CM_OFFSET_64M_NB ;                              // nearest centimet
 226              		.loc 1 686 64 is_stmt 0 discriminator 1 view .LVU72
 227 00b4 0C4A     		ldr	r2, .L20+32
ARM GAS  C:\Users\Lenovo\AppData\Local\Temp\cc9zcFHg.s 			page 18


 228 00b6 1A21     		movs	r1, #26
 229 00b8 01FB0422 		mla	r2, r1, r4, r2
 230 00bc D25C     		ldrb	r2, [r2, r3]	@ zero_extendqisi2
 686:Drivers/platform/deca_range_tables.c ****                 cmoffseti = i + CM_OFFSET_64M_NB ;                              // nearest centimet
 231              		.loc 1 686 23 discriminator 1 view .LVU73
 232 00be 8242     		cmp	r2, r0
 233 00c0 F7DB     		blt	.L16
 687:Drivers/platform/deca_range_tables.c ****             }
 234              		.loc 1 687 17 is_stmt 1 view .LVU74
 687:Drivers/platform/deca_range_tables.c ****             }
 235              		.loc 1 687 27 is_stmt 0 view .LVU75
 236 00c2 A3F11100 		sub	r0, r3, #17
 237              	.LVL28:
 687:Drivers/platform/deca_range_tables.c ****             }
 238              		.loc 1 687 27 view .LVU76
 239 00c6 EAE7     		b	.L8
 240              	.L21:
 241              		.align	3
 242              	.L20:
 243 00c8 7B14AE47 		.word	1202590843
 244 00cc E17A843F 		.word	1065646817
 245 00d0 00001040 		.word	1074790400
 246 00d4 00000000 		.word	.LANCHOR2
 247 00d8 00000000 		.word	.LANCHOR0
 248 00dc 00000000 		.word	.LANCHOR1
 249 00e0 00000000 		.word	.LANCHOR3
 250 00e4 00000000 		.word	.LANCHOR4
 251 00e8 00000000 		.word	.LANCHOR5
 252              		.cfi_endproc
 253              	.LFE3:
 255              		.global	range25cm64PRFwb
 256              		.global	range25cm64PRFnb
 257              		.global	range25cm16PRFwb
 258              		.global	range25cm16PRFnb
 259              		.global	chan_idxwb
 260              		.global	chan_idxnb
 261              		.section	.rodata.chan_idxnb,"a"
 262              		.align	2
 263              		.set	.LANCHOR2,. + 0
 266              	chan_idxnb:
 267 0000 00000102 		.ascii	"\000\000\001\002\000\003\000\000"
 267      00030000 
 268              		.section	.rodata.chan_idxwb,"a"
 269              		.align	2
 270              		.set	.LANCHOR0,. + 0
 273              	chan_idxwb:
 274 0000 00000000 		.ascii	"\000\000\000\000\000\000\000\001"
 274      00000001 
 275              		.section	.rodata.range25cm16PRFnb,"a"
 276              		.align	2
 277              		.set	.LANCHOR3,. + 0
 280              	range25cm16PRFnb:
 281 0000 01030405 		.ascii	"\001\003\004\005\007\011\013\014\015\017\022\024\027"
 281      07090B0C 
 281      0D0F1214 
 281      17
 282 000d 191C1E21 		.ascii	"\031\034\036!$(+/26:?BGLRYbm\177\233\336\377\377"
ARM GAS  C:\Users\Lenovo\AppData\Local\Temp\cc9zcFHg.s 			page 19


 282      24282B2F 
 282      32363A3F 
 282      42474C52 
 282      59626D7F 
 283 0025 01020405 		.ascii	"\001\002\004\005\006\010\011\012\014\015\017\022\024"
 283      0608090A 
 283      0C0D0F12 
 283      14
 284 0032 16181B1D 		.ascii	"\026\030\033\035 #&),/37:>BGNU`o\207\302\360\377"
 284      20232629 
 284      2C2F3337 
 284      3A3E4247 
 284      4E55606F 
 285 004a 01020304 		.ascii	"\001\002\003\004\005\007\010\011\012\014\016\020\022"
 285      05070809 
 285      0A0C0E10 
 285      12
 286 0057 1416181A 		.ascii	"\024\026\030\032\034\037!$'*-147;?ELUbx\255\325\377"
 286      1C1F2124 
 286      272A2D31 
 286      34373B3F 
 286      454C5562 
 287 006f 01010203 		.ascii	"\001\001\002\003\004\005\006\006\007\010\011\013\014"
 287      04050606 
 287      0708090B 
 287      0C
 288 007c 0E0F1012 		.ascii	"\016\017\020\022\024\025\027\031\033\035\037\"$&),0"
 288      14151719 
 288      1B1D1F22 
 288      2426292C 
 288      30
 289 008d 353B4453 		.ascii	"5;DSx\224\377"
 289      7894FF
 290              		.section	.rodata.range25cm16PRFwb,"a"
 291              		.align	2
 292              		.set	.LANCHOR1,. + 0
 295              	range25cm16PRFwb:
 296 0000 07070809 		.ascii	"\007\007\010\011\011\012\013\013\014\015\016\017\020"
 296      090A0B0B 
 296      0C0D0E0F 
 296      10
 297 000d 11121314 		.ascii	"\021\022\023\024\025\026\027\030\032\033\034\036\037"
 297      15161718 
 297      1A1B1C1E 
 297      1F
 298 001a 20222426 		.ascii	" \"$&(*,.02479;=?BDGJNQUY^chnt{\202\213\226\244\266"
 298      282A2C2E 
 298      30323437 
 298      393B3D3F 
 298      4244474A 
 299 003d CFEEFFFF 		.ascii	"\317\356\377\377\377\377\377"
 299      FFFFFF
 300 0044 04050505 		.ascii	"\004\005\005\005\006\006\007\007\007\010\011\011\012"
 300      06060707 
 300      07080909 
 300      0A
 301 0051 0A0B0B0C 		.ascii	"\012\013\013\014\015\015\016\017\020\021\021\022\023"
ARM GAS  C:\Users\Lenovo\AppData\Local\Temp\cc9zcFHg.s 			page 20


 301      0D0D0E0F 
 301      10111112 
 301      13
 302 005e 14151617 		.ascii	"\024\025\026\027\031\032\033\035\036\037 \"#$&'(*,."
 302      191A1B1D 
 302      1E1F2022 
 302      23242627 
 302      282A2C2E 
 303 0072 30323437 		.ascii	"0247:=@DHKPU\\ep\177\223\250\266\302\315\377"
 303      3A3D4044 
 303      484B5055 
 303      5C65707F 
 303      93A8B6C2 
 304              		.section	.rodata.range25cm64PRFnb,"a"
 305              		.align	2
 306              		.set	.LANCHOR5,. + 0
 309              	range25cm64PRFnb:
 310 0000 01020203 		.ascii	"\001\002\002\003\004\005\007\012\015\020\023\026\030"
 310      0405070A 
 310      0D101316 
 310      18
 311 000d 1B1E2023 		.ascii	"\033\036 #&+08Nex\235\377"
 311      262B3038 
 311      4E65789D 
 311      FF
 312 001a 01020203 		.ascii	"\001\002\002\003\004\004\006\011\014\016\021\023\025"
 312      04040609 
 312      0C0E1113 
 312      15
 313 0027 181A1C1F 		.ascii	"\030\032\034\037!%*1DYi\212\377"
 313      21252A31 
 313      4459698A 
 313      FF
 314 0034 01010203 		.ascii	"\001\001\002\003\003\004\005\010\012\015\017\021\023"
 314      03040508 
 314      0A0D0F11 
 314      13
 315 0041 1517191B 		.ascii	"\025\027\031\033\036!%,<O]z\377"
 315      1E21252C 
 315      3C4F5D7A 
 315      FF
 316 004e 01010102 		.ascii	"\001\001\001\002\002\003\004\006\007\011\012\014\015"
 316      02030406 
 316      07090A0C 
 316      0D
 317 005b 0F101113 		.ascii	"\017\020\021\023\025\027\032\036*7AU\377"
 317      15171A1E 
 317      2A374155 
 317      FF
 318              		.section	.rodata.range25cm64PRFwb,"a"
 319              		.align	2
 320              		.set	.LANCHOR4,. + 0
 323              	range25cm64PRFwb:
 324 0000 07080809 		.ascii	"\007\010\010\011\011\012\013\014\015\015\016\017\020"
 324      090A0B0C 
 324      0D0D0E0F 
 324      10
ARM GAS  C:\Users\Lenovo\AppData\Local\Temp\cc9zcFHg.s 			page 21


 325 000d 10111213 		.ascii	"\020\021\022\023\023\024\025\026\030\031\033\034\035"
 325      13141516 
 325      18191B1C 
 325      1D
 326 001a 1E202122 		.ascii	"\036 !\"#%')+-0258<@DJQYbmz\210\222\232\242\262\334"
 326      23252729 
 326      2B2D3032 
 326      35383C40 
 326      444A5159 
 327 0037 F9FFFFFF 		.ascii	"\371\377\377\377"
 328 003b 04050505 		.ascii	"\004\005\005\005\006\006\007\007\010\010\011\011\012"
 328      06060707 
 328      08080909 
 328      0A
 329 0048 0A0A0B0B 		.ascii	"\012\012\013\013\014\015\015\016\017\020\020\021\022"
 329      0C0D0D0E 
 329      0F101011 
 329      12
 330 0055 13131415 		.ascii	"\023\023\024\025\026\027\030\031\032\034\035\037!#%"
 330      16171819 
 330      1A1C1D1F 
 330      212325
 331 0064 272A2E32 		.ascii	"'*.26<CKSZ_dn\207\231\254\300\377"
 331      363C434B 
 331      535A5F64 
 331      6E8799AC 
 331      C0FF
 332              		.text
 333              	.Letext0:
 334              		.file 2 "Drivers/decadriver/deca_types.h"
ARM GAS  C:\Users\Lenovo\AppData\Local\Temp\cc9zcFHg.s 			page 22


DEFINED SYMBOLS
                            *ABS*:00000000 deca_range_tables.c
C:\Users\Lenovo\AppData\Local\Temp\cc9zcFHg.s:22     .text.dwt_getrangebias:00000000 $t
C:\Users\Lenovo\AppData\Local\Temp\cc9zcFHg.s:28     .text.dwt_getrangebias:00000000 dwt_getrangebias
C:\Users\Lenovo\AppData\Local\Temp\cc9zcFHg.s:243    .text.dwt_getrangebias:000000c8 $d
C:\Users\Lenovo\AppData\Local\Temp\cc9zcFHg.s:323    .rodata.range25cm64PRFwb:00000000 range25cm64PRFwb
C:\Users\Lenovo\AppData\Local\Temp\cc9zcFHg.s:309    .rodata.range25cm64PRFnb:00000000 range25cm64PRFnb
C:\Users\Lenovo\AppData\Local\Temp\cc9zcFHg.s:295    .rodata.range25cm16PRFwb:00000000 range25cm16PRFwb
C:\Users\Lenovo\AppData\Local\Temp\cc9zcFHg.s:280    .rodata.range25cm16PRFnb:00000000 range25cm16PRFnb
C:\Users\Lenovo\AppData\Local\Temp\cc9zcFHg.s:273    .rodata.chan_idxwb:00000000 chan_idxwb
C:\Users\Lenovo\AppData\Local\Temp\cc9zcFHg.s:266    .rodata.chan_idxnb:00000000 chan_idxnb
C:\Users\Lenovo\AppData\Local\Temp\cc9zcFHg.s:262    .rodata.chan_idxnb:00000000 $d
C:\Users\Lenovo\AppData\Local\Temp\cc9zcFHg.s:269    .rodata.chan_idxwb:00000000 $d
C:\Users\Lenovo\AppData\Local\Temp\cc9zcFHg.s:276    .rodata.range25cm16PRFnb:00000000 $d
C:\Users\Lenovo\AppData\Local\Temp\cc9zcFHg.s:291    .rodata.range25cm16PRFwb:00000000 $d
C:\Users\Lenovo\AppData\Local\Temp\cc9zcFHg.s:305    .rodata.range25cm64PRFnb:00000000 $d
C:\Users\Lenovo\AppData\Local\Temp\cc9zcFHg.s:319    .rodata.range25cm64PRFwb:00000000 $d

UNDEFINED SYMBOLS
__aeabi_f2d
__aeabi_dmul
__aeabi_d2iz
__aeabi_i2f
