ARM GAS  C:\Users\Lenovo\AppData\Local\Temp\ccjzIEjo.s 			page 1


   1              		.cpu cortex-m3
   2              		.arch armv7-m
   3              		.fpu softvfp
   4              		.eabi_attribute 20, 1
   5              		.eabi_attribute 21, 1
   6              		.eabi_attribute 23, 3
   7              		.eabi_attribute 24, 1
   8              		.eabi_attribute 25, 1
   9              		.eabi_attribute 26, 1
  10              		.eabi_attribute 30, 1
  11              		.eabi_attribute 34, 1
  12              		.eabi_attribute 18, 4
  13              		.file	"measure.c"
  14              		.text
  15              	.Ltext0:
  16              		.cfi_sections	.debug_frame
  17              		.section	.text.delay_us,"ax",%progbits
  18              		.align	1
  19              		.global	delay_us
  20              		.syntax unified
  21              		.thumb
  22              		.thumb_func
  24              	delay_us:
  25              	.LVL0:
  26              	.LFB129:
  27              		.file 1 "wave/measure.c"
   1:wave/measure.c **** 
   2:wave/measure.c **** #include "measure.h"
   3:wave/measure.c ****  
   4:wave/measure.c **** float distance;      //测量距离
   5:wave/measure.c **** float last_distance;  //上一次测量距离
   6:wave/measure.c **** uint8_t count_10;   //计数器
   7:wave/measure.c **** uint8_t second;   //秒计数器
   8:wave/measure.c **** 
   9:wave/measure.c **** uint32_t Buf[3] = {0};   //存放定时器计数值的数组
  10:wave/measure.c **** uint8_t  Cnt = 0;    //状态标志位
  11:wave/measure.c **** uint32_t high_time;   //超声波模块返回的高电平时间 ms
  12:wave/measure.c **** 
  13:wave/measure.c **** void delay_us(uint32_t us)
  14:wave/measure.c **** {
  28              		.loc 1 14 1 view -0
  29              		.cfi_startproc
  30              		@ args = 0, pretend = 0, frame = 0
  31              		@ frame_needed = 0, uses_anonymous_args = 0
  32              		@ link register save eliminated.
  15:wave/measure.c ****     __HAL_TIM_SetCounter(&htim1, 0);
  33              		.loc 1 15 5 view .LVU1
  34 0000 0D4B     		ldr	r3, .L4
  35 0002 1B68     		ldr	r3, [r3]
  36 0004 0022     		movs	r2, #0
  37 0006 5A62     		str	r2, [r3, #36]
  16:wave/measure.c ****     __HAL_TIM_ENABLE(&htim1);
  38              		.loc 1 16 5 view .LVU2
  39 0008 1A68     		ldr	r2, [r3]
  40 000a 42F00102 		orr	r2, r2, #1
  41 000e 1A60     		str	r2, [r3]
  17:wave/measure.c ****     while(__HAL_TIM_GetCounter(&htim1) < us);
ARM GAS  C:\Users\Lenovo\AppData\Local\Temp\ccjzIEjo.s 			page 2


  42              		.loc 1 17 5 view .LVU3
  43              	.L2:
  44              		.loc 1 17 45 discriminator 1 view .LVU4
  45              		.loc 1 17 10 discriminator 1 view .LVU5
  46              		.loc 1 17 11 is_stmt 0 discriminator 1 view .LVU6
  47 0010 094B     		ldr	r3, .L4
  48 0012 1B68     		ldr	r3, [r3]
  49 0014 5A6A     		ldr	r2, [r3, #36]
  50              		.loc 1 17 10 discriminator 1 view .LVU7
  51 0016 8242     		cmp	r2, r0
  52 0018 FAD3     		bcc	.L2
  18:wave/measure.c **** 		/* Disable the Peripheral */
  19:wave/measure.c ****     __HAL_TIM_DISABLE(&htim1);
  53              		.loc 1 19 5 is_stmt 1 view .LVU8
  54              		.loc 1 19 5 view .LVU9
  55 001a 196A     		ldr	r1, [r3, #32]
  56 001c 41F21112 		movw	r2, #4369
  57 0020 1142     		tst	r1, r2
  58 0022 08D1     		bne	.L1
  59              		.loc 1 19 5 discriminator 1 view .LVU10
  60 0024 196A     		ldr	r1, [r3, #32]
  61 0026 40F24442 		movw	r2, #1092
  62 002a 1142     		tst	r1, r2
  63 002c 03D1     		bne	.L1
  64              		.loc 1 19 5 discriminator 3 view .LVU11
  65 002e 1A68     		ldr	r2, [r3]
  66 0030 22F00102 		bic	r2, r2, #1
  67 0034 1A60     		str	r2, [r3]
  68              		.loc 1 19 5 discriminator 3 view .LVU12
  69              	.L1:
  20:wave/measure.c **** }
  70              		.loc 1 20 1 is_stmt 0 view .LVU13
  71 0036 7047     		bx	lr
  72              	.L5:
  73              		.align	2
  74              	.L4:
  75 0038 00000000 		.word	htim1
  76              		.cfi_endproc
  77              	.LFE129:
  79              		.global	__aeabi_ui2f
  80              		.section	.text.HCSR04_GetData,"ax",%progbits
  81              		.align	1
  82              		.global	HCSR04_GetData
  83              		.syntax unified
  84              		.thumb
  85              		.thumb_func
  87              	HCSR04_GetData:
  88              	.LFB130:
  21:wave/measure.c **** 
  22:wave/measure.c **** //读取距离
  23:wave/measure.c **** void HCSR04_GetData(void)
  24:wave/measure.c **** {
  89              		.loc 1 24 1 is_stmt 1 view -0
  90              		.cfi_startproc
  91              		@ args = 0, pretend = 0, frame = 0
  92              		@ frame_needed = 0, uses_anonymous_args = 0
  93 0000 10B5     		push	{r4, lr}
ARM GAS  C:\Users\Lenovo\AppData\Local\Temp\ccjzIEjo.s 			page 3


  94              	.LCFI0:
  95              		.cfi_def_cfa_offset 8
  96              		.cfi_offset 4, -8
  97              		.cfi_offset 14, -4
  25:wave/measure.c ****     TRIG_H;    //发送信号
  98              		.loc 1 25 5 view .LVU15
  99 0002 2A4C     		ldr	r4, .L11
 100 0004 0122     		movs	r2, #1
 101 0006 4021     		movs	r1, #64
 102 0008 2046     		mov	r0, r4
 103 000a FFF7FEFF 		bl	HAL_GPIO_WritePin
 104              	.LVL1:
  26:wave/measure.c ****     delay_us(20);
 105              		.loc 1 26 5 view .LVU16
 106 000e 1420     		movs	r0, #20
 107 0010 FFF7FEFF 		bl	delay_us
 108              	.LVL2:
  27:wave/measure.c ****     TRIG_L;
 109              		.loc 1 27 5 view .LVU17
 110 0014 0022     		movs	r2, #0
 111 0016 4021     		movs	r1, #64
 112 0018 2046     		mov	r0, r4
 113 001a FFF7FEFF 		bl	HAL_GPIO_WritePin
 114              	.LVL3:
  28:wave/measure.c **** 
  29:wave/measure.c ****     while(HAL_GPIO_ReadPin(GPIOB, GPIO_PIN_7) == GPIO_PIN_RESET);  //等待高电平
 115              		.loc 1 29 5 view .LVU18
 116              	.L7:
 117              		.loc 1 29 65 discriminator 1 view .LVU19
 118              		.loc 1 29 10 discriminator 1 view .LVU20
 119              		.loc 1 29 11 is_stmt 0 discriminator 1 view .LVU21
 120 001e 8021     		movs	r1, #128
 121 0020 2248     		ldr	r0, .L11
 122 0022 FFF7FEFF 		bl	HAL_GPIO_ReadPin
 123              	.LVL4:
 124              		.loc 1 29 10 discriminator 1 view .LVU22
 125 0026 0028     		cmp	r0, #0
 126 0028 F9D0     		beq	.L7
  30:wave/measure.c **** 
  31:wave/measure.c ****     __HAL_TIM_SetCounter(&htim3, 0);
 127              		.loc 1 31 5 is_stmt 1 view .LVU23
 128 002a 214B     		ldr	r3, .L11+4
 129 002c 1B68     		ldr	r3, [r3]
 130 002e 0022     		movs	r2, #0
 131 0030 5A62     		str	r2, [r3, #36]
  32:wave/measure.c ****     count_10=0; 
 132              		.loc 1 32 5 view .LVU24
 133              		.loc 1 32 13 is_stmt 0 view .LVU25
 134 0032 2049     		ldr	r1, .L11+8
 135 0034 0A70     		strb	r2, [r1]
  33:wave/measure.c ****     __HAL_TIM_ENABLE(&htim3);
 136              		.loc 1 33 5 is_stmt 1 view .LVU26
 137 0036 1A68     		ldr	r2, [r3]
 138 0038 42F00102 		orr	r2, r2, #1
 139 003c 1A60     		str	r2, [r3]
  34:wave/measure.c **** 
  35:wave/measure.c ****     while(HAL_GPIO_ReadPin(GPIOB, GPIO_PIN_7) == GPIO_PIN_SET);  //等待低电平
ARM GAS  C:\Users\Lenovo\AppData\Local\Temp\ccjzIEjo.s 			page 4


 140              		.loc 1 35 5 view .LVU27
 141              	.L8:
 142              		.loc 1 35 63 discriminator 1 view .LVU28
 143              		.loc 1 35 10 discriminator 1 view .LVU29
 144              		.loc 1 35 11 is_stmt 0 discriminator 1 view .LVU30
 145 003e 8021     		movs	r1, #128
 146 0040 1A48     		ldr	r0, .L11
 147 0042 FFF7FEFF 		bl	HAL_GPIO_ReadPin
 148              	.LVL5:
 149              		.loc 1 35 10 discriminator 1 view .LVU31
 150 0046 0128     		cmp	r0, #1
 151 0048 F9D0     		beq	.L8
  36:wave/measure.c **** 
  37:wave/measure.c ****     __HAL_TIM_DISABLE(&htim3);
 152              		.loc 1 37 5 is_stmt 1 view .LVU32
 153              		.loc 1 37 5 view .LVU33
 154 004a 194B     		ldr	r3, .L11+4
 155 004c 1B68     		ldr	r3, [r3]
 156 004e 196A     		ldr	r1, [r3, #32]
 157 0050 41F21112 		movw	r2, #4369
 158 0054 1142     		tst	r1, r2
 159 0056 08D1     		bne	.L9
 160              		.loc 1 37 5 discriminator 1 view .LVU34
 161 0058 196A     		ldr	r1, [r3, #32]
 162 005a 40F24442 		movw	r2, #1092
 163 005e 1142     		tst	r1, r2
 164 0060 03D1     		bne	.L9
 165              		.loc 1 37 5 discriminator 3 view .LVU35
 166 0062 1A68     		ldr	r2, [r3]
 167 0064 22F00102 		bic	r2, r2, #1
 168 0068 1A60     		str	r2, [r3]
 169              	.L9:
 170              		.loc 1 37 5 discriminator 5 view .LVU36
  38:wave/measure.c ****     high_time = count_10*10 + __HAL_TIM_GetCounter(&htim3)/100;  //计算高电平时间
 171              		.loc 1 38 5 discriminator 5 view .LVU37
 172              		.loc 1 38 25 is_stmt 0 discriminator 5 view .LVU38
 173 006a 124B     		ldr	r3, .L11+8
 174 006c 1878     		ldrb	r0, [r3]	@ zero_extendqisi2
 175 006e 00EB8003 		add	r3, r0, r0, lsl #2
 176              		.loc 1 38 31 discriminator 5 view .LVU39
 177 0072 0F4A     		ldr	r2, .L11+4
 178 0074 1268     		ldr	r2, [r2]
 179 0076 506A     		ldr	r0, [r2, #36]
 180              		.loc 1 38 59 discriminator 5 view .LVU40
 181 0078 0F4A     		ldr	r2, .L11+12
 182 007a A2FB0020 		umull	r2, r0, r2, r0
 183 007e 4009     		lsrs	r0, r0, #5
 184              		.loc 1 38 29 discriminator 5 view .LVU41
 185 0080 00EB4300 		add	r0, r0, r3, lsl #1
 186              		.loc 1 38 15 discriminator 5 view .LVU42
 187 0084 0D4B     		ldr	r3, .L11+16
 188 0086 1860     		str	r0, [r3]
  39:wave/measure.c ****     distance = high_time * 17;  //计算距离
 189              		.loc 1 39 5 is_stmt 1 discriminator 5 view .LVU43
 190              		.loc 1 39 14 is_stmt 0 discriminator 5 view .LVU44
 191 0088 0D4C     		ldr	r4, .L11+20
 192 008a 00EB0010 		add	r0, r0, r0, lsl #4
ARM GAS  C:\Users\Lenovo\AppData\Local\Temp\ccjzIEjo.s 			page 5


 193 008e FFF7FEFF 		bl	__aeabi_ui2f
 194              	.LVL6:
 195 0092 2060     		str	r0, [r4]	@ float
  40:wave/measure.c ****     xQueueSendToFrontFromISR(HIGH_RxPort, &distance, 0);
 196              		.loc 1 40 5 is_stmt 1 discriminator 5 view .LVU45
 197 0094 0123     		movs	r3, #1
 198 0096 0022     		movs	r2, #0
 199 0098 2146     		mov	r1, r4
 200 009a 0A48     		ldr	r0, .L11+24
 201 009c 0068     		ldr	r0, [r0]
 202 009e FFF7FEFF 		bl	xQueueGenericSendFromISR
 203              	.LVL7:
  41:wave/measure.c ****     // else xQueueSendToFrontFromISR(HIGH_RxPort, &distance, 0);
  42:wave/measure.c ****     last_distance = distance;
 204              		.loc 1 42 5 discriminator 5 view .LVU46
 205              		.loc 1 42 19 is_stmt 0 discriminator 5 view .LVU47
 206 00a2 2268     		ldr	r2, [r4]	@ float
 207 00a4 084B     		ldr	r3, .L11+28
 208 00a6 1A60     		str	r2, [r3]	@ float
  43:wave/measure.c ****          	
  44:wave/measure.c **** }
 209              		.loc 1 44 1 discriminator 5 view .LVU48
 210 00a8 10BD     		pop	{r4, pc}
 211              	.L12:
 212 00aa 00BF     		.align	2
 213              	.L11:
 214 00ac 000C0140 		.word	1073810432
 215 00b0 00000000 		.word	htim3
 216 00b4 00000000 		.word	.LANCHOR0
 217 00b8 1F85EB51 		.word	1374389535
 218 00bc 00000000 		.word	.LANCHOR1
 219 00c0 00000000 		.word	.LANCHOR2
 220 00c4 00000000 		.word	HIGH_RxPort
 221 00c8 00000000 		.word	.LANCHOR3
 222              		.cfi_endproc
 223              	.LFE130:
 225              		.section	.text.HAL_TIM_IC_CaptureCallback,"ax",%progbits
 226              		.align	1
 227              		.global	HAL_TIM_IC_CaptureCallback
 228              		.syntax unified
 229              		.thumb
 230              		.thumb_func
 232              	HAL_TIM_IC_CaptureCallback:
 233              	.LVL8:
 234              	.LFB131:
  45:wave/measure.c ****  
  46:wave/measure.c **** //中断回调函数
  47:wave/measure.c **** void HAL_TIM_IC_CaptureCallback(TIM_HandleTypeDef *htim)
  48:wave/measure.c **** {
 235              		.loc 1 48 1 is_stmt 1 view -0
 236              		.cfi_startproc
 237              		@ args = 0, pretend = 0, frame = 0
 238              		@ frame_needed = 0, uses_anonymous_args = 0
 239              		@ link register save eliminated.
  49:wave/measure.c **** 	if(htim == &htim3)// 判断触发的中断的定时器为TIM3
 240              		.loc 1 49 2 view .LVU50
 241              		.loc 1 49 4 is_stmt 0 view .LVU51
ARM GAS  C:\Users\Lenovo\AppData\Local\Temp\ccjzIEjo.s 			page 6


 242 0000 044B     		ldr	r3, .L16
 243 0002 8342     		cmp	r3, r0
 244 0004 00D0     		beq	.L15
 245              	.L13:
  50:wave/measure.c **** 	{
  51:wave/measure.c **** 		count_10++;
  52:wave/measure.c **** 	}
  53:wave/measure.c **** 
  54:wave/measure.c ****   // if(htim==&htim2)
  55:wave/measure.c ****   // {
  56:wave/measure.c ****     // if(finish==1)second++;
  57:wave/measure.c ****     // if(second==3)finish=2;
  58:wave/measure.c ****   // }
  59:wave/measure.c **** }...
 246              		.loc 1 59 1 view .LVU52
 247 0006 7047     		bx	lr
 248              	.L15:
  51:wave/measure.c **** 		count_10++;
 249              		.loc 1 51 3 is_stmt 1 view .LVU53
  51:wave/measure.c **** 		count_10++;
 250              		.loc 1 51 11 is_stmt 0 view .LVU54
 251 0008 034A     		ldr	r2, .L16+4
 252 000a 1378     		ldrb	r3, [r2]	@ zero_extendqisi2
 253 000c 0133     		adds	r3, r3, #1
 254 000e 1370     		strb	r3, [r2]
 255              		.loc 1 59 1 view .LVU55
 256 0010 F9E7     		b	.L13
 257              	.L17:
 258 0012 00BF     		.align	2
 259              	.L16:
 260 0014 00000000 		.word	htim3
 261 0018 00000000 		.word	.LANCHOR0
 262              		.cfi_endproc
 263              	.LFE131:
 265              		.global	high_time
 266              		.global	Cnt
 267              		.global	Buf
 268              		.global	second
 269              		.global	count_10
 270              		.global	last_distance
 271              		.global	distance
 272              		.section	.bss.Buf,"aw",%nobits
 273              		.align	2
 276              	Buf:
 277 0000 00000000 		.space	12
 277      00000000 
 277      00000000 
 278              		.section	.bss.Cnt,"aw",%nobits
 281              	Cnt:
 282 0000 00       		.space	1
 283              		.section	.bss.count_10,"aw",%nobits
 284              		.set	.LANCHOR0,. + 0
 287              	count_10:
 288 0000 00       		.space	1
 289              		.section	.bss.distance,"aw",%nobits
 290              		.align	2
 291              		.set	.LANCHOR2,. + 0
ARM GAS  C:\Users\Lenovo\AppData\Local\Temp\ccjzIEjo.s 			page 7


 294              	distance:
 295 0000 00000000 		.space	4
 296              		.section	.bss.high_time,"aw",%nobits
 297              		.align	2
 298              		.set	.LANCHOR1,. + 0
 301              	high_time:
 302 0000 00000000 		.space	4
 303              		.section	.bss.last_distance,"aw",%nobits
 304              		.align	2
 305              		.set	.LANCHOR3,. + 0
 308              	last_distance:
 309 0000 00000000 		.space	4
 310              		.section	.bss.second,"aw",%nobits
 313              	second:
 314 0000 00       		.space	1
 315              		.text
 316              	.Letext0:
 317              		.file 2 "d:\\gnu arm embedded toolchain\\10 2021.10\\arm-none-eabi\\include\\machine\\_default_typ
 318              		.file 3 "d:\\gnu arm embedded toolchain\\10 2021.10\\arm-none-eabi\\include\\sys\\_stdint.h"
 319              		.file 4 "Drivers/CMSIS/Device/ST/STM32F1xx/Include/stm32f103xb.h"
 320              		.file 5 "Drivers/STM32F1xx_HAL_Driver/Inc/stm32f1xx_hal_def.h"
 321              		.file 6 "Drivers/STM32F1xx_HAL_Driver/Inc/stm32f1xx_hal_gpio.h"
 322              		.file 7 "Drivers/STM32F1xx_HAL_Driver/Inc/stm32f1xx_hal_dma.h"
 323              		.file 8 "Drivers/STM32F1xx_HAL_Driver/Inc/stm32f1xx_hal_tim.h"
 324              		.file 9 "Core/Inc/tim.h"
 325              		.file 10 "Middlewares/Third_Party/FreeRTOS/Source/portable/GCC/ARM_CM3/portmacro.h"
 326              		.file 11 "Middlewares/Third_Party/FreeRTOS/Source/include/queue.h"
 327              		.file 12 "application/data_pool.h"
 328              		.file 13 "wave/measure.h"
ARM GAS  C:\Users\Lenovo\AppData\Local\Temp\ccjzIEjo.s 			page 8


DEFINED SYMBOLS
                            *ABS*:00000000 measure.c
C:\Users\Lenovo\AppData\Local\Temp\ccjzIEjo.s:18     .text.delay_us:00000000 $t
C:\Users\Lenovo\AppData\Local\Temp\ccjzIEjo.s:24     .text.delay_us:00000000 delay_us
C:\Users\Lenovo\AppData\Local\Temp\ccjzIEjo.s:75     .text.delay_us:00000038 $d
C:\Users\Lenovo\AppData\Local\Temp\ccjzIEjo.s:81     .text.HCSR04_GetData:00000000 $t
C:\Users\Lenovo\AppData\Local\Temp\ccjzIEjo.s:87     .text.HCSR04_GetData:00000000 HCSR04_GetData
C:\Users\Lenovo\AppData\Local\Temp\ccjzIEjo.s:214    .text.HCSR04_GetData:000000ac $d
C:\Users\Lenovo\AppData\Local\Temp\ccjzIEjo.s:226    .text.HAL_TIM_IC_CaptureCallback:00000000 $t
C:\Users\Lenovo\AppData\Local\Temp\ccjzIEjo.s:232    .text.HAL_TIM_IC_CaptureCallback:00000000 HAL_TIM_IC_CaptureCallback
C:\Users\Lenovo\AppData\Local\Temp\ccjzIEjo.s:260    .text.HAL_TIM_IC_CaptureCallback:00000014 $d
C:\Users\Lenovo\AppData\Local\Temp\ccjzIEjo.s:301    .bss.high_time:00000000 high_time
C:\Users\Lenovo\AppData\Local\Temp\ccjzIEjo.s:281    .bss.Cnt:00000000 Cnt
C:\Users\Lenovo\AppData\Local\Temp\ccjzIEjo.s:276    .bss.Buf:00000000 Buf
C:\Users\Lenovo\AppData\Local\Temp\ccjzIEjo.s:313    .bss.second:00000000 second
C:\Users\Lenovo\AppData\Local\Temp\ccjzIEjo.s:287    .bss.count_10:00000000 count_10
C:\Users\Lenovo\AppData\Local\Temp\ccjzIEjo.s:308    .bss.last_distance:00000000 last_distance
C:\Users\Lenovo\AppData\Local\Temp\ccjzIEjo.s:294    .bss.distance:00000000 distance
C:\Users\Lenovo\AppData\Local\Temp\ccjzIEjo.s:273    .bss.Buf:00000000 $d
C:\Users\Lenovo\AppData\Local\Temp\ccjzIEjo.s:282    .bss.Cnt:00000000 $d
C:\Users\Lenovo\AppData\Local\Temp\ccjzIEjo.s:288    .bss.count_10:00000000 $d
C:\Users\Lenovo\AppData\Local\Temp\ccjzIEjo.s:290    .bss.distance:00000000 $d
C:\Users\Lenovo\AppData\Local\Temp\ccjzIEjo.s:297    .bss.high_time:00000000 $d
C:\Users\Lenovo\AppData\Local\Temp\ccjzIEjo.s:304    .bss.last_distance:00000000 $d
C:\Users\Lenovo\AppData\Local\Temp\ccjzIEjo.s:314    .bss.second:00000000 $d

UNDEFINED SYMBOLS
htim1
__aeabi_ui2f
HAL_GPIO_WritePin
HAL_GPIO_ReadPin
xQueueGenericSendFromISR
htim3
HIGH_RxPort
